V2 Config: hparam_large_batch, device=cpu, updates=200
  envs=2, rollout_steps=64, opponent=apex
  OrbitNet params: 517,891
  MixedScheduler: 4p_prob=0.0, rule_based=0.5->0.1 over 1000 updates
[kaggle_environments.envs.open_spiel_env.open_spiel_env] INFO: Successfully loaded OpenSpiel environments: 19.
[kaggle_environments.envs.open_spiel_env.open_spiel_env] INFO:    open_spiel_amazons
[kaggle_environments.envs.open_spiel_env.open_spiel_env] INFO:    open_spiel_backgammon
[kaggle_environments.envs.open_spiel_env.open_spiel_env] INFO:    open_spiel_checkers
[kaggle_environments.envs.open_spiel_env.open_spiel_env] INFO:    open_spiel_chess
[kaggle_environments.envs.open_spiel_env.open_spiel_env] INFO:    open_spiel_connect_four
[kaggle_environments.envs.open_spiel_env.open_spiel_env] INFO:    open_spiel_dark_hex
[kaggle_environments.envs.open_spiel_env.open_spiel_env] INFO:    open_spiel_gin_rummy
[kaggle_environments.envs.open_spiel_env.open_spiel_env] INFO:    open_spiel_go
[kaggle_environments.envs.open_spiel_env.open_spiel_env] INFO:    open_spiel_goofspiel
[kaggle_environments.envs.open_spiel_env.open_spiel_env] INFO:    open_spiel_hearts
[kaggle_environments.envs.open_spiel_env.open_spiel_env] INFO:    open_spiel_hex
[kaggle_environments.envs.open_spiel_env.open_spiel_env] INFO:    open_spiel_matching_pennies_3p
[kaggle_environments.envs.open_spiel_env.open_spiel_env] INFO:    open_spiel_othello
[kaggle_environments.envs.open_spiel_env.open_spiel_env] INFO:    open_spiel_repeated_game
[kaggle_environments.envs.open_spiel_env.open_spiel_env] INFO:    open_spiel_tic_tac_toe
[kaggle_environments.envs.open_spiel_env.open_spiel_env] INFO:    open_spiel_y
[kaggle_environments.envs.open_spiel_env.open_spiel_env] INFO:    open_spiel_universal_poker
[kaggle_environments.envs.open_spiel_env.open_spiel_env] INFO:    open_spiel_repeated_poker
[kaggle_environments.envs.open_spiel_env.open_spiel_env] INFO:    open_spiel_python_repeated_pokerkit
[kaggle_environments.envs.open_spiel_env.open_spiel_env] INFO: OpenSpiel games skipped: 1.
[kaggle_environments.envs.open_spiel_env.open_spiel_env] INFO:    snake

=== PPO training (updates 1..200, 200 remaining) ===
update=   1  reward=+0.000  eps=0  samples=128  loss=-0.0688  ploss=-0.0002  vloss=0.0344  ent=2.860  dt=11.0s  total=11s
update=   2  reward=-5.590  eps=1  samples=128  loss=0.0961  ploss=-0.0002  vloss=0.3782  ent=3.094  dt=7.8s  total=19s
update=   3  reward=+0.000  eps=0  samples=128  loss=-0.2184  ploss=-0.0009  vloss=0.0043  ent=7.323  dt=9.1s  total=28s
update=   4  reward=+0.000  eps=0  samples=128  loss=-0.2639  ploss=-0.0003  vloss=0.1033  ent=10.505  dt=15.7s  total=44s
update=   5  reward=+0.000  eps=0  samples=128  loss=-0.5667  ploss=-0.0015  vloss=0.0829  ent=20.219  dt=31.2s  total=75s
update=   6  reward=+0.000  eps=0  samples=128  loss=-0.5869  ploss=-0.0026  vloss=0.3297  ent=24.972  dt=37.9s  total=113s
update=   7  reward=+0.000  eps=0  samples=128  loss=-0.6995  ploss=-0.0008  vloss=0.1946  ent=26.533  dt=40.5s  total=153s
update=   8  reward=-4.552  eps=1  samples=128  loss=-0.7820  ploss=-0.0015  vloss=0.1767  ent=28.962  dt=46.9s  total=200s
update=   9  reward=+0.000  eps=0  samples=128  loss=-0.9103  ploss=0.0002  vloss=0.1750  ent=33.269  dt=40.3s  total=240s
update=  10  reward=-3.219  eps=2  samples=128  loss=-0.1385  ploss=-0.0008  vloss=0.7324  ent=16.796  dt=16.9s  total=257s
update=  11  reward=+0.000  eps=0  samples=128  loss=-0.4237  ploss=-0.0005  vloss=0.0362  ent=14.712  dt=12.8s  total=270s
update=  12  reward=+0.000  eps=0  samples=128  loss=-0.8687  ploss=-0.0002  vloss=0.1570  ent=31.565  dt=23.4s  total=293s
update=  13  reward=+0.000  eps=0  samples=128  loss=-1.3392  ploss=-0.0003  vloss=0.2383  ent=48.603  dt=29.8s  total=323s
update=  14  reward=+0.000  eps=0  samples=128  loss=-1.5971  ploss=-0.0005  vloss=0.3173  ent=58.509  dt=30.5s  total=354s
update=  15  reward=+0.000  eps=0  samples=128  loss=-1.4851  ploss=-0.0005  vloss=0.3219  ent=54.853  dt=27.8s  total=382s
update=  16  reward=+0.000  eps=0  samples=128  loss=-1.7017  ploss=0.0000  vloss=0.1084  ent=58.531  dt=26.3s  total=408s
update=  17  reward=+0.000  eps=0  samples=128  loss=-1.7093  ploss=-0.0001  vloss=0.2182  ent=60.609  dt=23.1s  total=431s
update=  18  reward=+0.479  eps=2  samples=128  loss=-0.4716  ploss=-0.0001  vloss=0.0659  ent=16.816  dt=40.6s  total=471s
update=  19  reward=-7.569  eps=1  samples=128  loss=0.8452  ploss=-0.0000  vloss=1.7458  ent=0.922  dt=19.7s  total=491s
update=  20  reward=-4.400  eps=1  samples=128  loss=0.4447  ploss=-0.0000  vloss=1.0517  ent=2.705  dt=22.3s  total=513s
update=  21  reward=-11.646  eps=1  samples=128  loss=0.6834  ploss=0.0000  vloss=1.6754  ent=5.143  dt=17.1s  total=531s
update=  22  reward=+0.000  eps=0  samples=128  loss=-0.3032  ploss=-0.0001  vloss=0.0388  ent=10.748  dt=26.9s  total=558s
update=  23  reward=-5.418  eps=1  samples=128  loss=-0.0951  ploss=-0.0001  vloss=0.4400  ent=10.501  dt=15.4s  total=573s
update=  24  reward=+0.000  eps=0  samples=128  loss=-0.5353  ploss=-0.0003  vloss=0.0677  ent=18.960  dt=15.6s  total=589s
update=  25  reward=+0.000  eps=0  samples=128  loss=-0.5871  ploss=-0.0002  vloss=0.1717  ent=22.422  dt=20.7s  total=609s
update=  26  reward=+0.000  eps=0  samples=128  loss=-0.7064  ploss=-0.0002  vloss=0.1204  ent=25.549  dt=21.6s  total=631s
update=  27  reward=+0.000  eps=0  samples=128  loss=-0.7865  ploss=-0.0004  vloss=0.1608  ent=28.883  dt=21.9s  total=653s
update=  28  reward=+0.660  eps=1  samples=128  loss=-0.0344  ploss=0.0001  vloss=0.3921  ent=7.686  dt=30.6s  total=683s
update=  29  reward=-8.854  eps=1  samples=128  loss=0.2480  ploss=-0.0002  vloss=0.9419  ent=7.424  dt=23.4s  total=707s
update=  30  reward=+0.000  eps=0  samples=128  loss=-0.2157  ploss=-0.0015  vloss=0.0582  ent=8.109  dt=34.3s  total=741s
update=  31  reward=-0.626  eps=1  samples=128  loss=0.0025  ploss=-0.0000  vloss=0.2837  ent=4.645  dt=18.0s  total=759s
update=  32  reward=-1.710  eps=1  samples=128  loss=-0.2369  ploss=-0.0002  vloss=0.0416  ent=8.584  dt=8.9s  total=768s
update=  33  reward=+0.000  eps=0  samples=128  loss=-0.7584  ploss=-0.0009  vloss=0.1358  ent=27.512  dt=18.0s  total=786s
update=  34  reward=+0.000  eps=0  samples=128  loss=-0.9695  ploss=-0.0006  vloss=0.3152  ent=37.551  dt=22.7s  total=809s
update=  35  reward=+0.000  eps=0  samples=128  loss=-1.1634  ploss=-0.0017  vloss=0.4899  ent=46.887  dt=25.5s  total=834s
update=  36  reward=+0.000  eps=0  samples=128  loss=-1.1386  ploss=-0.0005  vloss=0.7015  ent=49.627  dt=24.8s  total=859s
update=  37  reward=+0.000  eps=0  samples=128  loss=-1.2637  ploss=0.0006  vloss=0.4006  ent=48.820  dt=24.0s  total=883s
update=  38  reward=+0.000  eps=0  samples=128  loss=-1.2735  ploss=-0.0025  vloss=0.3779  ent=48.665  dt=22.2s  total=905s
update=  39  reward=+0.076  eps=2  samples=128  loss=-0.2845  ploss=-0.0061  vloss=0.0279  ent=9.744  dt=13.5s  total=919s
update=  40  reward=+0.000  eps=0  samples=128  loss=-0.0486  ploss=0.0009  vloss=0.1012  ent=3.335  dt=17.8s  total=936s
update=  41  reward=+0.000  eps=0  samples=128  loss=0.0292  ploss=-0.0025  vloss=0.3963  ent=5.548  dt=14.4s  total=951s
update=  42  reward=-1.142  eps=1  samples=128  loss=-0.4510  ploss=-0.0002  vloss=0.1678  ent=17.823  dt=30.5s  total=981s
update=  43  reward=-8.854  eps=1  samples=128  loss=-0.5172  ploss=-0.0047  vloss=0.6008  ent=27.097  dt=28.9s  total=1010s
update=  44  reward=+0.000  eps=0  samples=128  loss=-0.8783  ploss=0.0017  vloss=0.0938  ent=30.895  dt=38.9s  total=1049s
update=  45  reward=-5.850  eps=1  samples=128  loss=-0.6644  ploss=-0.0048  vloss=0.1850  ent=25.070  dt=24.5s  total=1074s
update=  46  reward=-2.554  eps=1  samples=128  loss=-0.7719  ploss=-0.0024  vloss=0.0533  ent=26.537  dt=27.4s  total=1101s
update=  47  reward=+0.000  eps=0  samples=128  loss=-0.2917  ploss=-0.0016  vloss=0.0263  ent=10.109  dt=21.1s  total=1122s
update=  48  reward=+0.000  eps=0  samples=128  loss=-0.5259  ploss=-0.0006  vloss=0.0456  ent=18.267  dt=29.1s  total=1151s
update=  49  reward=+0.000  eps=0  samples=128  loss=-0.8877  ploss=-0.0015  vloss=0.1339  ent=31.772  dt=39.4s  total=1191s
update=  50  reward=+0.000  eps=0  samples=128  loss=-0.8796  ploss=0.0012  vloss=0.1795  ent=32.350  dt=38.9s  total=1230s
update=  51  reward=+0.000  eps=0  samples=128  loss=-0.9132  ploss=-0.0016  vloss=0.1738  ent=33.282  dt=37.0s  total=1267s
update=  52  reward=-6.972  eps=1  samples=128  loss=-0.8525  ploss=0.0004  vloss=0.3682  ent=34.566  dt=32.9s  total=1299s
update=  53  reward=+0.000  eps=0  samples=128  loss=-0.9701  ploss=-0.0023  vloss=0.0489  ent=33.074  dt=15.9s  total=1315s
update=  54  reward=+1.742  eps=1  samples=128  loss=-0.7342  ploss=-0.0082  vloss=0.0766  ent=25.477  dt=21.2s  total=1337s
update=  55  reward=+0.000  eps=0  samples=128  loss=-0.2411  ploss=-0.0015  vloss=0.4704  ent=15.827  dt=20.0s  total=1357s
update=  56  reward=-1.000  eps=1  samples=128  loss=-0.6422  ploss=-0.0007  vloss=0.0660  ent=22.483  dt=16.6s  total=1373s
update=  57  reward=+0.000  eps=0  samples=128  loss=-1.1394  ploss=-0.0067  vloss=0.0301  ent=38.257  dt=29.5s  total=1403s
update=  58  reward=+0.000  eps=0  samples=128  loss=-1.4111  ploss=-0.0032  vloss=0.1711  ent=49.783  dt=34.7s  total=1437s
update=  59  reward=+0.000  eps=0  samples=128  loss=-1.5237  ploss=0.0013  vloss=0.3886  ent=57.309  dt=32.3s  total=1470s
update=  60  reward=+3.150  eps=1  samples=128  loss=-1.5492  ploss=-0.0020  vloss=0.0875  ent=53.032  dt=25.7s  total=1495s
update=  61  reward=+0.000  eps=0  samples=128  loss=-0.9793  ploss=-0.0005  vloss=0.3369  ent=38.241  dt=19.0s  total=1515s
update=  62  reward=+0.000  eps=0  samples=128  loss=-1.0630  ploss=-0.0051  vloss=0.4550  ent=42.845  dt=25.4s  total=1540s
update=  63  reward=+6.182  eps=1  samples=128  loss=-0.9998  ploss=-0.0082  vloss=0.3017  ent=38.083  dt=25.7s  total=1566s
update=  64  reward=+0.000  eps=0  samples=128  loss=-0.3268  ploss=-0.0016  vloss=0.3013  ent=15.864  dt=19.5s  total=1585s
update=  65  reward=+0.000  eps=0  samples=128  loss=-0.5412  ploss=-0.0113  vloss=0.2423  ent=21.702  dt=23.9s  total=1609s
update=  66  reward=+0.000  eps=0  samples=128  loss=-0.6599  ploss=-0.0037  vloss=0.1304  ent=24.045  dt=26.6s  total=1636s
update=  67  reward=+0.000  eps=0  samples=128  loss=-0.6818  ploss=0.0001  vloss=0.2250  ent=26.480  dt=27.0s  total=1663s
update=  68  reward=+1.086  eps=1  samples=128  loss=-0.4002  ploss=-0.0066  vloss=0.1744  ent=16.027  dt=25.7s  total=1688s
update=  69  reward=+0.000  eps=0  samples=128  loss=0.0440  ploss=-0.0079  vloss=0.4735  ent=6.162  dt=22.1s  total=1710s
update=  70  reward=-4.825  eps=1  samples=128  loss=0.1760  ploss=0.0013  vloss=0.4647  ent=1.922  dt=12.6s  total=1723s
update=  71  reward=-4.616  eps=1  samples=128  loss=0.0094  ploss=0.0002  vloss=0.1559  ent=2.288  dt=8.0s  total=1731s
update=  72  reward=+0.000  eps=0  samples=128  loss=-0.1823  ploss=-0.0017  vloss=0.0642  ent=7.089  dt=10.4s  total=1742s
update=  73  reward=+0.000  eps=0  samples=128  loss=-0.5484  ploss=-0.0012  vloss=0.0344  ent=18.814  dt=23.0s  total=1765s
update=  74  reward=+0.000  eps=0  samples=128  loss=-0.8136  ploss=-0.0053  vloss=0.0487  ent=27.756  dt=28.8s  total=1793s
update=  75  reward=+0.000  eps=0  samples=128  loss=-0.9023  ploss=-0.0018  vloss=0.0404  ent=30.690  dt=34.1s  total=1827s
update=  76  reward=+0.000  eps=0  samples=128  loss=-0.8090  ploss=-0.0114  vloss=0.0295  ent=27.079  dt=33.3s  total=1861s
update=  77  reward=+0.000  eps=0  samples=128  loss=-0.8127  ploss=-0.0107  vloss=0.0359  ent=27.333  dt=31.2s  total=1892s
update=  78  reward=-0.960  eps=1  samples=128  loss=-0.6616  ploss=-0.0014  vloss=0.3719  ent=28.206  dt=19.7s  total=1912s
update=  79  reward=+1.326  eps=1  samples=128  loss=-0.1887  ploss=-0.0028  vloss=0.1012  ent=7.885  dt=24.5s  total=1936s
update=  80  reward=-4.696  eps=1  samples=128  loss=-0.2745  ploss=-0.0003  vloss=0.2839  ent=13.871  dt=16.9s  total=1953s
update=  81  reward=+0.000  eps=0  samples=128  loss=-0.9239  ploss=-0.0121  vloss=0.1033  ent=32.113  dt=23.9s  total=1977s
update=  82  reward=+0.000  eps=0  samples=128  loss=-1.4449  ploss=-0.0083  vloss=0.0462  ent=48.655  dt=34.3s  total=2011s
update=  83  reward=+0.000  eps=0  samples=128  loss=-1.6430  ploss=-0.0084  vloss=0.0182  ent=54.789  dt=35.6s  total=2047s
update=  84  reward=+0.000  eps=0  samples=128  loss=-1.8701  ploss=-0.0141  vloss=0.0601  ent=62.869  dt=38.8s  total=2086s
update=  85  reward=+0.000  eps=0  samples=128  loss=-1.8815  ploss=0.0059  vloss=0.0831  ent=64.297  dt=38.0s  total=2123s
update=  86  reward=+1.000  eps=1  samples=128  loss=-1.1231  ploss=-0.0092  vloss=0.3822  ent=43.500  dt=39.3s  total=2163s
update=  87  reward=-10.242  eps=1  samples=128  loss=-1.1289  ploss=-0.0014  vloss=0.7298  ent=49.747  dt=26.3s  total=2189s
update=  88  reward=+1.782  eps=1  samples=128  loss=-0.1071  ploss=-0.0002  vloss=0.4418  ent=10.926  dt=37.0s  total=2226s
update=  89  reward=+0.000  eps=0  samples=128  loss=0.4106  ploss=0.0025  vloss=1.0114  ent=3.255  dt=18.0s  total=2244s
update=  90  reward=-5.392  eps=2  samples=128  loss=0.2601  ploss=0.0011  vloss=0.5711  ent=0.886  dt=22.3s  total=2266s
update=  91  reward=-7.936  eps=1  samples=128  loss=0.1183  ploss=-0.0007  vloss=0.3796  ent=2.360  dt=26.2s  total=2293s
update=  92  reward=-8.007  eps=1  samples=128  loss=0.2121  ploss=0.0082  vloss=0.5526  ent=2.412  dt=17.4s  total=2310s
update=  93  reward=+0.000  eps=0  samples=128  loss=-0.1876  ploss=0.0053  vloss=0.2201  ent=10.100  dt=9.8s  total=2320s
update=  94  reward=+0.000  eps=0  samples=128  loss=-0.6986  ploss=-0.0012  vloss=0.2040  ent=26.644  dt=22.6s  total=2342s
update=  95  reward=+0.000  eps=0  samples=128  loss=-1.2418  ploss=-0.0102  vloss=0.4089  ent=47.871  dt=27.3s  total=2370s
update=  96  reward=+0.000  eps=0  samples=128  loss=-1.5947  ploss=0.0026  vloss=0.3225  ent=58.616  dt=32.4s  total=2402s
update=  97  reward=+0.000  eps=0  samples=128  loss=-2.1567  ploss=-0.0019  vloss=0.0879  ent=73.292  dt=32.0s  total=2434s
update=  98  reward=+0.000  eps=0  samples=128  loss=-2.4374  ploss=-0.0096  vloss=0.2415  ent=84.950  dt=33.7s  total=2468s
update=  99  reward=+1.290  eps=1  samples=128  loss=-1.0541  ploss=-0.0013  vloss=0.1345  ent=37.334  dt=40.9s  total=2509s
update= 100  reward=+1.940  eps=1  samples=128  loss=-0.0124  ploss=-0.0007  vloss=1.0539  ent=17.954  dt=28.0s  total=2537s

  Running eval (10 games)...
    vs apex: W=0% L=100% T=0% (n=10)
    vs random: W=100% L=0% T=0% (n=10)

update= 101  reward=-3.870  eps=1  samples=128  loss=0.3331  ploss=-0.0061  vloss=0.8771  ent=3.310  dt=28.9s  total=5168s
update= 102  reward=-6.417  eps=1  samples=128  loss=0.1693  ploss=0.0005  vloss=0.4488  ent=1.853  dt=16.1s  total=5184s
update= 103  reward=-2.623  eps=1  samples=128  loss=-0.1232  ploss=-0.0025  vloss=0.0786  ent=5.332  dt=7.4s  total=5191s
update= 104  reward=+0.000  eps=0  samples=128  loss=-0.3245  ploss=0.0006  vloss=0.0476  ent=11.630  dt=10.7s  total=5202s
update= 105  reward=+0.000  eps=0  samples=128  loss=-0.3699  ploss=-0.0023  vloss=0.1120  ent=14.118  dt=17.1s  total=5219s
update= 106  reward=+0.000  eps=0  samples=128  loss=-0.2044  ploss=0.0010  vloss=0.1803  ent=9.852  dt=21.6s  total=5241s
update= 107  reward=+0.000  eps=0  samples=128  loss=-0.0523  ploss=-0.0002  vloss=0.1999  ent=5.067  dt=21.7s  total=5262s
update= 108  reward=+0.000  eps=0  samples=128  loss=0.2683  ploss=-0.0001  vloss=0.6962  ent=2.659  dt=20.0s  total=5282s
update= 109  reward=-4.362  eps=2  samples=128  loss=0.0894  ploss=-0.0001  vloss=0.2516  ent=1.212  dt=24.4s  total=5307s
update= 110  reward=+0.000  eps=0  samples=128  loss=0.0230  ploss=-0.0002  vloss=0.2373  ent=3.181  dt=13.4s  total=5320s
update= 111  reward=-5.977  eps=1  samples=128  loss=-0.0786  ploss=-0.0025  vloss=0.2066  ent=5.982  dt=8.8s  total=5329s
update= 112  reward=+0.000  eps=0  samples=128  loss=-0.4012  ploss=-0.0085  vloss=0.0785  ent=14.397  dt=16.2s  total=5345s
update= 113  reward=+0.000  eps=0  samples=128  loss=-0.6547  ploss=-0.0029  vloss=0.1002  ent=23.397  dt=22.3s  total=5367s
update= 114  reward=+0.000  eps=0  samples=128  loss=-0.9281  ploss=-0.0014  vloss=0.1255  ent=32.979  dt=26.7s  total=5394s
update= 115  reward=+0.000  eps=0  samples=128  loss=-1.0204  ploss=-0.0034  vloss=0.3696  ent=40.062  dt=32.7s  total=5427s
update= 116  reward=-7.128  eps=1  samples=128  loss=-1.1870  ploss=0.0013  vloss=0.2268  ent=43.388  dt=32.5s  total=5459s
update= 117  reward=+2.080  eps=1  samples=128  loss=-0.2429  ploss=-0.0030  vloss=0.5078  ent=16.463  dt=36.8s  total=5496s
update= 118  reward=+0.000  eps=0  samples=128  loss=0.2023  ploss=0.0003  vloss=0.7030  ent=4.980  dt=22.1s  total=5518s
update= 119  reward=-6.182  eps=2  samples=128  loss=0.2337  ploss=-0.0001  vloss=0.7286  ent=4.352  dt=13.8s  total=5532s
update= 120  reward=+0.000  eps=0  samples=128  loss=-0.0566  ploss=0.0003  vloss=0.6106  ent=12.074  dt=20.8s  total=5553s
update= 121  reward=-3.623  eps=1  samples=128  loss=-0.2471  ploss=0.0015  vloss=0.3315  ent=13.811  dt=33.6s  total=5586s
update= 122  reward=+0.000  eps=0  samples=128  loss=-0.0002  ploss=-0.0001  vloss=0.8633  ent=14.389  dt=32.1s  total=5618s
update= 123  reward=-6.358  eps=1  samples=128  loss=-0.1370  ploss=-0.0006  vloss=0.2590  ent=8.863  dt=20.2s  total=5639s
update= 124  reward=+0.000  eps=0  samples=128  loss=-0.4408  ploss=-0.0038  vloss=0.2437  ent=18.625  dt=26.9s  total=5665s
update= 125  reward=+0.000  eps=0  samples=128  loss=-0.6167  ploss=-0.0085  vloss=0.1019  ent=21.972  dt=31.0s  total=5696s
update= 126  reward=-2.376  eps=1  samples=128  loss=-0.4426  ploss=-0.0066  vloss=0.4384  ent=21.837  dt=34.5s  total=5731s
update= 127  reward=+0.000  eps=0  samples=128  loss=-0.6112  ploss=-0.0039  vloss=0.0914  ent=21.768  dt=38.4s  total=5769s
update= 128  reward=+0.000  eps=0  samples=128  loss=-0.5754  ploss=-0.0029  vloss=0.1071  ent=20.867  dt=31.7s  total=5801s
update= 129  reward=-3.531  eps=1  samples=128  loss=-0.5112  ploss=-0.0041  vloss=0.1871  ent=20.024  dt=25.0s  total=5826s
update= 130  reward=+0.000  eps=0  samples=128  loss=-0.6060  ploss=-0.0120  vloss=0.0275  ent=20.256  dt=24.4s  total=5850s
update= 131  reward=-1.208  eps=1  samples=128  loss=-0.0689  ploss=0.0018  vloss=0.0514  ent=3.212  dt=23.6s  total=5874s
update= 132  reward=-10.908  eps=1  samples=128  loss=0.2163  ploss=0.0001  vloss=0.5482  ent=1.932  dt=11.3s  total=5885s
update= 133  reward=+0.000  eps=0  samples=128  loss=-0.0202  ploss=0.0003  vloss=0.0804  ent=2.021  dt=10.2s  total=5895s
update= 134  reward=+0.000  eps=0  samples=128  loss=0.1191  ploss=-0.0002  vloss=0.3526  ent=1.900  dt=13.9s  total=5909s
update= 135  reward=-3.142  eps=1  samples=128  loss=-0.0613  ploss=-0.0002  vloss=0.1648  ent=4.784  dt=23.5s  total=5933s
update= 136  reward=+0.000  eps=0  samples=128  loss=-0.1000  ploss=-0.0016  vloss=0.2453  ent=7.371  dt=23.4s  total=5956s
update= 137  reward=-5.604  eps=1  samples=128  loss=-0.2208  ploss=-0.0011  vloss=0.1636  ent=10.052  dt=24.5s  total=5981s
update= 138  reward=+0.000  eps=0  samples=128  loss=-0.3545  ploss=-0.0023  vloss=0.0343  ent=12.313  dt=25.2s  total=6006s
update= 139  reward=+0.000  eps=0  samples=128  loss=-0.6051  ploss=-0.0038  vloss=0.0265  ent=20.483  dt=37.1s  total=6043s
update= 140  reward=-2.300  eps=1  samples=128  loss=-0.5109  ploss=-0.0009  vloss=0.1520  ent=19.533  dt=43.5s  total=6087s
update= 141  reward=+0.000  eps=0  samples=128  loss=-0.4021  ploss=-0.0045  vloss=0.0921  ent=14.790  dt=37.0s  total=6124s
update= 142  reward=-8.778  eps=1  samples=128  loss=-0.1028  ploss=-0.0005  vloss=0.3695  ent=9.567  dt=24.9s  total=6148s
update= 143  reward=+0.000  eps=0  samples=128  loss=-0.2624  ploss=-0.0014  vloss=0.1044  ent=10.440  dt=19.9s  total=6168s
update= 144  reward=+0.000  eps=0  samples=128  loss=-0.4559  ploss=0.0046  vloss=0.2158  ent=18.948  dt=24.9s  total=6193s
update= 145  reward=-0.920  eps=1  samples=128  loss=-0.4612  ploss=-0.0006  vloss=0.6957  ent=26.948  dt=28.0s  total=6221s
update= 146  reward=+0.000  eps=0  samples=128  loss=-0.5170  ploss=-0.0054  vloss=0.6789  ent=28.368  dt=20.1s  total=6241s
update= 147  reward=-2.332  eps=1  samples=128  loss=-0.9241  ploss=-0.0008  vloss=0.2023  ent=34.149  dt=28.6s  total=6270s
update= 148  reward=+0.000  eps=0  samples=128  loss=-0.8648  ploss=-0.0022  vloss=0.5712  ent=38.273  dt=24.6s  total=6295s
update= 149  reward=-2.181  eps=2  samples=128  loss=0.0422  ploss=0.0003  vloss=0.4118  ent=5.468  dt=27.9s  total=6322s
update= 150  reward=-11.942  eps=1  samples=128  loss=0.5009  ploss=-0.0001  vloss=1.0770  ent=1.251  dt=18.1s  total=6341s
update= 151  reward=-6.928  eps=1  samples=128  loss=0.1200  ploss=-0.0002  vloss=0.3048  ent=1.075  dt=23.8s  total=6364s
update= 152  reward=-8.061  eps=1  samples=128  loss=0.1057  ploss=0.0000  vloss=0.3553  ent=2.399  dt=20.4s  total=6385s
update= 153  reward=-8.478  eps=1  samples=128  loss=0.1219  ploss=-0.0000  vloss=0.4667  ent=3.714  dt=11.9s  total=6397s
update= 154  reward=+0.000  eps=0  samples=128  loss=-0.2005  ploss=0.0012  vloss=0.1864  ent=9.830  dt=11.4s  total=6408s
update= 155  reward=+0.000  eps=0  samples=128  loss=-0.4313  ploss=-0.0056  vloss=0.0442  ent=14.927  dt=22.2s  total=6430s
update= 156  reward=+0.000  eps=0  samples=128  loss=-0.6068  ploss=-0.0060  vloss=0.0561  ent=20.960  dt=27.7s  total=6458s
update= 157  reward=+0.000  eps=0  samples=128  loss=-0.5327  ploss=-0.0028  vloss=0.1385  ent=19.974  dt=30.5s  total=6488s
update= 158  reward=+0.000  eps=0  samples=128  loss=-0.3762  ploss=-0.0027  vloss=0.1804  ent=15.455  dt=30.8s  total=6519s
update= 159  reward=-6.696  eps=1  samples=128  loss=-0.1975  ploss=-0.0007  vloss=0.2872  ent=11.346  dt=33.4s  total=6553s
update= 160  reward=+0.000  eps=0  samples=128  loss=-0.2562  ploss=-0.0000  vloss=0.0430  ent=9.257  dt=36.7s  total=6589s
update= 161  reward=-2.547  eps=2  samples=128  loss=0.2706  ploss=-0.0000  vloss=0.7505  ent=3.486  dt=31.5s  total=6621s
update= 162  reward=-6.978  eps=1  samples=128  loss=0.1095  ploss=-0.0000  vloss=0.4012  ent=3.036  dt=11.1s  total=6632s
update= 163  reward=+0.000  eps=0  samples=128  loss=-0.1944  ploss=0.0000  vloss=0.0261  ent=6.914  dt=10.5s  total=6642s
update= 164  reward=+0.000  eps=0  samples=128  loss=-0.2281  ploss=-0.0000  vloss=0.0329  ent=8.152  dt=14.4s  total=6657s
update= 165  reward=+0.000  eps=0  samples=128  loss=-0.2708  ploss=-0.0002  vloss=0.0396  ent=9.678  dt=14.5s  total=6671s
update= 166  reward=+0.000  eps=0  samples=128  loss=-0.3463  ploss=-0.0005  vloss=0.1040  ent=13.261  dt=18.3s  total=6690s
update= 167  reward=+0.000  eps=0  samples=128  loss=-0.4163  ploss=-0.0057  vloss=0.0610  ent=14.702  dt=24.7s  total=6714s
update= 168  reward=-6.156  eps=1  samples=128  loss=-0.0978  ploss=-0.0021  vloss=0.6017  ent=13.217  dt=23.2s  total=6738s
update= 169  reward=+0.000  eps=0  samples=128  loss=-0.4088  ploss=-0.0070  vloss=0.0316  ent=13.920  dt=18.7s  total=6756s
update= 170  reward=-2.084  eps=1  samples=128  loss=-0.1942  ploss=0.0019  vloss=0.1384  ent=8.843  dt=27.4s  total=6784s
update= 171  reward=+0.000  eps=0  samples=128  loss=0.0829  ploss=0.0002  vloss=0.5845  ent=6.987  dt=19.7s  total=6803s
update= 172  reward=-4.332  eps=1  samples=128  loss=-0.0300  ploss=-0.0009  vloss=0.4695  ent=8.795  dt=22.8s  total=6826s
update= 173  reward=+0.000  eps=0  samples=128  loss=-0.2366  ploss=0.0017  vloss=0.4309  ent=15.126  dt=19.9s  total=6846s
update= 174  reward=-3.014  eps=1  samples=128  loss=-0.2691  ploss=-0.0047  vloss=0.5353  ent=17.734  dt=17.3s  total=6863s
update= 175  reward=+0.000  eps=0  samples=128  loss=-0.5820  ploss=-0.0025  vloss=0.0228  ent=19.697  dt=17.6s  total=6881s
update= 176  reward=+1.702  eps=1  samples=128  loss=-0.3564  ploss=0.0033  vloss=0.2670  ent=16.438  dt=23.7s  total=6905s
update= 177  reward=+0.000  eps=0  samples=128  loss=0.1354  ploss=-0.0001  vloss=0.4350  ent=2.733  dt=26.5s  total=6931s
update= 178  reward=-6.546  eps=1  samples=128  loss=0.1879  ploss=0.0000  vloss=0.4796  ent=1.732  dt=16.4s  total=6948s
update= 179  reward=+0.000  eps=0  samples=128  loss=0.2432  ploss=-0.0001  vloss=0.8339  ent=5.789  dt=16.4s  total=6964s
update= 180  reward=-2.210  eps=1  samples=128  loss=-0.2716  ploss=-0.0033  vloss=0.4553  ent=16.531  dt=14.7s  total=6979s
update= 181  reward=+0.000  eps=0  samples=128  loss=-0.8728  ploss=-0.0018  vloss=0.0871  ent=30.483  dt=22.5s  total=7001s
update= 182  reward=+0.000  eps=0  samples=128  loss=-1.4219  ploss=0.0014  vloss=0.1254  ent=49.532  dt=29.7s  total=7031s
update= 183  reward=+4.091  eps=1  samples=128  loss=-1.2307  ploss=0.0003  vloss=0.2821  ent=45.737  dt=44.3s  total=7075s
update= 184  reward=+0.000  eps=0  samples=128  loss=-0.9418  ploss=-0.0043  vloss=0.4459  ent=38.681  dt=42.1s  total=7117s
update= 185  reward=-7.424  eps=1  samples=128  loss=-0.9192  ploss=0.0015  vloss=0.5201  ent=39.360  dt=34.6s  total=7152s
update= 186  reward=+0.759  eps=1  samples=128  loss=0.2349  ploss=-0.0003  vloss=0.7833  ent=5.214  dt=13.5s  total=7166s
update= 187  reward=-1.304  eps=1  samples=128  loss=0.1203  ploss=0.0001  vloss=0.4090  ent=2.810  dt=22.1s  total=7188s
update= 188  reward=-8.812  eps=1  samples=128  loss=0.1144  ploss=0.0005  vloss=0.5202  ent=4.873  dt=17.3s  total=7205s
update= 189  reward=+0.000  eps=0  samples=128  loss=-0.1582  ploss=-0.0014  vloss=0.2340  ent=9.129  dt=24.4s  total=7229s
update= 190  reward=-8.790  eps=1  samples=128  loss=-0.0409  ploss=-0.0033  vloss=0.4787  ent=9.232  dt=29.6s  total=7259s
update= 191  reward=+0.000  eps=0  samples=128  loss=-0.1578  ploss=0.0002  vloss=0.2339  ent=9.164  dt=38.6s  total=7298s
update= 192  reward=-8.388  eps=1  samples=128  loss=-0.0111  ploss=-0.0007  vloss=0.4793  ent=8.334  dt=41.3s  total=7339s
update= 193  reward=+0.000  eps=0  samples=128  loss=-0.1447  ploss=-0.0031  vloss=0.0975  ent=6.346  dt=41.8s  total=7381s
update= 194  reward=-4.923  eps=2  samples=128  loss=0.2789  ploss=-0.0010  vloss=0.6401  ent=1.340  dt=9.4s  total=7390s
update= 195  reward=+0.000  eps=0  samples=128  loss=-0.0884  ploss=0.0003  vloss=0.3190  ent=8.274  dt=16.1s  total=7406s
update= 196  reward=-11.840  eps=1  samples=128  loss=-0.0287  ploss=-0.0005  vloss=0.8279  ent=14.737  dt=15.4s  total=7422s
update= 197  reward=+0.000  eps=0  samples=128  loss=-0.5426  ploss=-0.0013  vloss=0.2358  ent=21.972  dt=35.0s  total=7457s
update= 198  reward=-0.411  eps=2  samples=128  loss=-0.4633  ploss=-0.0014  vloss=0.7601  ent=28.066  dt=28.6s  total=7485s
update= 199  reward=+0.000  eps=0  samples=128  loss=0.4266  ploss=0.0001  vloss=1.0247  ent=2.860  dt=13.1s  total=7498s
update= 200  reward=-3.160  eps=1  samples=128  loss=0.0751  ploss=-0.0013  vloss=0.7419  ent=9.820  dt=35.2s  total=7534s

  Running eval (10 games)...
    vs apex: W=0% L=100% T=0% (n=10)
    vs random: W=100% L=0% T=0% (n=10)

  -> saved checkpoint at update 200

Training complete. Total time: 9073s
