V2 Config: hparam_baseline, device=cpu, updates=200
  envs=1, rollout_steps=32, opponent=apex
  OrbitNet params: 517,891
  MixedScheduler: 4p_prob=0.0, rule_based=0.5->0.1 over 1000 updates
[kaggle_environments.envs.open_spiel_env.open_spiel_env] INFO: Successfully loaded OpenSpiel environments: 19.
[kaggle_environments.envs.open_spiel_env.open_spiel_env] INFO:    open_spiel_amazons
[kaggle_environments.envs.open_spiel_env.open_spiel_env] INFO:    open_spiel_backgammon
[kaggle_environments.envs.open_spiel_env.open_spiel_env] INFO:    open_spiel_checkers
[kaggle_environments.envs.open_spiel_env.open_spiel_env] INFO:    open_spiel_chess
[kaggle_environments.envs.open_spiel_env.open_spiel_env] INFO:    open_spiel_connect_four
[kaggle_environments.envs.open_spiel_env.open_spiel_env] INFO:    open_spiel_dark_hex
[kaggle_environments.envs.open_spiel_env.open_spiel_env] INFO:    open_spiel_gin_rummy
[kaggle_environments.envs.open_spiel_env.open_spiel_env] INFO:    open_spiel_go
[kaggle_environments.envs.open_spiel_env.open_spiel_env] INFO:    open_spiel_goofspiel
[kaggle_environments.envs.open_spiel_env.open_spiel_env] INFO:    open_spiel_hearts
[kaggle_environments.envs.open_spiel_env.open_spiel_env] INFO:    open_spiel_hex
[kaggle_environments.envs.open_spiel_env.open_spiel_env] INFO:    open_spiel_matching_pennies_3p
[kaggle_environments.envs.open_spiel_env.open_spiel_env] INFO:    open_spiel_othello
[kaggle_environments.envs.open_spiel_env.open_spiel_env] INFO:    open_spiel_repeated_game
[kaggle_environments.envs.open_spiel_env.open_spiel_env] INFO:    open_spiel_tic_tac_toe
[kaggle_environments.envs.open_spiel_env.open_spiel_env] INFO:    open_spiel_y
[kaggle_environments.envs.open_spiel_env.open_spiel_env] INFO:    open_spiel_universal_poker
[kaggle_environments.envs.open_spiel_env.open_spiel_env] INFO:    open_spiel_repeated_poker
[kaggle_environments.envs.open_spiel_env.open_spiel_env] INFO:    open_spiel_python_repeated_pokerkit
[kaggle_environments.envs.open_spiel_env.open_spiel_env] INFO: OpenSpiel games skipped: 1.
[kaggle_environments.envs.open_spiel_env.open_spiel_env] INFO:    snake

=== PPO training (updates 1..200, 200 remaining) ===
update=   1  reward=+0.000  eps=0  samples=32  loss=-0.0556  ploss=-0.0004  vloss=0.0195  ent=2.165  dt=8.9s  total=9s
update=   2  reward=+0.000  eps=0  samples=32  loss=-0.1105  ploss=-0.0041  vloss=0.0773  ent=4.834  dt=5.1s  total=14s
update=   3  reward=+0.000  eps=0  samples=32  loss=0.1907  ploss=0.0000  vloss=0.4866  ent=1.754  dt=6.0s  total=20s
update=   4  reward=+0.000  eps=0  samples=32  loss=0.1430  ploss=-0.0001  vloss=0.3299  ent=0.730  dt=3.4s  total=23s
update=   5  reward=-1.112  eps=1  samples=32  loss=-0.0892  ploss=-0.0002  vloss=0.0150  ent=3.219  dt=3.5s  total=27s
update=   6  reward=+0.000  eps=0  samples=32  loss=-0.3307  ploss=-0.0030  vloss=0.0015  ent=10.948  dt=10.4s  total=37s
update=   7  reward=+0.000  eps=0  samples=32  loss=-0.5062  ploss=-0.0151  vloss=0.0058  ent=16.464  dt=12.7s  total=50s
update=   8  reward=+0.000  eps=0  samples=32  loss=-0.6876  ploss=-0.0102  vloss=0.0030  ent=22.629  dt=12.6s  total=63s
update=   9  reward=+0.000  eps=0  samples=32  loss=-0.8616  ploss=-0.0080  vloss=0.0085  ent=28.597  dt=16.6s  total=79s
update=  10  reward=+0.000  eps=0  samples=32  loss=-0.9705  ploss=-0.0017  vloss=0.0061  ent=32.394  dt=16.0s  total=95s
update=  11  reward=+0.000  eps=0  samples=32  loss=-1.0375  ploss=-0.0012  vloss=0.0076  ent=34.671  dt=15.7s  total=111s
update=  12  reward=+0.000  eps=0  samples=32  loss=-1.2144  ploss=-0.0020  vloss=0.0077  ent=40.541  dt=15.8s  total=127s
update=  13  reward=+0.000  eps=0  samples=32  loss=-1.3601  ploss=-0.0018  vloss=0.0073  ent=45.399  dt=16.4s  total=143s
update=  14  reward=+0.000  eps=0  samples=32  loss=-1.1877  ploss=-0.0064  vloss=0.0054  ent=39.467  dt=16.2s  total=159s
update=  15  reward=+0.000  eps=0  samples=32  loss=-1.2543  ploss=-0.0117  vloss=0.0166  ent=41.696  dt=16.0s  total=175s
update=  16  reward=+0.000  eps=0  samples=32  loss=-1.3531  ploss=0.0030  vloss=0.0402  ent=45.872  dt=16.8s  total=192s
update=  17  reward=+0.000  eps=0  samples=32  loss=-1.4208  ploss=-0.0043  vloss=0.0274  ent=47.675  dt=18.9s  total=211s
update=  18  reward=+0.000  eps=0  samples=32  loss=-1.4405  ploss=-0.0041  vloss=0.0074  ent=48.003  dt=25.8s  total=237s
update=  19  reward=+0.000  eps=0  samples=32  loss=-1.6689  ploss=-0.0052  vloss=0.0269  ent=55.905  dt=27.8s  total=265s
update=  20  reward=+1.376  eps=1  samples=32  loss=-0.9619  ploss=-0.0054  vloss=0.1589  ent=34.533  dt=24.5s  total=289s
update=  21  reward=+0.000  eps=0  samples=32  loss=-0.0515  ploss=-0.0010  vloss=0.0010  ent=1.700  dt=2.6s  total=292s
update=  22  reward=+0.000  eps=0  samples=32  loss=-0.0860  ploss=-0.0004  vloss=0.0003  ent=2.859  dt=3.1s  total=295s
update=  23  reward=+0.000  eps=0  samples=32  loss=-0.1459  ploss=-0.0009  vloss=0.0028  ent=4.880  dt=3.7s  total=299s
update=  24  reward=+0.000  eps=0  samples=32  loss=-0.2947  ploss=-0.0074  vloss=0.0250  ent=9.996  dt=8.0s  total=307s
update=  25  reward=+0.000  eps=0  samples=32  loss=-0.4335  ploss=-0.0116  vloss=0.1111  ent=15.915  dt=7.0s  total=314s
update=  26  reward=+0.000  eps=0  samples=32  loss=-0.5620  ploss=-0.0017  vloss=0.0465  ent=19.449  dt=14.5s  total=328s
update=  27  reward=+0.000  eps=0  samples=32  loss=-0.4345  ploss=-0.0025  vloss=0.0787  ent=15.712  dt=16.9s  total=345s
update=  28  reward=+0.000  eps=0  samples=32  loss=-0.3421  ploss=-0.0014  vloss=0.1130  ent=13.239  dt=14.7s  total=360s
update=  29  reward=+0.000  eps=0  samples=32  loss=-0.2701  ploss=-0.0002  vloss=0.0255  ent=9.421  dt=13.2s  total=373s
update=  30  reward=+0.000  eps=0  samples=32  loss=-0.1738  ploss=-0.0024  vloss=0.0773  ent=7.002  dt=12.8s  total=386s
update=  31  reward=+0.000  eps=0  samples=32  loss=-0.1115  ploss=0.0006  vloss=0.0914  ent=5.262  dt=13.2s  total=399s
update=  32  reward=+0.000  eps=0  samples=32  loss=-0.0629  ploss=-0.0024  vloss=0.0393  ent=2.673  dt=20.9s  total=420s
update=  33  reward=+0.000  eps=0  samples=32  loss=-0.0394  ploss=0.0005  vloss=0.0563  ent=2.270  dt=21.2s  total=441s
update=  34  reward=+0.000  eps=0  samples=32  loss=-0.0114  ploss=-0.0017  vloss=0.0205  ent=0.664  dt=22.1s  total=463s
update=  35  reward=+0.000  eps=0  samples=32  loss=0.2622  ploss=-0.0014  vloss=0.5351  ent=0.130  dt=21.9s  total=485s
update=  36  reward=-1.332  eps=1  samples=32  loss=0.0055  ploss=-0.0013  vloss=0.1295  ent=1.929  dt=26.3s  total=511s
update=  37  reward=+0.000  eps=0  samples=32  loss=-0.1938  ploss=-0.0002  vloss=0.0935  ent=8.009  dt=13.3s  total=525s
update=  38  reward=+0.000  eps=0  samples=32  loss=-0.1151  ploss=-0.0007  vloss=0.3375  ent=9.436  dt=15.2s  total=540s
update=  39  reward=+0.000  eps=0  samples=32  loss=0.5092  ploss=-0.0001  vloss=1.1169  ent=1.638  dt=7.9s  total=548s
update=  40  reward=-3.028  eps=1  samples=32  loss=0.0853  ploss=0.0000  vloss=0.2666  ent=1.600  dt=3.4s  total=551s
update=  41  reward=+0.000  eps=0  samples=32  loss=-0.2951  ploss=-0.0007  vloss=0.0328  ent=10.362  dt=11.4s  total=562s
update=  42  reward=+0.000  eps=0  samples=32  loss=-0.7167  ploss=-0.0012  vloss=0.0583  ent=24.823  dt=13.6s  total=576s
update=  43  reward=+0.000  eps=0  samples=32  loss=-0.9330  ploss=-0.0022  vloss=0.0518  ent=31.888  dt=15.0s  total=591s
update=  44  reward=+0.000  eps=0  samples=32  loss=-1.0470  ploss=0.0018  vloss=0.0678  ent=36.089  dt=16.0s  total=607s
update=  45  reward=+0.000  eps=0  samples=32  loss=-1.2320  ploss=0.0003  vloss=0.0891  ent=42.564  dt=10.0s  total=617s
update=  46  reward=+0.000  eps=0  samples=32  loss=-1.4454  ploss=-0.0017  vloss=0.0714  ent=49.312  dt=12.3s  total=629s
update=  47  reward=+0.000  eps=0  samples=32  loss=-1.5838  ploss=-0.0010  vloss=0.2280  ent=56.559  dt=14.9s  total=644s
update=  48  reward=+0.000  eps=0  samples=32  loss=-1.9255  ploss=-0.0014  vloss=0.0634  ent=65.192  dt=11.8s  total=656s
update=  49  reward=+0.000  eps=0  samples=32  loss=-1.8752  ploss=-0.0033  vloss=0.0735  ent=63.622  dt=20.6s  total=677s
update=  50  reward=+0.000  eps=0  samples=32  loss=-1.7991  ploss=-0.0009  vloss=0.3345  ent=65.516  dt=17.9s  total=694s
update=  51  reward=+0.000  eps=0  samples=32  loss=-2.1474  ploss=-0.0003  vloss=0.1963  ent=74.842  dt=16.5s  total=711s
update=  52  reward=+0.000  eps=0  samples=32  loss=-2.2446  ploss=-0.0071  vloss=0.0395  ent=75.241  dt=16.4s  total=727s
update=  53  reward=+0.000  eps=0  samples=32  loss=-1.9517  ploss=-0.0102  vloss=0.5570  ent=73.998  dt=13.3s  total=741s
update=  54  reward=+0.000  eps=0  samples=32  loss=-2.2290  ploss=-0.0075  vloss=0.2993  ent=79.039  dt=15.1s  total=756s
update=  55  reward=+1.840  eps=1  samples=32  loss=-1.8483  ploss=-0.0206  vloss=0.0839  ent=62.323  dt=15.3s  total=771s
update=  56  reward=+0.000  eps=0  samples=32  loss=-0.0409  ploss=-0.0004  vloss=0.0146  ent=1.592  dt=2.7s  total=774s
update=  57  reward=+0.000  eps=0  samples=32  loss=-0.1429  ploss=-0.0124  vloss=0.0538  ent=5.248  dt=4.1s  total=778s
update=  58  reward=+0.000  eps=0  samples=32  loss=-0.2690  ploss=-0.0153  vloss=0.0310  ent=8.973  dt=6.2s  total=784s
update=  59  reward=+0.000  eps=0  samples=32  loss=-0.5061  ploss=-0.0141  vloss=0.0067  ent=16.511  dt=9.7s  total=794s
update=  60  reward=+0.000  eps=0  samples=32  loss=-0.7091  ploss=-0.0241  vloss=0.0043  ent=22.905  dt=9.0s  total=803s
update=  61  reward=+0.000  eps=0  samples=32  loss=-0.7895  ploss=-0.0175  vloss=0.0282  ent=26.203  dt=14.4s  total=817s
update=  62  reward=+0.000  eps=0  samples=32  loss=-0.6837  ploss=-0.0280  vloss=0.0454  ent=22.615  dt=18.3s  total=835s
update=  63  reward=+0.000  eps=0  samples=32  loss=-0.9020  ploss=-0.0076  vloss=0.0808  ent=31.159  dt=15.8s  total=851s
update=  64  reward=+0.000  eps=0  samples=32  loss=-1.0346  ploss=-0.0326  vloss=0.1350  ent=35.650  dt=13.0s  total=864s
update=  65  reward=+0.000  eps=0  samples=32  loss=-0.9840  ploss=-0.0341  vloss=0.1096  ent=33.489  dt=12.0s  total=876s
update=  66  reward=+0.000  eps=0  samples=32  loss=-1.0519  ploss=-0.0097  vloss=0.1201  ent=36.744  dt=13.0s  total=889s
update=  67  reward=+0.000  eps=0  samples=32  loss=-1.2426  ploss=-0.0128  vloss=0.0356  ent=41.588  dt=12.2s  total=901s
update=  68  reward=+0.000  eps=0  samples=32  loss=-1.2005  ploss=-0.0058  vloss=0.0045  ent=39.898  dt=9.9s  total=911s
update=  69  reward=+0.000  eps=0  samples=32  loss=-1.0942  ploss=-0.0051  vloss=0.0405  ent=36.981  dt=7.4s  total=919s
update=  70  reward=+0.000  eps=0  samples=32  loss=-1.4460  ploss=-0.0243  vloss=0.0136  ent=47.614  dt=8.7s  total=927s
update=  71  reward=+0.002  eps=1  samples=32  loss=-0.5265  ploss=0.0012  vloss=0.2809  ent=22.269  dt=18.0s  total=945s
update=  72  reward=+0.000  eps=0  samples=32  loss=-0.0628  ploss=0.0005  vloss=0.0238  ent=2.505  dt=31.5s  total=977s
update=  73  reward=+0.000  eps=0  samples=32  loss=0.0145  ploss=-0.0010  vloss=0.1889  ent=2.632  dt=14.3s  total=991s
update=  74  reward=+0.000  eps=0  samples=32  loss=0.6754  ploss=0.0003  vloss=1.3690  ent=0.313  dt=5.4s  total=997s
update=  75  reward=-1.504  eps=1  samples=32  loss=0.1474  ploss=0.0001  vloss=0.3757  ent=1.351  dt=19.7s  total=1016s
update=  76  reward=+0.000  eps=0  samples=32  loss=0.9831  ploss=0.0002  vloss=2.0222  ent=0.940  dt=9.0s  total=1025s
update=  77  reward=+0.000  eps=0  samples=32  loss=0.9768  ploss=0.0000  vloss=1.9536  ent=0.000  dt=4.6s  total=1030s
update=  78  reward=-2.252  eps=1  samples=32  loss=0.0924  ploss=0.0006  vloss=0.2804  ent=1.612  dt=21.0s  total=1051s
update=  79  reward=+0.000  eps=0  samples=32  loss=-0.1221  ploss=-0.0035  vloss=0.0397  ent=4.612  dt=17.2s  total=1068s
update=  80  reward=+0.000  eps=0  samples=32  loss=0.4165  ploss=-0.0005  vloss=1.0662  ent=3.868  dt=11.4s  total=1079s
update=  81  reward=-6.076  eps=1  samples=32  loss=0.6257  ploss=0.0007  vloss=1.2648  ent=0.246  dt=3.5s  total=1083s
update=  82  reward=+0.000  eps=0  samples=32  loss=-0.0581  ploss=-0.0010  vloss=0.0147  ent=2.147  dt=2.3s  total=1085s
update=  83  reward=+0.000  eps=0  samples=32  loss=-0.2334  ploss=-0.0006  vloss=0.0222  ent=8.132  dt=9.7s  total=1095s
update=  84  reward=+0.000  eps=0  samples=32  loss=-0.3800  ploss=-0.0021  vloss=0.0165  ent=12.870  dt=13.2s  total=1108s
update=  85  reward=+0.000  eps=0  samples=32  loss=-0.3527  ploss=0.0004  vloss=0.0089  ent=11.918  dt=8.5s  total=1117s
update=  86  reward=+0.000  eps=0  samples=32  loss=-0.4089  ploss=-0.0002  vloss=0.0273  ent=14.076  dt=7.3s  total=1124s
update=  87  reward=+0.000  eps=0  samples=32  loss=-0.3949  ploss=-0.0003  vloss=0.0392  ent=13.806  dt=12.3s  total=1136s
update=  88  reward=+0.000  eps=0  samples=32  loss=-0.2604  ploss=-0.0001  vloss=0.1102  ent=10.515  dt=9.4s  total=1146s
update=  89  reward=+0.000  eps=0  samples=32  loss=-0.1565  ploss=-0.0009  vloss=0.1682  ent=7.990  dt=11.6s  total=1157s
update=  90  reward=+0.000  eps=0  samples=32  loss=-0.2203  ploss=-0.0001  vloss=0.0475  ent=8.130  dt=10.8s  total=1168s
update=  91  reward=+0.000  eps=0  samples=32  loss=0.0421  ploss=0.0003  vloss=0.2645  ent=3.013  dt=17.9s  total=1186s
update=  92  reward=+0.000  eps=0  samples=32  loss=0.1357  ploss=0.0002  vloss=0.3587  ent=1.464  dt=14.4s  total=1200s
update=  93  reward=+0.000  eps=0  samples=32  loss=0.5473  ploss=-0.0000  vloss=1.1027  ent=0.133  dt=13.8s  total=1214s
update=  94  reward=-3.408  eps=1  samples=32  loss=0.1435  ploss=-0.0000  vloss=0.3030  ent=0.268  dt=15.5s  total=1230s
update=  95  reward=+0.000  eps=0  samples=32  loss=-0.0908  ploss=-0.0001  vloss=0.0148  ent=3.272  dt=24.1s  total=1254s
update=  96  reward=+0.000  eps=0  samples=32  loss=-0.2630  ploss=-0.0008  vloss=0.0089  ent=8.887  dt=16.6s  total=1270s
update=  97  reward=+0.000  eps=0  samples=32  loss=0.0010  ploss=-0.0003  vloss=0.3717  ent=6.153  dt=10.9s  total=1281s
update=  98  reward=+0.000  eps=0  samples=32  loss=0.2633  ploss=-0.0000  vloss=0.5266  ent=0.000  dt=1.8s  total=1283s
update=  99  reward=-1.136  eps=1  samples=32  loss=-0.0345  ploss=-0.0001  vloss=0.0452  ent=1.902  dt=2.2s  total=1285s
update= 100  reward=+0.000  eps=0  samples=32  loss=-0.1655  ploss=-0.0002  vloss=0.0066  ent=5.620  dt=3.1s  total=1288s

  Running eval (10 games)...
    vs apex: W=0% L=100% T=0% (n=10)
    vs random: W=60% L=40% T=0% (n=10)

update= 101  reward=+0.000  eps=0  samples=32  loss=-0.3816  ploss=-0.0008  vloss=0.0058  ent=12.792  dt=7.9s  total=3323s
update= 102  reward=+0.000  eps=0  samples=32  loss=-0.4804  ploss=0.0001  vloss=0.0183  ent=16.321  dt=7.0s  total=3330s
update= 103  reward=+0.000  eps=0  samples=32  loss=-0.4950  ploss=-0.0008  vloss=0.0581  ent=17.439  dt=10.9s  total=3341s
update= 104  reward=+0.000  eps=0  samples=32  loss=-0.3381  ploss=0.0002  vloss=0.1668  ent=14.054  dt=11.0s  total=3352s
update= 105  reward=+0.000  eps=0  samples=32  loss=-0.1145  ploss=-0.0000  vloss=0.0473  ent=4.605  dt=12.8s  total=3365s
update= 106  reward=+0.000  eps=0  samples=32  loss=-0.1840  ploss=-0.0005  vloss=0.0458  ent=6.883  dt=8.4s  total=3373s
update= 107  reward=+0.000  eps=0  samples=32  loss=-0.2988  ploss=-0.0004  vloss=0.0206  ent=10.290  dt=11.1s  total=3384s
update= 108  reward=+0.000  eps=0  samples=32  loss=-0.2442  ploss=-0.0010  vloss=0.0066  ent=8.216  dt=9.1s  total=3394s
update= 109  reward=+0.000  eps=0  samples=32  loss=-0.2662  ploss=-0.0027  vloss=0.0119  ent=8.984  dt=10.1s  total=3404s
update= 110  reward=+0.000  eps=0  samples=32  loss=-0.3404  ploss=0.0002  vloss=0.0350  ent=11.936  dt=7.9s  total=3412s
update= 111  reward=+0.000  eps=0  samples=32  loss=-0.2677  ploss=0.0012  vloss=0.0313  ent=9.485  dt=10.9s  total=3422s
update= 112  reward=+0.000  eps=0  samples=32  loss=-0.2555  ploss=-0.0003  vloss=0.0570  ent=9.457  dt=8.8s  total=3431s
update= 113  reward=+0.000  eps=0  samples=32  loss=-0.2924  ploss=-0.0003  vloss=0.0245  ent=10.147  dt=9.0s  total=3440s
update= 114  reward=-1.442  eps=1  samples=32  loss=-0.0731  ploss=-0.0001  vloss=0.2229  ent=6.146  dt=12.3s  total=3453s
update= 115  reward=+0.000  eps=0  samples=32  loss=-0.0804  ploss=0.0001  vloss=0.0121  ent=2.883  dt=8.3s  total=3461s
update= 116  reward=+0.000  eps=0  samples=32  loss=0.1423  ploss=-0.0000  vloss=0.3236  ent=0.650  dt=4.7s  total=3466s
update= 117  reward=+0.000  eps=0  samples=32  loss=0.3602  ploss=-0.0000  vloss=0.7205  ent=0.000  dt=2.0s  total=3468s
update= 118  reward=-2.440  eps=1  samples=32  loss=0.0170  ploss=0.0000  vloss=0.0934  ent=0.991  dt=15.8s  total=3483s
update= 119  reward=+0.000  eps=0  samples=32  loss=-0.0842  ploss=-0.0000  vloss=0.0066  ent=2.916  dt=24.5s  total=3508s
update= 120  reward=+0.000  eps=0  samples=32  loss=-0.0502  ploss=-0.0000  vloss=0.1323  ent=3.877  dt=18.4s  total=3526s
update= 121  reward=+0.000  eps=0  samples=32  loss=0.1643  ploss=-0.0000  vloss=0.4752  ent=2.442  dt=14.9s  total=3541s
update= 122  reward=+0.000  eps=0  samples=32  loss=0.2261  ploss=0.0000  vloss=0.5252  ent=1.217  dt=6.9s  total=3548s
update= 123  reward=-4.396  eps=1  samples=32  loss=0.1596  ploss=0.0000  vloss=0.3267  ent=0.125  dt=10.7s  total=3559s
update= 124  reward=+0.000  eps=0  samples=32  loss=-0.0616  ploss=-0.0000  vloss=0.0094  ent=2.210  dt=17.5s  total=3576s
update= 125  reward=+0.000  eps=0  samples=32  loss=0.3357  ploss=-0.0000  vloss=0.6948  ent=0.389  dt=10.6s  total=3587s
update= 126  reward=-7.260  eps=1  samples=32  loss=0.4665  ploss=0.0000  vloss=0.9419  ent=0.147  dt=4.5s  total=3591s
update= 127  reward=+0.000  eps=0  samples=32  loss=-0.0756  ploss=-0.0000  vloss=0.0730  ent=3.735  dt=2.4s  total=3594s
update= 128  reward=+0.000  eps=0  samples=32  loss=-0.2406  ploss=-0.0001  vloss=0.0453  ent=8.773  dt=3.9s  total=3598s
update= 129  reward=+0.000  eps=0  samples=32  loss=-0.4078  ploss=-0.0002  vloss=0.0828  ent=14.967  dt=8.7s  total=3606s
update= 130  reward=+0.000  eps=0  samples=32  loss=-0.5120  ploss=0.0000  vloss=0.1411  ent=19.420  dt=6.3s  total=3613s
update= 131  reward=+0.000  eps=0  samples=32  loss=-0.6990  ploss=-0.0001  vloss=0.0897  ent=24.790  dt=9.8s  total=3622s
update= 132  reward=+0.000  eps=0  samples=32  loss=-0.9252  ploss=0.0000  vloss=0.0582  ent=31.812  dt=9.0s  total=3631s
update= 133  reward=+0.000  eps=0  samples=32  loss=-0.9223  ploss=-0.0001  vloss=0.1009  ent=32.419  dt=11.0s  total=3642s
update= 134  reward=+0.000  eps=0  samples=32  loss=-1.0555  ploss=-0.0002  vloss=0.0406  ent=35.856  dt=7.7s  total=3650s
update= 135  reward=+0.000  eps=0  samples=32  loss=-1.1596  ploss=-0.0001  vloss=0.0108  ent=38.832  dt=10.2s  total=3660s
update= 136  reward=+0.000  eps=0  samples=32  loss=-1.0053  ploss=-0.0009  vloss=0.0053  ent=33.566  dt=7.5s  total=3668s
update= 137  reward=+0.000  eps=0  samples=32  loss=-1.0001  ploss=-0.0003  vloss=0.0176  ent=33.620  dt=8.0s  total=3676s
update= 138  reward=+0.000  eps=0  samples=32  loss=-1.2902  ploss=-0.0005  vloss=0.0239  ent=43.387  dt=6.2s  total=3682s
update= 139  reward=+0.000  eps=0  samples=32  loss=-0.9921  ploss=0.0002  vloss=0.1874  ent=36.199  dt=8.6s  total=3691s
update= 140  reward=+0.000  eps=0  samples=32  loss=-1.1674  ploss=0.0003  vloss=0.0745  ent=40.164  dt=6.7s  total=3697s
update= 141  reward=+0.000  eps=0  samples=32  loss=-1.4729  ploss=-0.0004  vloss=0.0143  ent=49.322  dt=8.1s  total=3705s
update= 142  reward=+1.360  eps=1  samples=32  loss=-0.2704  ploss=0.0003  vloss=0.6588  ent=20.004  dt=4.0s  total=3709s
update= 143  reward=+0.000  eps=0  samples=32  loss=-0.0767  ploss=-0.0000  vloss=0.0015  ent=2.582  dt=1.8s  total=3711s
update= 144  reward=+0.000  eps=0  samples=32  loss=-0.0992  ploss=-0.0002  vloss=0.0014  ent=3.324  dt=1.9s  total=3713s
update= 145  reward=+0.000  eps=0  samples=32  loss=-0.0961  ploss=-0.0001  vloss=0.0004  ent=3.207  dt=2.1s  total=3715s
update= 146  reward=+0.000  eps=0  samples=32  loss=-0.0963  ploss=-0.0005  vloss=0.0012  ent=3.212  dt=2.7s  total=3718s
update= 147  reward=+0.000  eps=0  samples=32  loss=-0.1434  ploss=-0.0005  vloss=0.0039  ent=4.826  dt=6.9s  total=3725s
update= 148  reward=+0.000  eps=0  samples=32  loss=-0.2648  ploss=-0.0019  vloss=0.0283  ent=9.237  dt=7.1s  total=3732s
update= 149  reward=+0.000  eps=0  samples=32  loss=-0.2094  ploss=0.0002  vloss=0.2376  ent=10.950  dt=9.3s  total=3741s
update= 150  reward=+0.000  eps=0  samples=32  loss=-0.0571  ploss=-0.0021  vloss=0.4306  ent=9.011  dt=25.1s  total=3766s
update= 151  reward=+0.000  eps=0  samples=32  loss=0.1028  ploss=0.0004  vloss=0.4878  ent=4.716  dt=21.4s  total=3788s
update= 152  reward=+0.000  eps=0  samples=32  loss=0.3688  ploss=-0.0012  vloss=0.9259  ent=3.100  dt=17.8s  total=3805s
update= 153  reward=+0.000  eps=0  samples=32  loss=-0.0164  ploss=-0.0001  vloss=0.1356  ent=2.803  dt=14.5s  total=3820s
update= 154  reward=+0.000  eps=0  samples=32  loss=-0.0377  ploss=-0.0012  vloss=0.0967  ent=2.828  dt=16.0s  total=3836s
update= 155  reward=+0.000  eps=0  samples=32  loss=0.0264  ploss=-0.0024  vloss=0.1269  ent=1.156  dt=18.6s  total=3855s
update= 156  reward=+0.000  eps=0  samples=32  loss=0.0454  ploss=-0.0007  vloss=0.0993  ent=0.119  dt=22.7s  total=3877s
update= 157  reward=+0.000  eps=0  samples=32  loss=0.2815  ploss=0.0000  vloss=0.5630  ent=0.000  dt=12.0s  total=3889s
update= 158  reward=-1.000  eps=1  samples=32  loss=-0.0033  ploss=-0.0024  vloss=0.0518  ent=0.893  dt=23.5s  total=3913s
update= 159  reward=+0.000  eps=0  samples=32  loss=-0.0198  ploss=-0.0067  vloss=0.1780  ent=3.402  dt=11.8s  total=3925s
update= 160  reward=+0.000  eps=0  samples=32  loss=0.1317  ploss=-0.0023  vloss=0.4687  ent=3.346  dt=11.1s  total=3936s
update= 161  reward=+0.000  eps=0  samples=32  loss=0.2926  ploss=-0.0036  vloss=0.6187  ent=0.438  dt=3.2s  total=3939s
update= 162  reward=-1.000  eps=1  samples=32  loss=-0.0283  ploss=0.0009  vloss=0.0713  ent=2.159  dt=2.2s  total=3941s
update= 163  reward=+0.000  eps=0  samples=32  loss=-0.1055  ploss=-0.0046  vloss=0.0292  ent=3.847  dt=3.3s  total=3944s
update= 164  reward=+0.000  eps=0  samples=32  loss=-0.2837  ploss=-0.0320  vloss=0.0171  ent=8.673  dt=5.4s  total=3950s
update= 165  reward=+0.000  eps=0  samples=32  loss=-0.3236  ploss=-0.0260  vloss=0.0035  ent=9.978  dt=5.3s  total=3955s
update= 166  reward=+0.000  eps=0  samples=32  loss=-0.3918  ploss=-0.0378  vloss=0.0009  ent=11.815  dt=12.8s  total=3968s
update= 167  reward=+0.000  eps=0  samples=32  loss=-0.4383  ploss=0.0002  vloss=0.0018  ent=14.649  dt=16.4s  total=3984s
update= 168  reward=+0.000  eps=0  samples=32  loss=-0.4936  ploss=-0.0047  vloss=0.0063  ent=16.403  dt=17.9s  total=4002s
update= 169  reward=+0.000  eps=0  samples=32  loss=-0.6118  ploss=-0.0036  vloss=0.0534  ent=21.160  dt=16.0s  total=4018s
update= 170  reward=+0.000  eps=0  samples=32  loss=-0.7281  ploss=-0.0332  vloss=0.0090  ent=23.312  dt=13.8s  total=4032s
update= 171  reward=+0.000  eps=0  samples=32  loss=-0.4504  ploss=-0.0132  vloss=0.0345  ent=15.148  dt=17.7s  total=4050s
update= 172  reward=+0.000  eps=0  samples=32  loss=-0.6871  ploss=-0.0405  vloss=0.0026  ent=21.598  dt=18.0s  total=4068s
update= 173  reward=+0.000  eps=0  samples=32  loss=-0.7447  ploss=-0.0155  vloss=0.0053  ent=24.397  dt=19.4s  total=4087s
update= 174  reward=+0.000  eps=0  samples=32  loss=-0.7310  ploss=-0.0071  vloss=0.0061  ent=24.233  dt=13.4s  total=4100s
update= 175  reward=+0.000  eps=0  samples=32  loss=-0.6928  ploss=-0.0260  vloss=0.0087  ent=22.371  dt=12.4s  total=4113s
update= 176  reward=+0.000  eps=0  samples=32  loss=-0.6285  ploss=-0.0283  vloss=0.0149  ent=20.255  dt=12.7s  total=4126s
update= 177  reward=-1.220  eps=1  samples=32  loss=-0.1080  ploss=0.0002  vloss=0.0816  ent=4.967  dt=18.0s  total=4144s
update= 178  reward=+0.000  eps=0  samples=32  loss=0.0129  ploss=0.0000  vloss=0.0273  ent=0.026  dt=18.8s  total=4162s
update= 179  reward=+0.000  eps=0  samples=32  loss=0.3122  ploss=-0.0002  vloss=0.6275  ent=0.043  dt=5.8s  total=4168s
update= 180  reward=+0.000  eps=0  samples=32  loss=0.1848  ploss=0.0000  vloss=0.3697  ent=0.000  dt=5.5s  total=4174s
update= 181  reward=-1.272  eps=1  samples=32  loss=-0.0260  ploss=-0.0010  vloss=0.0769  ent=2.116  dt=2.9s  total=4177s
update= 182  reward=+0.000  eps=0  samples=32  loss=-0.1850  ploss=-0.0185  vloss=0.0315  ent=6.074  dt=8.5s  total=4185s
update= 183  reward=+0.000  eps=0  samples=32  loss=-0.4038  ploss=-0.0007  vloss=0.0377  ent=14.067  dt=8.3s  total=4193s
update= 184  reward=+0.000  eps=0  samples=32  loss=-0.5754  ploss=-0.0047  vloss=0.0254  ent=19.445  dt=11.0s  total=4204s
update= 185  reward=+0.000  eps=0  samples=32  loss=-0.8902  ploss=0.0023  vloss=0.0382  ent=30.386  dt=14.7s  total=4219s
update= 186  reward=+0.000  eps=0  samples=32  loss=-1.2287  ploss=-0.0196  vloss=0.0217  ent=40.664  dt=17.3s  total=4237s
update= 187  reward=+0.000  eps=0  samples=32  loss=-1.0880  ploss=-0.0162  vloss=0.0156  ent=35.987  dt=15.6s  total=4252s
update= 188  reward=+0.000  eps=0  samples=32  loss=-1.1758  ploss=-0.0048  vloss=0.0354  ent=39.626  dt=15.8s  total=4268s
update= 189  reward=+0.000  eps=0  samples=32  loss=-1.3906  ploss=-0.0187  vloss=0.0425  ent=46.438  dt=14.4s  total=4282s
update= 190  reward=+0.000  eps=0  samples=32  loss=-1.1865  ploss=-0.0114  vloss=0.0196  ent=39.494  dt=12.1s  total=4294s
update= 191  reward=+0.000  eps=0  samples=32  loss=-1.1979  ploss=-0.0070  vloss=0.0309  ent=40.211  dt=10.0s  total=4304s
update= 192  reward=+0.000  eps=0  samples=32  loss=-1.4072  ploss=-0.0293  vloss=0.0159  ent=46.195  dt=10.1s  total=4314s
update= 193  reward=+0.000  eps=0  samples=32  loss=-1.3650  ploss=-0.0276  vloss=0.0625  ent=45.621  dt=11.0s  total=4325s
update= 194  reward=+0.000  eps=0  samples=32  loss=-1.3753  ploss=-0.0033  vloss=0.0628  ent=46.781  dt=11.0s  total=4336s
update= 195  reward=+0.000  eps=0  samples=32  loss=-1.6323  ploss=-0.0178  vloss=0.0436  ent=54.543  dt=12.7s  total=4349s
update= 196  reward=+1.180  eps=1  samples=32  loss=-0.5350  ploss=-0.0036  vloss=0.0935  ent=19.274  dt=9.9s  total=4359s
update= 197  reward=+0.000  eps=0  samples=32  loss=-0.0886  ploss=-0.0171  vloss=0.0270  ent=2.836  dt=2.6s  total=4362s
update= 198  reward=+0.000  eps=0  samples=32  loss=-0.2715  ploss=0.0047  vloss=0.0149  ent=9.455  dt=4.3s  total=4366s
update= 199  reward=+0.000  eps=0  samples=32  loss=-0.4750  ploss=-0.0150  vloss=0.0069  ent=15.450  dt=5.8s  total=4372s
update= 200  reward=+0.000  eps=0  samples=32  loss=-0.5894  ploss=-0.0069  vloss=0.0973  ent=21.038  dt=8.4s  total=4380s

  Running eval (10 games)...
    vs apex: W=0% L=100% T=0% (n=10)
    vs random: W=100% L=0% T=0% (n=10)

  -> saved checkpoint at update 200

Training complete. Total time: 6482s
