V2 Config: hparam_low_entropy, device=cpu, updates=200
  envs=1, rollout_steps=32, opponent=apex
  OrbitNet params: 517,891
  MixedScheduler: 4p_prob=0.0, rule_based=0.5->0.1 over 1000 updates
[kaggle_environments.envs.open_spiel_env.open_spiel_env] INFO: Successfully loaded OpenSpiel environments: 19.
[kaggle_environments.envs.open_spiel_env.open_spiel_env] INFO:    open_spiel_amazons
[kaggle_environments.envs.open_spiel_env.open_spiel_env] INFO:    open_spiel_backgammon
[kaggle_environments.envs.open_spiel_env.open_spiel_env] INFO:    open_spiel_checkers
[kaggle_environments.envs.open_spiel_env.open_spiel_env] INFO:    open_spiel_chess
[kaggle_environments.envs.open_spiel_env.open_spiel_env] INFO:    open_spiel_connect_four
[kaggle_environments.envs.open_spiel_env.open_spiel_env] INFO:    open_spiel_dark_hex
[kaggle_environments.envs.open_spiel_env.open_spiel_env] INFO:    open_spiel_gin_rummy
[kaggle_environments.envs.open_spiel_env.open_spiel_env] INFO:    open_spiel_go
[kaggle_environments.envs.open_spiel_env.open_spiel_env] INFO:    open_spiel_goofspiel
[kaggle_environments.envs.open_spiel_env.open_spiel_env] INFO:    open_spiel_hearts
[kaggle_environments.envs.open_spiel_env.open_spiel_env] INFO:    open_spiel_hex
[kaggle_environments.envs.open_spiel_env.open_spiel_env] INFO:    open_spiel_matching_pennies_3p
[kaggle_environments.envs.open_spiel_env.open_spiel_env] INFO:    open_spiel_othello
[kaggle_environments.envs.open_spiel_env.open_spiel_env] INFO:    open_spiel_repeated_game
[kaggle_environments.envs.open_spiel_env.open_spiel_env] INFO:    open_spiel_tic_tac_toe
[kaggle_environments.envs.open_spiel_env.open_spiel_env] INFO:    open_spiel_y
[kaggle_environments.envs.open_spiel_env.open_spiel_env] INFO:    open_spiel_universal_poker
[kaggle_environments.envs.open_spiel_env.open_spiel_env] INFO:    open_spiel_repeated_poker
[kaggle_environments.envs.open_spiel_env.open_spiel_env] INFO:    open_spiel_python_repeated_pokerkit
[kaggle_environments.envs.open_spiel_env.open_spiel_env] INFO: OpenSpiel games skipped: 1.
[kaggle_environments.envs.open_spiel_env.open_spiel_env] INFO:    snake

=== PPO training (updates 1..200, 200 remaining) ===
update=   1  reward=+0.000  eps=0  samples=32  loss=-0.0015  ploss=-0.0004  vloss=0.0195  ent=2.165  dt=14.7s  total=15s
update=   2  reward=+0.000  eps=0  samples=32  loss=0.0103  ploss=-0.0041  vloss=0.0773  ent=4.834  dt=7.2s  total=22s
update=   3  reward=+0.000  eps=0  samples=32  loss=0.2346  ploss=0.0001  vloss=0.4867  ent=1.754  dt=10.6s  total=32s
update=   4  reward=+0.000  eps=0  samples=32  loss=0.1613  ploss=-0.0001  vloss=0.3300  ent=0.730  dt=6.1s  total=39s
update=   5  reward=-1.112  eps=1  samples=32  loss=-0.0088  ploss=-0.0002  vloss=0.0150  ent=3.219  dt=4.8s  total=43s
update=   6  reward=+0.000  eps=0  samples=32  loss=-0.0571  ploss=-0.0031  vloss=0.0015  ent=10.948  dt=8.3s  total=52s
update=   7  reward=+0.000  eps=0  samples=32  loss=-0.0942  ploss=-0.0147  vloss=0.0057  ent=16.464  dt=10.9s  total=62s
update=   8  reward=+0.000  eps=0  samples=32  loss=-0.1224  ploss=-0.0108  vloss=0.0031  ent=22.630  dt=12.8s  total=75s
update=   9  reward=+0.000  eps=0  samples=32  loss=-0.1458  ploss=-0.0071  vloss=0.0085  ent=28.594  dt=23.1s  total=98s
update=  10  reward=+0.000  eps=0  samples=32  loss=-0.1610  ploss=-0.0020  vloss=0.0060  ent=32.393  dt=21.1s  total=119s
update=  11  reward=+0.000  eps=0  samples=32  loss=-0.1710  ploss=-0.0015  vloss=0.0076  ent=34.671  dt=20.6s  total=140s
update=  12  reward=+0.000  eps=0  samples=32  loss=-0.2008  ploss=-0.0019  vloss=0.0077  ent=40.541  dt=22.1s  total=162s
update=  13  reward=+0.000  eps=0  samples=32  loss=-0.2255  ploss=-0.0022  vloss=0.0073  ent=45.393  dt=21.9s  total=184s
update=  14  reward=+0.000  eps=0  samples=32  loss=-0.2021  ploss=-0.0078  vloss=0.0054  ent=39.406  dt=25.5s  total=209s
update=  15  reward=+0.000  eps=0  samples=32  loss=-0.1997  ploss=-0.0078  vloss=0.0256  ent=40.925  dt=25.6s  total=235s
update=  16  reward=+0.000  eps=0  samples=32  loss=-0.2192  ploss=-0.0185  vloss=0.0254  ent=42.666  dt=24.9s  total=260s
update=  17  reward=+0.000  eps=0  samples=32  loss=-0.1770  ploss=-0.0054  vloss=0.0139  ent=35.706  dt=26.6s  total=287s
update=  18  reward=+0.000  eps=0  samples=32  loss=-0.1796  ploss=-0.0055  vloss=0.0060  ent=35.427  dt=24.7s  total=311s
update=  19  reward=+0.000  eps=0  samples=32  loss=-0.1880  ploss=-0.0179  vloss=0.0147  ent=35.489  dt=18.6s  total=330s
update=  20  reward=-1.132  eps=1  samples=32  loss=-0.0811  ploss=-0.0072  vloss=0.0581  ent=20.581  dt=14.1s  total=344s
update=  21  reward=+0.000  eps=0  samples=32  loss=-0.0059  ploss=0.0003  vloss=0.0094  ent=2.180  dt=2.4s  total=346s
update=  22  reward=+0.000  eps=0  samples=32  loss=-0.0236  ploss=-0.0084  vloss=0.0037  ent=3.428  dt=2.5s  total=349s
update=  23  reward=+0.000  eps=0  samples=32  loss=-0.0496  ploss=-0.0186  vloss=0.0018  ent=6.380  dt=3.2s  total=352s
update=  24  reward=+0.000  eps=0  samples=32  loss=-0.0760  ploss=-0.0154  vloss=0.0091  ent=13.040  dt=5.1s  total=357s
update=  25  reward=+0.000  eps=0  samples=32  loss=-0.1086  ploss=0.0040  vloss=0.0301  ent=25.525  dt=9.8s  total=367s
update=  26  reward=+0.000  eps=0  samples=32  loss=-0.0874  ploss=0.0510  vloss=0.1398  ent=41.645  dt=17.0s  total=384s
update=  27  reward=+0.000  eps=0  samples=32  loss=-0.1910  ploss=-0.0247  vloss=0.1404  ent=47.309  dt=15.9s  total=400s
update=  28  reward=+0.000  eps=0  samples=32  loss=-0.2025  ploss=-0.0192  vloss=0.2207  ent=58.744  dt=16.0s  total=416s
update=  29  reward=+0.000  eps=0  samples=32  loss=-0.3184  ploss=-0.0202  vloss=0.0476  ent=64.403  dt=17.7s  total=433s
update=  30  reward=+0.000  eps=0  samples=32  loss=-0.2727  ploss=-0.0474  vloss=0.1855  ent=63.611  dt=22.4s  total=456s
update=  31  reward=+0.000  eps=0  samples=32  loss=-0.2462  ploss=-0.0254  vloss=0.2472  ent=68.873  dt=22.4s  total=478s
update=  32  reward=+0.000  eps=0  samples=32  loss=-0.3593  ploss=-0.0114  vloss=0.0582  ent=75.392  dt=20.8s  total=499s
update=  33  reward=+0.000  eps=0  samples=32  loss=-0.3276  ploss=-0.0360  vloss=0.1201  ent=70.332  dt=17.8s  total=517s
update=  34  reward=+0.000  eps=0  samples=32  loss=-0.2873  ploss=-0.0087  vloss=0.1849  ent=74.219  dt=19.1s  total=536s
update=  35  reward=+0.000  eps=0  samples=32  loss=-0.3695  ploss=-0.0360  vloss=0.0357  ent=70.273  dt=22.0s  total=558s
update=  36  reward=+1.396  eps=1  samples=32  loss=0.0536  ploss=-0.0087  vloss=0.1513  ent=2.657  dt=26.3s  total=584s
update=  37  reward=+0.000  eps=0  samples=32  loss=0.2197  ploss=-0.0313  vloss=0.5608  ent=5.884  dt=17.3s  total=601s
update=  38  reward=+0.000  eps=0  samples=32  loss=0.5977  ploss=0.0037  vloss=1.2351  ent=4.716  dt=11.7s  total=613s
update=  39  reward=+0.000  eps=0  samples=32  loss=0.9449  ploss=-0.0006  vloss=1.9012  ent=1.024  dt=4.3s  total=618s
update=  40  reward=-2.856  eps=1  samples=32  loss=0.1767  ploss=-0.0109  vloss=0.3922  ent=1.686  dt=3.0s  total=620s
update=  41  reward=+0.000  eps=0  samples=32  loss=-0.0593  ploss=-0.0051  vloss=0.0028  ent=11.115  dt=4.0s  total=625s
update=  42  reward=+0.000  eps=0  samples=32  loss=-0.1222  ploss=-0.0114  vloss=0.0384  ent=25.997  dt=9.0s  total=634s
update=  43  reward=+0.000  eps=0  samples=32  loss=-0.1708  ploss=-0.0184  vloss=0.0227  ent=32.750  dt=11.7s  total=645s
update=  44  reward=+0.000  eps=0  samples=32  loss=-0.1745  ploss=-0.0136  vloss=0.0294  ent=35.115  dt=15.2s  total=660s
update=  45  reward=+0.000  eps=0  samples=32  loss=-0.2502  ploss=-0.0317  vloss=0.0321  ent=46.908  dt=16.0s  total=676s
update=  46  reward=+0.000  eps=0  samples=32  loss=-0.2291  ploss=-0.0152  vloss=0.0111  ent=43.897  dt=18.8s  total=695s
update=  47  reward=+0.000  eps=0  samples=32  loss=-0.2065  ploss=-0.0145  vloss=0.1317  ent=51.575  dt=16.8s  total=712s
update=  48  reward=+0.000  eps=0  samples=32  loss=-0.1662  ploss=-0.0035  vloss=0.3350  ent=66.050  dt=17.7s  total=730s
update=  49  reward=+0.000  eps=0  samples=32  loss=-0.1649  ploss=0.0117  vloss=0.3285  ent=68.174  dt=15.2s  total=745s
update=  50  reward=+0.000  eps=0  samples=32  loss=-0.0571  ploss=-0.0046  vloss=0.5958  ent=70.084  dt=17.3s  total=762s
update=  51  reward=+0.000  eps=0  samples=32  loss=-0.1108  ploss=-0.0073  vloss=0.6004  ent=80.745  dt=14.6s  total=777s
update=  52  reward=+0.000  eps=0  samples=32  loss=-0.2076  ploss=0.0031  vloss=0.3769  ent=79.826  dt=16.9s  total=794s
update=  53  reward=+0.000  eps=0  samples=32  loss=0.0269  ploss=-0.0058  vloss=0.8667  ent=80.114  dt=12.0s  total=806s
update=  54  reward=+0.000  eps=0  samples=32  loss=0.0793  ploss=-0.0001  vloss=1.0543  ent=89.558  dt=13.5s  total=819s
update=  55  reward=+1.922  eps=1  samples=32  loss=-0.2667  ploss=-0.0142  vloss=0.1295  ent=63.455  dt=15.8s  total=835s
update=  56  reward=+0.000  eps=0  samples=32  loss=-0.0119  ploss=-0.0047  vloss=0.0064  ent=2.084  dt=3.0s  total=838s
update=  57  reward=+0.000  eps=0  samples=32  loss=-0.0025  ploss=0.0038  vloss=0.0848  ent=9.730  dt=4.3s  total=842s
update=  58  reward=+0.000  eps=0  samples=32  loss=-0.0708  ploss=-0.0018  vloss=0.0568  ent=19.478  dt=8.4s  total=851s
update=  59  reward=+0.000  eps=0  samples=32  loss=-0.1123  ploss=-0.0153  vloss=0.1242  ent=31.813  dt=9.5s  total=860s
update=  60  reward=+0.000  eps=0  samples=32  loss=0.0167  ploss=-0.0016  vloss=0.5502  ent=51.349  dt=12.5s  total=873s
update=  61  reward=+0.000  eps=0  samples=32  loss=-0.2437  ploss=-0.0148  vloss=0.1856  ent=64.340  dt=16.0s  total=889s
update=  62  reward=+0.000  eps=0  samples=32  loss=-0.2719  ploss=-0.0025  vloss=0.0498  ent=58.860  dt=11.6s  total=900s
update=  63  reward=+0.000  eps=0  samples=32  loss=-0.2739  ploss=-0.0139  vloss=0.1014  ent=62.130  dt=12.4s  total=913s
update=  64  reward=+0.000  eps=0  samples=32  loss=-0.2817  ploss=-0.0096  vloss=0.1908  ent=73.514  dt=12.3s  total=925s
update=  65  reward=+0.000  eps=0  samples=32  loss=-0.2856  ploss=-0.0039  vloss=0.1174  ent=68.091  dt=12.0s  total=937s
update=  66  reward=+2.368  eps=1  samples=32  loss=0.3173  ploss=0.0115  vloss=1.0016  ent=39.008  dt=20.2s  total=957s
update=  67  reward=+0.000  eps=0  samples=32  loss=0.0361  ploss=-0.0019  vloss=0.1005  ent=2.452  dt=29.7s  total=987s
update=  68  reward=+0.000  eps=0  samples=32  loss=0.1369  ploss=-0.0051  vloss=0.3095  ent=2.542  dt=11.9s  total=999s
update=  69  reward=+0.000  eps=0  samples=32  loss=2.0288  ploss=-0.0084  vloss=4.0784  ent=0.412  dt=5.3s  total=1004s
update=  70  reward=-2.194  eps=1  samples=32  loss=0.9762  ploss=0.0001  vloss=1.9629  ent=1.066  dt=17.9s  total=1022s
update=  71  reward=+0.000  eps=0  samples=32  loss=1.7654  ploss=-0.0006  vloss=3.5435  ent=1.140  dt=15.9s  total=1038s
update=  72  reward=+0.000  eps=0  samples=32  loss=1.6891  ploss=-0.0000  vloss=3.3782  ent=0.000  dt=8.4s  total=1046s
update=  73  reward=-1.880  eps=1  samples=32  loss=0.3206  ploss=-0.0000  vloss=0.6444  ent=0.330  dt=26.5s  total=1073s
update=  74  reward=+0.000  eps=0  samples=32  loss=0.0555  ploss=0.0002  vloss=0.1136  ent=0.315  dt=16.3s  total=1089s
update=  75  reward=+0.000  eps=0  samples=32  loss=0.8601  ploss=-0.0047  vloss=1.7373  ent=0.759  dt=10.2s  total=1099s
update=  76  reward=-3.440  eps=1  samples=32  loss=0.2562  ploss=0.0032  vloss=0.5157  ent=0.985  dt=2.4s  total=1102s
update=  77  reward=+0.000  eps=0  samples=32  loss=-0.0225  ploss=-0.0161  vloss=0.0212  ent=3.401  dt=5.1s  total=1107s
update=  78  reward=+0.000  eps=0  samples=32  loss=-0.0654  ploss=-0.0163  vloss=0.0041  ent=10.225  dt=5.2s  total=1112s
update=  79  reward=+0.000  eps=0  samples=32  loss=-0.0692  ploss=-0.0242  vloss=0.0102  ent=10.022  dt=7.7s  total=1120s
update=  80  reward=+0.000  eps=0  samples=32  loss=-0.0063  ploss=-0.0287  vloss=0.1413  ent=9.663  dt=8.8s  total=1129s
update=  81  reward=+0.000  eps=0  samples=32  loss=0.0144  ploss=-0.0079  vloss=0.1199  ent=7.536  dt=14.3s  total=1143s
update=  82  reward=+0.000  eps=0  samples=32  loss=-0.0154  ploss=-0.0130  vloss=0.0643  ent=6.913  dt=10.9s  total=1154s
update=  83  reward=+0.000  eps=0  samples=32  loss=0.0297  ploss=-0.0118  vloss=0.1255  ent=4.247  dt=15.3s  total=1169s
update=  84  reward=+0.000  eps=0  samples=32  loss=0.0466  ploss=0.0019  vloss=0.1387  ent=4.935  dt=11.6s  total=1181s
update=  85  reward=+0.000  eps=0  samples=32  loss=0.0216  ploss=-0.0161  vloss=0.0963  ent=2.092  dt=9.6s  total=1191s
update=  86  reward=+0.000  eps=0  samples=32  loss=0.1089  ploss=-0.0007  vloss=0.2293  ent=1.005  dt=12.4s  total=1203s
update=  87  reward=+0.000  eps=0  samples=32  loss=0.2353  ploss=0.0000  vloss=0.4706  ent=0.000  dt=7.7s  total=1211s
update=  88  reward=-2.154  eps=1  samples=32  loss=0.1037  ploss=0.0006  vloss=0.2062  ent=0.015  dt=16.0s  total=1227s
update=  89  reward=+0.000  eps=0  samples=32  loss=-0.0041  ploss=-0.0048  vloss=0.0070  ent=0.568  dt=18.1s  total=1245s
update=  90  reward=+0.000  eps=0  samples=32  loss=-0.0205  ploss=-0.0069  vloss=0.0199  ent=4.713  dt=17.2s  total=1262s
update=  91  reward=+0.000  eps=0  samples=32  loss=0.1987  ploss=-0.0037  vloss=0.4171  ent=1.233  dt=6.6s  total=1269s
update=  92  reward=-1.870  eps=1  samples=32  loss=0.0557  ploss=-0.0025  vloss=0.1224  ent=0.600  dt=2.6s  total=1271s
update=  93  reward=+0.000  eps=0  samples=32  loss=-0.0081  ploss=-0.0023  vloss=0.0354  ent=4.707  dt=2.9s  total=1274s
update=  94  reward=+0.000  eps=0  samples=32  loss=-0.0567  ploss=-0.0117  vloss=0.0069  ent=9.692  dt=4.7s  total=1279s
update=  95  reward=+0.000  eps=0  samples=32  loss=-0.0370  ploss=0.0100  vloss=0.0300  ent=12.402  dt=7.9s  total=1287s
update=  96  reward=+0.000  eps=0  samples=32  loss=-0.0518  ploss=-0.0013  vloss=0.0554  ent=15.640  dt=10.6s  total=1297s
update=  97  reward=+0.000  eps=0  samples=32  loss=-0.1220  ploss=-0.0038  vloss=0.0393  ent=27.567  dt=8.6s  total=1306s
update=  98  reward=+0.000  eps=0  samples=32  loss=-0.1309  ploss=-0.0099  vloss=0.0196  ent=26.164  dt=9.5s  total=1315s
update=  99  reward=+0.000  eps=0  samples=32  loss=-0.1476  ploss=-0.0085  vloss=0.0361  ent=31.420  dt=9.8s  total=1325s
update= 100  reward=+0.000  eps=0  samples=32  loss=-0.1477  ploss=0.0178  vloss=0.0063  ent=33.728  dt=10.5s  total=1336s

  Running eval (10 games)...
    vs apex: W=0% L=100% T=0% (n=10)
    vs random: W=80% L=20% T=0% (n=10)

update= 101  reward=+0.000  eps=0  samples=32  loss=-0.1282  ploss=0.0064  vloss=0.0377  ent=30.678  dt=12.6s  total=3650s
update= 102  reward=+0.000  eps=0  samples=32  loss=-0.1641  ploss=-0.0093  vloss=0.0251  ent=33.483  dt=10.4s  total=3660s
update= 103  reward=+0.000  eps=0  samples=32  loss=-0.1182  ploss=0.0448  vloss=0.0893  ent=41.529  dt=15.5s  total=3676s
update= 104  reward=+0.000  eps=0  samples=32  loss=0.0573  ploss=0.2316  vloss=0.0340  ent=38.265  dt=12.9s  total=3689s
update= 105  reward=+0.000  eps=0  samples=32  loss=0.0967  ploss=0.2099  vloss=0.2410  ent=46.750  dt=14.4s  total=3703s
update= 106  reward=+0.000  eps=0  samples=32  loss=-0.0231  ploss=0.1258  vloss=0.3399  ent=63.766  dt=10.5s  total=3714s
update= 107  reward=+2.228  eps=1  samples=32  loss=-0.2033  ploss=-0.0069  vloss=0.1094  ent=50.219  dt=16.8s  total=3730s
update= 108  reward=+0.000  eps=0  samples=32  loss=0.0580  ploss=0.0001  vloss=0.1159  ent=0.006  dt=20.0s  total=3750s
update= 109  reward=+0.000  eps=0  samples=32  loss=0.2891  ploss=-0.0021  vloss=0.5858  ent=0.341  dt=11.4s  total=3762s
update= 110  reward=+0.000  eps=0  samples=32  loss=0.7463  ploss=0.0001  vloss=1.4934  ent=0.102  dt=5.2s  total=3767s
update= 111  reward=-4.666  eps=1  samples=32  loss=0.5691  ploss=-0.0000  vloss=1.1385  ent=0.023  dt=2.6s  total=3770s
update= 112  reward=+0.000  eps=0  samples=32  loss=0.0033  ploss=0.0119  vloss=0.0050  ent=2.218  dt=2.2s  total=3772s
update= 113  reward=+0.000  eps=0  samples=32  loss=-0.0157  ploss=-0.0028  vloss=0.0045  ent=3.025  dt=3.2s  total=3775s
update= 114  reward=+0.000  eps=0  samples=32  loss=-0.0264  ploss=-0.0023  vloss=0.0015  ent=4.967  dt=6.2s  total=3781s
update= 115  reward=+0.000  eps=0  samples=32  loss=-0.0241  ploss=0.0127  vloss=0.0022  ent=7.590  dt=5.2s  total=3786s
update= 116  reward=+0.000  eps=0  samples=32  loss=-0.0732  ploss=-0.0085  vloss=0.0020  ent=13.151  dt=10.7s  total=3797s
update= 117  reward=+0.000  eps=0  samples=32  loss=-0.0873  ploss=-0.0162  vloss=0.0595  ent=20.175  dt=8.9s  total=3806s
update= 118  reward=+0.000  eps=0  samples=32  loss=-0.0429  ploss=-0.0105  vloss=0.2356  ent=30.053  dt=11.8s  total=3818s
update= 119  reward=+0.000  eps=0  samples=32  loss=-0.1791  ploss=0.0139  vloss=0.0189  ent=40.487  dt=12.2s  total=3830s
update= 120  reward=+0.000  eps=0  samples=32  loss=-0.2356  ploss=-0.0057  vloss=0.0173  ent=47.698  dt=14.9s  total=3845s
update= 121  reward=+0.000  eps=0  samples=32  loss=-0.1700  ploss=0.0733  vloss=0.0252  ent=51.173  dt=16.6s  total=3862s
update= 122  reward=+0.000  eps=0  samples=32  loss=-0.2213  ploss=-0.0090  vloss=0.1290  ent=55.367  dt=13.3s  total=3875s
update= 123  reward=+0.000  eps=0  samples=32  loss=-0.2835  ploss=0.0040  vloss=0.1117  ent=68.668  dt=18.2s  total=3893s
update= 124  reward=+0.000  eps=0  samples=32  loss=-0.2619  ploss=0.0015  vloss=0.1181  ent=64.484  dt=22.1s  total=3915s
update= 125  reward=+0.000  eps=0  samples=32  loss=-0.3183  ploss=-0.0046  vloss=0.0274  ent=65.476  dt=19.3s  total=3935s
update= 126  reward=+0.000  eps=0  samples=32  loss=-0.3707  ploss=-0.0134  vloss=0.0848  ent=79.952  dt=21.2s  total=3956s
update= 127  reward=+1.520  eps=1  samples=32  loss=-0.0575  ploss=0.0233  vloss=0.0948  ent=25.644  dt=22.9s  total=3979s
update= 128  reward=+0.000  eps=0  samples=32  loss=0.3631  ploss=-0.0020  vloss=0.7344  ent=0.408  dt=11.4s  total=3990s
update= 129  reward=-3.674  eps=1  samples=32  loss=0.3371  ploss=0.0011  vloss=0.6762  ent=0.423  dt=5.0s  total=3995s
update= 130  reward=+0.000  eps=0  samples=32  loss=-0.0003  ploss=0.0052  vloss=0.0233  ent=3.416  dt=3.3s  total=3998s
update= 131  reward=+0.000  eps=0  samples=32  loss=-0.0388  ploss=-0.0125  vloss=0.0405  ent=9.319  dt=4.2s  total=4003s
update= 132  reward=+0.000  eps=0  samples=32  loss=-0.0601  ploss=-0.0035  vloss=0.0490  ent=16.214  dt=4.9s  total=4007s
update= 133  reward=+0.000  eps=0  samples=32  loss=-0.1101  ploss=-0.0155  vloss=0.0122  ent=20.125  dt=9.9s  total=4017s
update= 134  reward=+0.000  eps=0  samples=32  loss=-0.1033  ploss=-0.0005  vloss=0.0386  ent=24.423  dt=11.4s  total=4029s
update= 135  reward=+0.000  eps=0  samples=32  loss=-0.1011  ploss=-0.0023  vloss=0.0436  ent=24.131  dt=13.3s  total=4042s
update= 136  reward=+0.000  eps=0  samples=32  loss=-0.1141  ploss=0.0014  vloss=0.0187  ent=24.972  dt=13.8s  total=4056s
update= 137  reward=+0.000  eps=0  samples=32  loss=-0.1319  ploss=0.0049  vloss=0.0802  ent=35.382  dt=12.3s  total=4068s
update= 138  reward=+0.000  eps=0  samples=32  loss=-0.0542  ploss=-0.0199  vloss=0.2359  ent=30.434  dt=13.9s  total=4082s
update= 139  reward=+0.000  eps=0  samples=32  loss=-0.0972  ploss=-0.0048  vloss=0.0574  ent=24.216  dt=12.0s  total=4094s
update= 140  reward=+0.000  eps=0  samples=32  loss=-0.1064  ploss=0.0134  vloss=0.0654  ent=30.493  dt=9.6s  total=4104s
update= 141  reward=+0.000  eps=0  samples=32  loss=-0.0864  ploss=0.0257  vloss=0.1234  ent=34.779  dt=9.0s  total=4113s
update= 142  reward=+0.000  eps=0  samples=32  loss=-0.1943  ploss=-0.0282  vloss=0.0227  ent=35.481  dt=10.6s  total=4123s
update= 143  reward=+0.000  eps=0  samples=32  loss=-0.1778  ploss=0.0039  vloss=0.0512  ent=41.448  dt=9.6s  total=4133s
update= 144  reward=+0.000  eps=0  samples=32  loss=-0.1900  ploss=-0.0088  vloss=0.1060  ent=46.852  dt=14.2s  total=4147s
update= 145  reward=+1.118  eps=1  samples=32  loss=0.0011  ploss=-0.0031  vloss=0.0382  ent=2.970  dt=28.4s  total=4175s
update= 146  reward=+0.000  eps=0  samples=32  loss=0.0655  ploss=-0.0092  vloss=0.1691  ent=1.964  dt=16.0s  total=4191s
update= 147  reward=+0.000  eps=0  samples=32  loss=0.5377  ploss=0.0002  vloss=1.0754  ent=0.047  dt=13.7s  total=4205s
update= 148  reward=-2.414  eps=1  samples=32  loss=0.0586  ploss=-0.0006  vloss=0.1273  ent=0.884  dt=3.8s  total=4209s
update= 149  reward=+0.000  eps=0  samples=32  loss=-0.0214  ploss=-0.0103  vloss=0.0173  ent=3.956  dt=2.8s  total=4212s
update= 150  reward=+0.000  eps=0  samples=32  loss=-0.0349  ploss=-0.0020  vloss=0.0161  ent=8.183  dt=4.2s  total=4216s
update= 151  reward=+0.000  eps=0  samples=32  loss=-0.0567  ploss=-0.0107  vloss=0.1030  ent=19.515  dt=8.1s  total=4224s
update= 152  reward=+0.000  eps=0  samples=32  loss=-0.1480  ploss=-0.0057  vloss=0.0126  ent=29.741  dt=13.6s  total=4238s
update= 153  reward=+0.000  eps=0  samples=32  loss=-0.1805  ploss=-0.0086  vloss=0.0313  ent=37.505  dt=18.1s  total=4256s
update= 154  reward=+0.000  eps=0  samples=32  loss=-0.1806  ploss=-0.0114  vloss=0.0093  ent=34.753  dt=17.9s  total=4274s
update= 155  reward=+0.000  eps=0  samples=32  loss=-0.1584  ploss=-0.0030  vloss=0.0321  ent=34.293  dt=18.4s  total=4292s
update= 156  reward=+0.000  eps=0  samples=32  loss=-0.2175  ploss=-0.0031  vloss=0.0375  ent=46.628  dt=16.7s  total=4309s
update= 157  reward=+0.000  eps=0  samples=32  loss=-0.2046  ploss=-0.0225  vloss=0.1034  ent=46.747  dt=19.6s  total=4328s
update= 158  reward=+0.000  eps=0  samples=32  loss=-0.2659  ploss=-0.0213  vloss=0.0556  ent=54.475  dt=18.8s  total=4347s
update= 159  reward=+0.000  eps=0  samples=32  loss=-0.0622  ploss=0.1235  vloss=0.1543  ent=52.564  dt=12.6s  total=4360s
update= 160  reward=+0.000  eps=0  samples=32  loss=-0.0513  ploss=0.1271  vloss=0.0629  ent=41.969  dt=13.2s  total=4373s
update= 161  reward=+0.000  eps=0  samples=32  loss=-0.0719  ploss=0.0007  vloss=0.2251  ent=37.027  dt=14.0s  total=4387s
update= 162  reward=+0.000  eps=0  samples=32  loss=-0.2117  ploss=-0.0164  vloss=0.0162  ent=40.679  dt=18.8s  total=4406s
update= 163  reward=-1.296  eps=1  samples=32  loss=-0.1556  ploss=0.0068  vloss=0.0236  ent=34.829  dt=17.5s  total=4423s
update= 164  reward=+0.000  eps=0  samples=32  loss=0.0032  ploss=-0.0009  vloss=0.0210  ent=1.268  dt=15.2s  total=4438s
update= 165  reward=+0.000  eps=0  samples=32  loss=0.0329  ploss=0.0026  vloss=0.0969  ent=3.619  dt=13.2s  total=4452s
update= 166  reward=+0.000  eps=0  samples=32  loss=0.2151  ploss=-0.0047  vloss=0.4401  ent=0.063  dt=6.4s  total=4458s
update= 167  reward=-2.466  eps=1  samples=32  loss=0.0640  ploss=0.0000  vloss=0.1280  ent=0.000  dt=2.7s  total=4461s
update= 168  reward=+0.000  eps=0  samples=32  loss=-0.0089  ploss=-0.0011  vloss=0.0061  ent=2.180  dt=2.4s  total=4463s
update= 169  reward=+0.000  eps=0  samples=32  loss=-0.0157  ploss=-0.0046  vloss=0.0072  ent=2.939  dt=4.2s  total=4467s
update= 170  reward=+0.000  eps=0  samples=32  loss=-0.0154  ploss=-0.0049  vloss=0.0192  ent=4.023  dt=5.2s  total=4473s
update= 171  reward=+0.000  eps=0  samples=32  loss=-0.0253  ploss=-0.0062  vloss=0.0477  ent=8.574  dt=5.4s  total=4478s
update= 172  reward=+0.000  eps=0  samples=32  loss=-0.0535  ploss=-0.0190  vloss=0.0257  ent=9.472  dt=4.5s  total=4482s
update= 173  reward=+0.000  eps=0  samples=32  loss=0.0615  ploss=0.0136  vloss=0.2589  ent=16.291  dt=5.8s  total=4488s
update= 174  reward=+0.000  eps=0  samples=32  loss=-0.0404  ploss=-0.0172  vloss=0.2055  ent=25.203  dt=6.4s  total=4495s
update= 175  reward=+0.000  eps=0  samples=32  loss=-0.1035  ploss=0.0332  vloss=0.0573  ent=33.073  dt=6.7s  total=4501s
update= 176  reward=+0.000  eps=0  samples=32  loss=-0.1935  ploss=-0.0326  vloss=0.0560  ent=37.782  dt=8.3s  total=4510s
update= 177  reward=+0.000  eps=0  samples=32  loss=-0.0201  ploss=0.0679  vloss=0.2344  ent=41.046  dt=8.4s  total=4518s
update= 178  reward=+0.000  eps=0  samples=32  loss=0.0708  ploss=0.2404  vloss=0.1384  ent=47.763  dt=8.7s  total=4527s
update= 179  reward=+0.000  eps=0  samples=32  loss=-0.1913  ploss=-0.0111  vloss=0.1322  ent=49.266  dt=9.4s  total=4536s
update= 180  reward=+0.000  eps=0  samples=32  loss=0.2030  ploss=0.2527  vloss=0.3623  ent=46.165  dt=8.2s  total=4544s
update= 181  reward=+0.000  eps=0  samples=32  loss=-0.0693  ploss=0.0652  vloss=0.3142  ent=58.310  dt=8.3s  total=4553s
update= 182  reward=+2.684  eps=1  samples=32  loss=-0.0282  ploss=0.0224  vloss=0.4634  ent=56.469  dt=9.9s  total=4563s
update= 183  reward=+0.000  eps=0  samples=32  loss=0.0234  ploss=-0.0017  vloss=0.0546  ent=0.434  dt=15.2s  total=4578s
update= 184  reward=+0.000  eps=0  samples=32  loss=0.1258  ploss=-0.0007  vloss=0.2589  ent=0.599  dt=8.3s  total=4586s
update= 185  reward=-3.652  eps=1  samples=32  loss=0.3328  ploss=-0.0024  vloss=0.6765  ent=0.629  dt=11.9s  total=4598s
update= 186  reward=+0.000  eps=0  samples=32  loss=-0.0011  ploss=0.0005  vloss=0.0261  ent=2.925  dt=13.5s  total=4612s
update= 187  reward=+0.000  eps=0  samples=32  loss=0.8132  ploss=0.0004  vloss=1.6893  ent=6.363  dt=12.3s  total=4624s
update= 188  reward=+0.000  eps=0  samples=32  loss=0.7841  ploss=0.0028  vloss=1.5895  ent=2.700  dt=6.7s  total=4631s
update= 189  reward=-2.974  eps=1  samples=32  loss=0.0639  ploss=0.0000  vloss=0.1284  ent=0.072  dt=2.2s  total=4633s
update= 190  reward=+0.000  eps=0  samples=32  loss=-0.0003  ploss=-0.0037  vloss=0.0165  ent=0.966  dt=2.6s  total=4635s
update= 191  reward=+0.000  eps=0  samples=32  loss=-0.0128  ploss=-0.0153  vloss=0.0548  ent=4.985  dt=4.3s  total=4640s
update= 192  reward=+0.000  eps=0  samples=32  loss=-0.0504  ploss=-0.0100  vloss=0.0973  ent=17.803  dt=6.7s  total=4646s
update= 193  reward=+0.000  eps=0  samples=32  loss=-0.0764  ploss=-0.0137  vloss=0.1410  ent=26.640  dt=9.2s  total=4656s
update= 194  reward=+0.000  eps=0  samples=32  loss=-0.1090  ploss=0.0045  vloss=0.2252  ent=45.217  dt=11.8s  total=4667s
update= 195  reward=+0.000  eps=0  samples=32  loss=-0.0676  ploss=-0.0097  vloss=0.3108  ent=42.662  dt=11.6s  total=4679s
update= 196  reward=+0.000  eps=0  samples=32  loss=-0.0148  ploss=-0.0006  vloss=0.4758  ent=50.429  dt=11.1s  total=4690s
update= 197  reward=+0.000  eps=0  samples=32  loss=0.0904  ploss=0.0721  vloss=0.7014  ent=66.487  dt=11.5s  total=4702s
update= 198  reward=+0.000  eps=0  samples=32  loss=-0.1288  ploss=0.0374  vloss=0.3710  ent=70.342  dt=13.0s  total=4715s
update= 199  reward=+0.000  eps=0  samples=32  loss=-0.0454  ploss=0.0073  vloss=0.5929  ent=69.831  dt=12.4s  total=4727s
update= 200  reward=+4.288  eps=1  samples=32  loss=0.1157  ploss=-0.0060  vloss=0.8414  ent=59.796  dt=14.7s  total=4742s

  Running eval (10 games)...
    vs apex: W=0% L=100% T=0% (n=10)
    vs random: W=90% L=10% T=0% (n=10)

  -> saved checkpoint at update 200

Training complete. Total time: 7606s
