V2 Config: hparam_low_lr, device=cpu, updates=200
  envs=1, rollout_steps=32, opponent=apex
  OrbitNet params: 517,891
  MixedScheduler: 4p_prob=0.0, rule_based=0.5->0.1 over 1000 updates
[kaggle_environments.envs.open_spiel_env.open_spiel_env] INFO: Successfully loaded OpenSpiel environments: 19.
[kaggle_environments.envs.open_spiel_env.open_spiel_env] INFO:    open_spiel_amazons
[kaggle_environments.envs.open_spiel_env.open_spiel_env] INFO:    open_spiel_backgammon
[kaggle_environments.envs.open_spiel_env.open_spiel_env] INFO:    open_spiel_checkers
[kaggle_environments.envs.open_spiel_env.open_spiel_env] INFO:    open_spiel_chess
[kaggle_environments.envs.open_spiel_env.open_spiel_env] INFO:    open_spiel_connect_four
[kaggle_environments.envs.open_spiel_env.open_spiel_env] INFO:    open_spiel_dark_hex
[kaggle_environments.envs.open_spiel_env.open_spiel_env] INFO:    open_spiel_gin_rummy
[kaggle_environments.envs.open_spiel_env.open_spiel_env] INFO:    open_spiel_go
[kaggle_environments.envs.open_spiel_env.open_spiel_env] INFO:    open_spiel_goofspiel
[kaggle_environments.envs.open_spiel_env.open_spiel_env] INFO:    open_spiel_hearts
[kaggle_environments.envs.open_spiel_env.open_spiel_env] INFO:    open_spiel_hex
[kaggle_environments.envs.open_spiel_env.open_spiel_env] INFO:    open_spiel_matching_pennies_3p
[kaggle_environments.envs.open_spiel_env.open_spiel_env] INFO:    open_spiel_othello
[kaggle_environments.envs.open_spiel_env.open_spiel_env] INFO:    open_spiel_repeated_game
[kaggle_environments.envs.open_spiel_env.open_spiel_env] INFO:    open_spiel_tic_tac_toe
[kaggle_environments.envs.open_spiel_env.open_spiel_env] INFO:    open_spiel_y
[kaggle_environments.envs.open_spiel_env.open_spiel_env] INFO:    open_spiel_universal_poker
[kaggle_environments.envs.open_spiel_env.open_spiel_env] INFO:    open_spiel_repeated_poker
[kaggle_environments.envs.open_spiel_env.open_spiel_env] INFO:    open_spiel_python_repeated_pokerkit
[kaggle_environments.envs.open_spiel_env.open_spiel_env] INFO: OpenSpiel games skipped: 1.
[kaggle_environments.envs.open_spiel_env.open_spiel_env] INFO:    snake

=== PPO training (updates 1..200, 200 remaining) ===
update=   1  reward=+0.000  eps=0  samples=32  loss=-0.0540  ploss=-0.0001  vloss=0.0219  ent=2.165  dt=15.6s  total=16s
update=   2  reward=+0.000  eps=0  samples=32  loss=-0.1120  ploss=-0.0002  vloss=0.0818  ent=5.090  dt=8.0s  total=24s
update=   3  reward=+0.000  eps=0  samples=32  loss=0.3103  ploss=-0.0000  vloss=0.6550  ent=0.572  dt=6.0s  total=30s
update=   4  reward=-2.008  eps=1  samples=32  loss=0.0550  ploss=-0.0000  vloss=0.2197  ent=1.828  dt=4.6s  total=34s
update=   5  reward=+0.000  eps=0  samples=32  loss=-0.1407  ploss=-0.0001  vloss=0.0051  ent=4.769  dt=9.7s  total=44s
update=   6  reward=+0.000  eps=0  samples=32  loss=-0.5512  ploss=-0.0003  vloss=0.0166  ent=18.639  dt=9.2s  total=53s
update=   7  reward=+0.000  eps=0  samples=32  loss=-0.6670  ploss=-0.0006  vloss=0.0055  ent=22.303  dt=11.0s  total=64s
update=   8  reward=+0.000  eps=0  samples=32  loss=-0.7959  ploss=-0.0007  vloss=0.0309  ent=27.024  dt=16.1s  total=80s
update=   9  reward=+0.000  eps=0  samples=32  loss=-0.8880  ploss=0.0004  vloss=0.0501  ent=30.446  dt=17.6s  total=98s
update=  10  reward=+0.000  eps=0  samples=32  loss=-0.8300  ploss=-0.0003  vloss=0.0596  ent=28.649  dt=15.8s  total=114s
update=  11  reward=+0.000  eps=0  samples=32  loss=-0.6661  ploss=-0.0001  vloss=0.1239  ent=24.265  dt=18.5s  total=132s
update=  12  reward=+0.000  eps=0  samples=32  loss=-0.6112  ploss=-0.0002  vloss=0.1275  ent=22.489  dt=16.0s  total=148s
update=  13  reward=+0.000  eps=0  samples=32  loss=-0.6686  ploss=0.0001  vloss=0.1047  ent=24.033  dt=18.7s  total=167s
update=  14  reward=+0.000  eps=0  samples=32  loss=-0.3711  ploss=0.0001  vloss=0.2532  ent=16.593  dt=19.8s  total=187s
update=  15  reward=+0.000  eps=0  samples=32  loss=-0.1200  ploss=-0.0000  vloss=0.4510  ent=11.517  dt=18.4s  total=205s
update=  16  reward=+0.000  eps=0  samples=32  loss=-0.1026  ploss=-0.0000  vloss=0.2834  ent=8.143  dt=16.4s  total=222s
update=  17  reward=+0.000  eps=0  samples=32  loss=-0.0399  ploss=-0.0000  vloss=0.2949  ent=6.245  dt=17.0s  total=239s
update=  18  reward=+0.000  eps=0  samples=32  loss=0.0538  ploss=-0.0000  vloss=0.4034  ent=4.930  dt=16.5s  total=255s
update=  19  reward=-2.052  eps=1  samples=32  loss=-0.0525  ploss=-0.0000  vloss=0.1561  ent=4.349  dt=15.5s  total=271s
update=  20  reward=+0.000  eps=0  samples=32  loss=-0.0409  ploss=-0.0002  vloss=0.0028  ent=1.403  dt=2.1s  total=273s
update=  21  reward=+0.000  eps=0  samples=32  loss=-0.0920  ploss=-0.0004  vloss=0.0038  ent=3.119  dt=2.9s  total=276s
update=  22  reward=+0.000  eps=0  samples=32  loss=-0.2393  ploss=-0.0005  vloss=0.0095  ent=8.122  dt=3.3s  total=279s
update=  23  reward=+0.000  eps=0  samples=32  loss=-0.5439  ploss=-0.0010  vloss=0.0421  ent=18.799  dt=5.4s  total=284s
update=  24  reward=+0.000  eps=0  samples=32  loss=-1.1030  ploss=0.0003  vloss=0.2579  ent=41.075  dt=12.8s  total=297s
update=  25  reward=+0.000  eps=0  samples=32  loss=-1.5542  ploss=0.0003  vloss=0.2867  ent=56.594  dt=15.1s  total=312s
update=  26  reward=+0.000  eps=0  samples=32  loss=-1.7920  ploss=-0.0022  vloss=0.2565  ent=63.937  dt=17.1s  total=329s
update=  27  reward=+0.000  eps=0  samples=32  loss=-2.1339  ploss=-0.0014  vloss=0.4226  ent=78.126  dt=22.9s  total=352s
update=  28  reward=+0.000  eps=0  samples=32  loss=-2.6181  ploss=-0.0009  vloss=0.2442  ent=91.309  dt=17.6s  total=370s
update=  29  reward=+0.000  eps=0  samples=32  loss=-2.5029  ploss=-0.0002  vloss=0.3487  ent=89.236  dt=14.6s  total=384s
update=  30  reward=+0.000  eps=0  samples=32  loss=-2.6595  ploss=-0.0002  vloss=0.6594  ent=99.636  dt=16.4s  total=401s
update=  31  reward=+0.000  eps=0  samples=32  loss=-3.2574  ploss=-0.0004  vloss=0.2909  ent=113.415  dt=17.2s  total=418s
update=  32  reward=+1.426  eps=1  samples=32  loss=-0.4580  ploss=-0.0005  vloss=0.1683  ent=18.056  dt=25.7s  total=444s
update=  33  reward=+0.000  eps=0  samples=32  loss=0.2045  ploss=-0.0000  vloss=0.6966  ent=4.792  dt=11.8s  total=456s
update=  34  reward=+0.000  eps=0  samples=32  loss=0.7982  ploss=-0.0000  vloss=1.7610  ent=2.742  dt=8.5s  total=464s
update=  35  reward=-5.846  eps=1  samples=32  loss=0.9525  ploss=0.0000  vloss=1.9164  ent=0.190  dt=2.6s  total=467s
update=  36  reward=+0.000  eps=0  samples=32  loss=-0.1211  ploss=-0.0000  vloss=0.0006  ent=4.048  dt=2.6s  total=469s
update=  37  reward=+0.000  eps=0  samples=32  loss=-0.4615  ploss=-0.0001  vloss=0.0039  ent=15.448  dt=5.7s  total=475s
update=  38  reward=+0.000  eps=0  samples=32  loss=-0.8763  ploss=-0.0001  vloss=0.0068  ent=29.318  dt=7.8s  total=483s
update=  39  reward=+0.000  eps=0  samples=32  loss=-0.9643  ploss=0.0000  vloss=0.0015  ent=32.169  dt=10.2s  total=493s
update=  40  reward=+0.000  eps=0  samples=32  loss=-1.1539  ploss=-0.0001  vloss=0.0044  ent=38.534  dt=10.3s  total=503s
update=  41  reward=+0.000  eps=0  samples=32  loss=-1.4943  ploss=-0.0002  vloss=0.0229  ent=50.187  dt=12.3s  total=516s
update=  42  reward=+0.000  eps=0  samples=32  loss=-1.3872  ploss=-0.0001  vloss=0.0087  ent=46.383  dt=12.9s  total=528s
update=  43  reward=+0.000  eps=0  samples=32  loss=-1.6373  ploss=-0.0003  vloss=0.1915  ent=57.762  dt=14.5s  total=543s
update=  44  reward=+0.000  eps=0  samples=32  loss=-1.8124  ploss=-0.0001  vloss=0.0344  ent=60.983  dt=15.3s  total=558s
update=  45  reward=+0.000  eps=0  samples=32  loss=-1.6627  ploss=0.0001  vloss=0.0983  ent=57.068  dt=13.1s  total=571s
update=  46  reward=+0.000  eps=0  samples=32  loss=-1.7805  ploss=0.0000  vloss=0.2476  ent=63.478  dt=15.2s  total=586s
update=  47  reward=+0.000  eps=0  samples=32  loss=-2.0580  ploss=-0.0001  vloss=0.4463  ent=76.036  dt=15.1s  total=602s
update=  48  reward=+0.000  eps=0  samples=32  loss=-1.9227  ploss=-0.0001  vloss=0.3352  ent=69.674  dt=12.8s  total=614s
update=  49  reward=+0.000  eps=0  samples=32  loss=-1.8958  ploss=-0.0001  vloss=0.4805  ent=71.199  dt=12.5s  total=627s
update=  50  reward=+0.000  eps=0  samples=32  loss=-2.2847  ploss=-0.0002  vloss=0.1907  ent=79.331  dt=11.6s  total=638s
update=  51  reward=+1.500  eps=1  samples=32  loss=-0.4021  ploss=0.0001  vloss=0.1189  ent=15.387  dt=7.0s  total=645s
update=  52  reward=+0.000  eps=0  samples=32  loss=-0.0612  ploss=-0.0000  vloss=0.0138  ent=2.270  dt=2.4s  total=648s
update=  53  reward=+0.000  eps=0  samples=32  loss=-0.2741  ploss=-0.0000  vloss=0.0266  ent=9.578  dt=4.1s  total=652s
update=  54  reward=+0.000  eps=0  samples=32  loss=-0.4847  ploss=-0.0001  vloss=0.0285  ent=16.631  dt=6.6s  total=659s
update=  55  reward=+0.000  eps=0  samples=32  loss=-0.6035  ploss=-0.0001  vloss=0.0051  ent=20.200  dt=6.6s  total=665s
update=  56  reward=+0.000  eps=0  samples=32  loss=-0.9275  ploss=-0.0001  vloss=0.0074  ent=31.039  dt=11.3s  total=676s
update=  57  reward=+0.000  eps=0  samples=32  loss=-0.8092  ploss=-0.0000  vloss=0.0871  ent=28.423  dt=12.9s  total=689s
update=  58  reward=+0.000  eps=0  samples=32  loss=-0.8850  ploss=-0.0001  vloss=0.0058  ent=29.590  dt=12.7s  total=702s
update=  59  reward=+0.000  eps=0  samples=32  loss=-1.0480  ploss=0.0000  vloss=0.0105  ent=35.110  dt=12.2s  total=714s
update=  60  reward=+0.000  eps=0  samples=32  loss=-0.9360  ploss=-0.0000  vloss=0.1265  ent=33.308  dt=10.2s  total=724s
update=  61  reward=+0.000  eps=0  samples=32  loss=-0.7788  ploss=-0.0000  vloss=0.1091  ent=27.777  dt=10.7s  total=735s
update=  62  reward=+0.000  eps=0  samples=32  loss=-0.8413  ploss=-0.0000  vloss=0.0363  ent=28.645  dt=14.4s  total=750s
update=  63  reward=+0.000  eps=0  samples=32  loss=-0.9337  ploss=-0.0000  vloss=0.0378  ent=31.752  dt=12.8s  total=762s
update=  64  reward=+0.000  eps=0  samples=32  loss=-0.7251  ploss=-0.0001  vloss=0.1173  ent=26.122  dt=11.6s  total=774s
update=  65  reward=+0.000  eps=0  samples=32  loss=-0.9861  ploss=0.0000  vloss=0.0292  ent=33.357  dt=16.2s  total=790s
update=  66  reward=+0.000  eps=0  samples=32  loss=-0.9394  ploss=-0.0000  vloss=0.1286  ent=33.457  dt=13.3s  total=803s
update=  67  reward=-1.000  eps=1  samples=32  loss=-0.0539  ploss=-0.0001  vloss=0.0286  ent=2.269  dt=31.2s  total=835s
update=  68  reward=+0.000  eps=0  samples=32  loss=-0.0681  ploss=0.0000  vloss=0.0272  ent=2.725  dt=23.9s  total=858s
update=  69  reward=+0.000  eps=0  samples=32  loss=0.1301  ploss=-0.0000  vloss=0.3473  ent=1.450  dt=12.5s  total=871s
update=  70  reward=+0.000  eps=0  samples=32  loss=0.5648  ploss=-0.0000  vloss=1.1296  ent=0.000  dt=2.9s  total=874s
update=  71  reward=-2.904  eps=1  samples=32  loss=0.2767  ploss=-0.0000  vloss=0.6025  ent=0.818  dt=17.0s  total=891s
update=  72  reward=+0.000  eps=0  samples=32  loss=0.4107  ploss=0.0000  vloss=0.9088  ent=1.456  dt=14.4s  total=905s
update=  73  reward=+0.000  eps=0  samples=32  loss=0.9735  ploss=0.0000  vloss=1.9496  ent=0.043  dt=8.8s  total=914s
update=  74  reward=-1.200  eps=1  samples=32  loss=-0.0270  ploss=-0.0000  vloss=0.0783  ent=2.204  dt=24.8s  total=939s
update=  75  reward=+0.000  eps=0  samples=32  loss=-0.0608  ploss=-0.0000  vloss=0.1534  ent=4.585  dt=14.5s  total=953s
update=  76  reward=+0.000  eps=0  samples=32  loss=0.7421  ploss=0.0000  vloss=1.6352  ent=2.517  dt=10.1s  total=963s
update=  77  reward=-4.428  eps=1  samples=32  loss=0.5113  ploss=0.0000  vloss=1.0629  ent=0.673  dt=2.7s  total=966s
update=  78  reward=+0.000  eps=0  samples=32  loss=-0.0840  ploss=-0.0000  vloss=0.0100  ent=2.966  dt=2.5s  total=969s
update=  79  reward=+0.000  eps=0  samples=32  loss=-0.2611  ploss=-0.0002  vloss=0.0291  ent=9.180  dt=4.0s  total=973s
update=  80  reward=+0.000  eps=0  samples=32  loss=-0.3299  ploss=-0.0001  vloss=0.0147  ent=11.239  dt=6.9s  total=980s
update=  81  reward=+0.000  eps=0  samples=32  loss=-0.3927  ploss=-0.0000  vloss=0.0035  ent=13.145  dt=7.5s  total=987s
update=  82  reward=+0.000  eps=0  samples=32  loss=-0.5750  ploss=-0.0003  vloss=0.0122  ent=19.359  dt=9.3s  total=996s
update=  83  reward=+0.000  eps=0  samples=32  loss=-0.5806  ploss=0.0000  vloss=0.0478  ent=20.152  dt=9.3s  total=1006s
update=  84  reward=+0.000  eps=0  samples=32  loss=-0.6756  ploss=-0.0002  vloss=0.0447  ent=23.259  dt=9.5s  total=1015s
update=  85  reward=+0.000  eps=0  samples=32  loss=-0.8731  ploss=0.0000  vloss=0.0028  ent=29.151  dt=10.4s  total=1026s
update=  86  reward=+0.000  eps=0  samples=32  loss=-0.7941  ploss=-0.0000  vloss=0.0420  ent=27.168  dt=10.4s  total=1036s
update=  87  reward=+0.000  eps=0  samples=32  loss=-0.7578  ploss=-0.0000  vloss=0.0138  ent=25.492  dt=11.0s  total=1047s
update=  88  reward=+0.000  eps=0  samples=32  loss=-0.8689  ploss=-0.0000  vloss=0.0148  ent=29.208  dt=13.1s  total=1060s
update=  89  reward=+0.000  eps=0  samples=32  loss=-0.7202  ploss=-0.0000  vloss=0.2645  ent=28.413  dt=11.3s  total=1071s
update=  90  reward=+0.000  eps=0  samples=32  loss=-0.2828  ploss=-0.0000  vloss=0.3383  ent=15.062  dt=11.5s  total=1083s
update=  91  reward=+0.000  eps=0  samples=32  loss=-0.2155  ploss=-0.0000  vloss=0.4479  ent=14.649  dt=12.5s  total=1095s
update=  92  reward=+0.000  eps=0  samples=32  loss=-0.2736  ploss=-0.0000  vloss=0.1782  ent=12.090  dt=14.9s  total=1110s
update=  93  reward=-1.114  eps=1  samples=32  loss=-0.0632  ploss=-0.0000  vloss=0.0429  ent=2.823  dt=25.7s  total=1136s
update=  94  reward=+0.000  eps=0  samples=32  loss=-0.2260  ploss=-0.0000  vloss=0.0025  ent=7.576  dt=19.1s  total=1155s
update=  95  reward=+0.000  eps=0  samples=32  loss=-0.1517  ploss=-0.0000  vloss=0.2627  ent=9.433  dt=13.4s  total=1169s
update=  96  reward=+0.000  eps=0  samples=32  loss=0.4467  ploss=-0.0000  vloss=0.9042  ent=0.180  dt=2.9s  total=1171s
update=  97  reward=-2.386  eps=1  samples=32  loss=0.0712  ploss=-0.0000  vloss=0.2141  ent=1.194  dt=2.3s  total=1174s
update=  98  reward=+0.000  eps=0  samples=32  loss=-0.0768  ploss=-0.0003  vloss=0.0057  ent=2.643  dt=2.8s  total=1176s
update=  99  reward=+0.000  eps=0  samples=32  loss=-0.0856  ploss=-0.0002  vloss=0.1515  ent=5.371  dt=4.4s  total=1181s
update= 100  reward=+0.000  eps=0  samples=32  loss=-0.0895  ploss=-0.0002  vloss=0.1268  ent=5.092  dt=6.7s  total=1188s

  Running eval (10 games)...
    vs apex: W=0% L=100% T=0% (n=10)
    vs random: W=90% L=10% T=0% (n=10)

update= 101  reward=+0.000  eps=0  samples=32  loss=-0.1052  ploss=0.0000  vloss=0.1195  ent=5.501  dt=6.1s  total=4419s
update= 102  reward=+0.000  eps=0  samples=32  loss=-0.0620  ploss=0.0000  vloss=0.1469  ent=4.517  dt=8.5s  total=4428s
update= 103  reward=+0.000  eps=0  samples=32  loss=0.0373  ploss=-0.0000  vloss=0.2335  ent=2.650  dt=8.8s  total=4437s
update= 104  reward=+0.000  eps=0  samples=32  loss=0.1214  ploss=-0.0000  vloss=0.3709  ent=2.136  dt=9.9s  total=4446s
update= 105  reward=+0.000  eps=0  samples=32  loss=0.1663  ploss=-0.0000  vloss=0.4836  ent=2.517  dt=12.8s  total=4459s
update= 106  reward=+0.000  eps=0  samples=32  loss=-0.0191  ploss=-0.0000  vloss=0.0895  ent=2.130  dt=9.8s  total=4469s
update= 107  reward=+0.000  eps=0  samples=32  loss=0.1068  ploss=-0.0000  vloss=0.3333  ent=1.995  dt=8.4s  total=4477s
update= 108  reward=+0.000  eps=0  samples=32  loss=0.1539  ploss=-0.0000  vloss=0.3671  ent=0.990  dt=9.6s  total=4487s
update= 109  reward=-2.042  eps=1  samples=32  loss=0.0272  ploss=0.0000  vloss=0.0564  ent=0.034  dt=9.2s  total=4496s
update= 110  reward=+0.000  eps=0  samples=32  loss=-0.0743  ploss=-0.0000  vloss=0.0244  ent=2.883  dt=1.9s  total=4498s
update= 111  reward=+0.000  eps=0  samples=32  loss=-0.2983  ploss=-0.0000  vloss=0.0924  ent=11.482  dt=3.3s  total=4501s
update= 112  reward=+0.000  eps=0  samples=32  loss=-0.6035  ploss=-0.0000  vloss=0.0757  ent=21.377  dt=6.2s  total=4508s
update= 113  reward=+0.000  eps=0  samples=32  loss=-0.6548  ploss=-0.0000  vloss=0.1797  ent=24.822  dt=5.7s  total=4513s
update= 114  reward=+0.000  eps=0  samples=32  loss=-0.9662  ploss=0.0000  vloss=0.1847  ent=35.286  dt=6.9s  total=4520s
update= 115  reward=+0.000  eps=0  samples=32  loss=-1.3004  ploss=-0.0002  vloss=0.2384  ent=47.310  dt=8.6s  total=4529s
update= 116  reward=+0.000  eps=0  samples=32  loss=-1.2197  ploss=0.0001  vloss=0.5571  ent=49.945  dt=8.0s  total=4537s
update= 117  reward=+0.000  eps=0  samples=32  loss=-1.4315  ploss=-0.0002  vloss=0.8602  ent=62.048  dt=9.1s  total=4546s
update= 118  reward=+0.000  eps=0  samples=32  loss=-2.0224  ploss=-0.0001  vloss=0.3053  ent=72.497  dt=9.5s  total=4556s
update= 119  reward=+3.020  eps=1  samples=32  loss=-1.0074  ploss=-0.0001  vloss=0.6365  ent=44.186  dt=7.4s  total=4563s
update= 120  reward=+0.000  eps=0  samples=32  loss=-0.0790  ploss=-0.0000  vloss=0.0004  ent=2.641  dt=2.0s  total=4565s
update= 121  reward=+0.000  eps=0  samples=32  loss=-0.1114  ploss=-0.0000  vloss=0.0020  ent=3.747  dt=3.9s  total=4569s
update= 122  reward=+0.000  eps=0  samples=32  loss=-0.2877  ploss=-0.0000  vloss=0.0049  ent=9.670  dt=4.6s  total=4573s
update= 123  reward=+0.000  eps=0  samples=32  loss=-0.4931  ploss=-0.0000  vloss=0.0266  ent=16.880  dt=6.4s  total=4580s
update= 124  reward=+0.000  eps=0  samples=32  loss=-0.7354  ploss=-0.0000  vloss=0.0108  ent=24.692  dt=8.4s  total=4588s
update= 125  reward=+0.000  eps=0  samples=32  loss=-0.9102  ploss=-0.0001  vloss=0.0023  ent=30.373  dt=10.2s  total=4598s
update= 126  reward=+0.000  eps=0  samples=32  loss=-1.0791  ploss=-0.0001  vloss=0.0116  ent=36.162  dt=12.0s  total=4610s
update= 127  reward=+0.000  eps=0  samples=32  loss=-1.4594  ploss=0.0000  vloss=0.0111  ent=48.832  dt=15.4s  total=4626s
update= 128  reward=+0.000  eps=0  samples=32  loss=-1.6236  ploss=-0.0001  vloss=0.0119  ent=54.314  dt=16.6s  total=4642s
update= 129  reward=+0.000  eps=0  samples=32  loss=-1.5539  ploss=-0.0000  vloss=0.0086  ent=51.940  dt=16.6s  total=4659s
update= 130  reward=+0.000  eps=0  samples=32  loss=-1.5098  ploss=-0.0001  vloss=0.0091  ent=50.477  dt=14.4s  total=4673s
update= 131  reward=+0.000  eps=0  samples=32  loss=-1.5709  ploss=-0.0001  vloss=0.0222  ent=52.730  dt=19.2s  total=4693s
update= 132  reward=+0.000  eps=0  samples=32  loss=-1.3232  ploss=-0.0001  vloss=0.0504  ent=44.946  dt=19.5s  total=4712s
update= 133  reward=+0.000  eps=0  samples=32  loss=-1.5518  ploss=-0.0001  vloss=0.0195  ent=52.050  dt=17.5s  total=4730s
update= 134  reward=+0.000  eps=0  samples=32  loss=-1.7465  ploss=-0.0001  vloss=0.0065  ent=58.321  dt=20.5s  total=4750s
update= 135  reward=+1.172  eps=1  samples=32  loss=-0.3464  ploss=-0.0000  vloss=0.1029  ent=13.262  dt=23.3s  total=4773s
update= 136  reward=-4.307  eps=1  samples=32  loss=0.6616  ploss=-0.0000  vloss=1.4600  ent=2.281  dt=13.0s  total=4786s
update= 137  reward=+0.000  eps=0  samples=32  loss=-0.0377  ploss=-0.0000  vloss=0.0716  ent=2.451  dt=12.0s  total=4798s
update= 138  reward=+0.000  eps=0  samples=32  loss=0.0749  ploss=0.0000  vloss=0.3959  ent=4.103  dt=8.2s  total=4807s
update= 139  reward=+0.000  eps=0  samples=32  loss=0.2884  ploss=-0.0000  vloss=0.7288  ent=2.535  dt=7.4s  total=4814s
update= 140  reward=+0.000  eps=0  samples=32  loss=0.4050  ploss=0.0000  vloss=0.8101  ent=0.000  dt=2.5s  total=4816s
update= 141  reward=-1.448  eps=1  samples=32  loss=0.0417  ploss=-0.0000  vloss=0.1114  ent=0.466  dt=24.1s  total=4841s
update= 142  reward=+0.000  eps=0  samples=32  loss=-0.0414  ploss=0.0000  vloss=0.1014  ent=3.069  dt=18.1s  total=4859s
update= 143  reward=+0.000  eps=0  samples=32  loss=0.5756  ploss=-0.0000  vloss=1.2590  ent=1.796  dt=13.8s  total=4872s
update= 144  reward=-3.992  eps=1  samples=32  loss=0.3983  ploss=0.0000  vloss=0.8234  ent=0.446  dt=6.2s  total=4879s
update= 145  reward=+0.000  eps=0  samples=32  loss=-0.0810  ploss=0.0000  vloss=0.0263  ent=3.141  dt=2.8s  total=4881s
update= 146  reward=+0.000  eps=0  samples=32  loss=-0.2742  ploss=-0.0002  vloss=0.0123  ent=9.338  dt=3.6s  total=4885s
update= 147  reward=+0.000  eps=0  samples=32  loss=-0.5538  ploss=-0.0001  vloss=0.0220  ent=18.824  dt=7.0s  total=4892s
update= 148  reward=+0.000  eps=0  samples=32  loss=-0.5064  ploss=-0.0000  vloss=0.0960  ent=18.480  dt=12.2s  total=4904s
update= 149  reward=+0.000  eps=0  samples=32  loss=-0.5413  ploss=-0.0000  vloss=0.1145  ent=19.951  dt=14.0s  total=4918s
update= 150  reward=+0.000  eps=0  samples=32  loss=-0.6354  ploss=-0.0001  vloss=0.0386  ent=21.817  dt=14.3s  total=4933s
update= 151  reward=+0.000  eps=0  samples=32  loss=-0.6016  ploss=-0.0000  vloss=0.1072  ent=21.839  dt=14.9s  total=4947s
update= 152  reward=+0.000  eps=0  samples=32  loss=-0.6697  ploss=-0.0001  vloss=0.1661  ent=25.090  dt=13.7s  total=4961s
update= 153  reward=+0.000  eps=0  samples=32  loss=-0.6221  ploss=0.0000  vloss=0.1134  ent=22.628  dt=13.7s  total=4975s
update= 154  reward=+0.000  eps=0  samples=32  loss=-0.3164  ploss=-0.0001  vloss=0.3418  ent=16.240  dt=15.2s  total=4990s
update= 155  reward=+0.000  eps=0  samples=32  loss=-0.3488  ploss=-0.0000  vloss=0.2987  ent=16.602  dt=13.2s  total=5003s
update= 156  reward=+0.000  eps=0  samples=32  loss=-0.4132  ploss=-0.0000  vloss=0.0353  ent=14.363  dt=13.5s  total=5017s
update= 157  reward=+0.000  eps=0  samples=32  loss=-0.3424  ploss=-0.0000  vloss=0.1456  ent=13.839  dt=11.7s  total=5028s
update= 158  reward=+0.000  eps=0  samples=32  loss=-0.3868  ploss=-0.0000  vloss=0.1833  ent=15.946  dt=11.4s  total=5040s
update= 159  reward=+0.000  eps=0  samples=32  loss=-0.4530  ploss=-0.0001  vloss=0.0418  ent=15.793  dt=12.7s  total=5053s
update= 160  reward=-1.174  eps=1  samples=32  loss=-0.0882  ploss=-0.0000  vloss=0.0014  ent=2.963  dt=15.3s  total=5068s
update= 161  reward=+0.000  eps=0  samples=32  loss=-0.1589  ploss=0.0000  vloss=0.0386  ent=5.940  dt=11.9s  total=5080s
update= 162  reward=+0.000  eps=0  samples=32  loss=0.0235  ploss=-0.0000  vloss=0.1069  ent=0.998  dt=10.8s  total=5091s
update= 163  reward=-4.560  eps=1  samples=32  loss=0.2187  ploss=-0.0000  vloss=0.4374  ent=0.000  dt=9.3s  total=5100s
update= 164  reward=+0.000  eps=0  samples=32  loss=-0.0245  ploss=-0.0000  vloss=0.0072  ent=0.936  dt=23.1s  total=5123s
update= 165  reward=+0.000  eps=0  samples=32  loss=0.2458  ploss=0.0000  vloss=0.6359  ent=2.404  dt=7.7s  total=5131s
update= 166  reward=+0.000  eps=0  samples=32  loss=0.1874  ploss=0.0000  vloss=0.3859  ent=0.186  dt=3.9s  total=5135s
update= 167  reward=+0.000  eps=0  samples=32  loss=0.1832  ploss=0.0000  vloss=0.3665  ent=0.000  dt=1.6s  total=5136s
update= 168  reward=+0.000  eps=0  samples=32  loss=0.2386  ploss=-0.0000  vloss=0.4772  ent=0.000  dt=1.9s  total=5138s
update= 169  reward=-1.720  eps=1  samples=32  loss=-0.0403  ploss=0.0000  vloss=0.0443  ent=2.082  dt=2.3s  total=5140s
update= 170  reward=+0.000  eps=0  samples=32  loss=-0.1964  ploss=-0.0000  vloss=0.0373  ent=7.168  dt=3.4s  total=5144s
update= 171  reward=+0.000  eps=0  samples=32  loss=-0.6067  ploss=-0.0001  vloss=0.0780  ent=21.523  dt=7.0s  total=5151s
update= 172  reward=+0.000  eps=0  samples=32  loss=-0.8882  ploss=0.0000  vloss=0.0734  ent=30.831  dt=11.9s  total=5163s
update= 173  reward=+0.000  eps=0  samples=32  loss=-1.1232  ploss=-0.0000  vloss=0.0971  ent=39.058  dt=17.3s  total=5180s
update= 174  reward=+0.000  eps=0  samples=32  loss=-1.5176  ploss=-0.0001  vloss=0.1274  ent=52.708  dt=19.3s  total=5199s
update= 175  reward=+0.000  eps=0  samples=32  loss=-1.2982  ploss=-0.0003  vloss=0.0549  ent=44.179  dt=18.9s  total=5218s
update= 176  reward=+0.000  eps=0  samples=32  loss=-1.3210  ploss=-0.0000  vloss=0.0448  ent=44.777  dt=14.2s  total=5232s
update= 177  reward=+0.000  eps=0  samples=32  loss=-1.7450  ploss=-0.0001  vloss=0.0240  ent=58.566  dt=14.9s  total=5247s
update= 178  reward=+0.000  eps=0  samples=32  loss=-1.3179  ploss=-0.0001  vloss=0.0025  ent=43.967  dt=15.7s  total=5263s
update= 179  reward=+0.000  eps=0  samples=32  loss=-1.4205  ploss=-0.0002  vloss=0.0864  ent=48.784  dt=15.8s  total=5279s
update= 180  reward=+0.000  eps=0  samples=32  loss=-1.8170  ploss=0.0002  vloss=0.1497  ent=63.068  dt=15.9s  total=5295s
update= 181  reward=+0.000  eps=0  samples=32  loss=-1.5669  ploss=-0.0000  vloss=0.0709  ent=53.410  dt=17.4s  total=5312s
update= 182  reward=+0.000  eps=0  samples=32  loss=-1.6849  ploss=-0.0000  vloss=0.1218  ent=58.193  dt=16.5s  total=5329s
update= 183  reward=+0.000  eps=0  samples=32  loss=-2.0906  ploss=-0.0001  vloss=0.1070  ent=71.465  dt=19.6s  total=5348s
update= 184  reward=+1.522  eps=1  samples=32  loss=-0.7700  ploss=-0.0000  vloss=0.2078  ent=29.128  dt=13.7s  total=5362s
update= 185  reward=+0.000  eps=0  samples=32  loss=-0.0821  ploss=0.0000  vloss=0.0278  ent=3.200  dt=2.4s  total=5364s
update= 186  reward=+0.000  eps=0  samples=32  loss=-0.2493  ploss=-0.0000  vloss=0.0223  ent=8.682  dt=4.4s  total=5369s
update= 187  reward=+0.000  eps=0  samples=32  loss=-0.4350  ploss=-0.0000  vloss=0.0086  ent=14.641  dt=6.8s  total=5375s
update= 188  reward=+0.000  eps=0  samples=32  loss=-0.7377  ploss=-0.0001  vloss=0.0123  ent=24.793  dt=9.2s  total=5385s
update= 189  reward=+0.000  eps=0  samples=32  loss=-0.8156  ploss=0.0000  vloss=0.2779  ent=31.819  dt=9.8s  total=5394s
update= 190  reward=+0.000  eps=0  samples=32  loss=-0.7967  ploss=-0.0000  vloss=0.1162  ent=28.493  dt=13.2s  total=5408s
update= 191  reward=+0.000  eps=0  samples=32  loss=-0.6382  ploss=-0.0001  vloss=0.1826  ent=24.314  dt=14.4s  total=5422s
update= 192  reward=+0.000  eps=0  samples=32  loss=-0.6392  ploss=-0.0000  vloss=0.2700  ent=25.807  dt=13.5s  total=5436s
update= 193  reward=+0.000  eps=0  samples=32  loss=-0.6204  ploss=-0.0001  vloss=0.1806  ent=23.686  dt=11.9s  total=5448s
update= 194  reward=+0.000  eps=0  samples=32  loss=-0.5253  ploss=-0.0000  vloss=0.2152  ent=21.094  dt=11.2s  total=5459s
update= 195  reward=+0.000  eps=0  samples=32  loss=-0.6894  ploss=-0.0001  vloss=0.1339  ent=25.207  dt=11.1s  total=5470s
update= 196  reward=+0.000  eps=0  samples=32  loss=-0.6831  ploss=-0.0000  vloss=0.0313  ent=23.289  dt=11.6s  total=5481s
update= 197  reward=+0.000  eps=0  samples=32  loss=-0.3843  ploss=0.0000  vloss=0.3364  ent=18.416  dt=10.3s  total=5492s
update= 198  reward=+0.000  eps=0  samples=32  loss=-0.3202  ploss=-0.0001  vloss=0.3716  ent=16.864  dt=10.5s  total=5502s
update= 199  reward=+0.000  eps=0  samples=32  loss=-0.4833  ploss=-0.0002  vloss=0.0941  ent=17.671  dt=10.6s  total=5513s
update= 200  reward=-1.688  eps=1  samples=32  loss=-0.1727  ploss=0.0000  vloss=0.0258  ent=6.187  dt=13.4s  total=5526s

  Running eval (10 games)...
    vs apex: W=0% L=100% T=0% (n=10)
    vs random: W=60% L=40% T=0% (n=10)

  -> saved checkpoint at update 200

Training complete. Total time: 7869s
