V2 Config: hparam_more_epochs, device=cpu, updates=200
  envs=1, rollout_steps=32, opponent=apex
  OrbitNet params: 517,891
  MixedScheduler: 4p_prob=0.0, rule_based=0.5->0.1 over 1000 updates

=== PPO training (updates 1..200, 200 remaining) ===
update=   1  reward=+0.000  eps=0  samples=32  loss=-0.0595  ploss=-0.0017  vloss=0.0143  ent=2.165  dt=15.4s  total=15s
update=   2  reward=+0.000  eps=0  samples=32  loss=-0.1202  ploss=-0.0046  vloss=0.0544  ent=4.760  dt=10.4s  total=26s
update=   3  reward=+0.000  eps=0  samples=32  loss=0.1734  ploss=-0.0005  vloss=0.3897  ent=0.701  dt=8.5s  total=34s
update=   4  reward=-2.344  eps=1  samples=32  loss=-0.0016  ploss=-0.0009  vloss=0.0909  ent=1.538  dt=5.6s  total=40s
update=   5  reward=+0.000  eps=0  samples=32  loss=-0.1830  ploss=-0.0037  vloss=0.0026  ent=6.020  dt=8.2s  total=48s
update=   6  reward=+0.000  eps=0  samples=32  loss=-0.5143  ploss=-0.0060  vloss=0.0078  ent=17.076  dt=9.4s  total=57s
update=   7  reward=+0.000  eps=0  samples=32  loss=-0.5227  ploss=-0.0308  vloss=0.0232  ent=16.785  dt=11.4s  total=69s
update=   8  reward=+0.000  eps=0  samples=32  loss=-0.5087  ploss=-0.0574  vloss=0.0619  ent=16.074  dt=18.2s  total=87s
update=   9  reward=+0.000  eps=0  samples=32  loss=-0.3961  ploss=-0.0004  vloss=0.0829  ent=14.571  dt=20.8s  total=108s
update=  10  reward=+0.000  eps=0  samples=32  loss=-0.2124  ploss=-0.0064  vloss=0.0725  ent=8.074  dt=19.7s  total=127s
update=  11  reward=+0.000  eps=0  samples=32  loss=-0.0270  ploss=0.0094  vloss=0.2115  ent=4.739  dt=17.8s  total=145s
update=  12  reward=+0.000  eps=0  samples=32  loss=0.0554  ploss=0.0018  vloss=0.2527  ent=2.426  dt=19.7s  total=165s
update=  13  reward=+0.000  eps=0  samples=32  loss=-0.0052  ploss=0.0006  vloss=0.0475  ent=0.983  dt=15.9s  total=181s
update=  14  reward=+0.000  eps=0  samples=32  loss=0.5803  ploss=-0.0001  vloss=1.1659  ent=0.086  dt=17.2s  total=198s
update=  15  reward=-1.000  eps=1  samples=32  loss=0.0717  ploss=-0.0001  vloss=0.2024  ent=0.981  dt=4.4s  total=202s
update=  16  reward=+0.000  eps=0  samples=32  loss=-0.0671  ploss=-0.0010  vloss=0.0240  ent=2.604  dt=3.5s  total=206s
update=  17  reward=+0.000  eps=0  samples=32  loss=-0.0998  ploss=-0.0011  vloss=0.0223  ent=3.661  dt=5.2s  total=211s
update=  18  reward=+0.000  eps=0  samples=32  loss=-0.2666  ploss=-0.0192  vloss=0.0081  ent=8.382  dt=5.0s  total=216s
update=  19  reward=+0.000  eps=0  samples=32  loss=-0.4651  ploss=-0.0041  vloss=0.0141  ent=15.602  dt=6.3s  total=222s
update=  20  reward=+0.000  eps=0  samples=32  loss=-0.9422  ploss=-0.0429  vloss=0.0377  ent=30.604  dt=10.2s  total=233s
update=  21  reward=+0.000  eps=0  samples=32  loss=-1.0210  ploss=-0.0429  vloss=0.0128  ent=32.815  dt=16.9s  total=250s
update=  22  reward=+0.000  eps=0  samples=32  loss=-1.2714  ploss=-0.0276  vloss=0.0206  ent=41.803  dt=16.5s  total=266s
update=  23  reward=+0.000  eps=0  samples=32  loss=-1.5384  ploss=-0.0283  vloss=0.0257  ent=50.764  dt=22.1s  total=288s
update=  24  reward=+0.000  eps=0  samples=32  loss=-1.3920  ploss=-0.0226  vloss=0.0037  ent=45.710  dt=20.5s  total=309s
update=  25  reward=+0.000  eps=0  samples=32  loss=-1.3727  ploss=-0.0279  vloss=0.0122  ent=45.030  dt=16.3s  total=325s
update=  26  reward=+0.000  eps=0  samples=32  loss=-1.7716  ploss=-0.0432  vloss=0.0489  ent=58.428  dt=16.6s  total=342s
update=  27  reward=+0.000  eps=0  samples=32  loss=-1.4492  ploss=-0.0160  vloss=0.0036  ent=47.834  dt=20.4s  total=362s
update=  28  reward=+0.000  eps=0  samples=32  loss=-1.4205  ploss=-0.0485  vloss=0.0057  ent=45.828  dt=18.3s  total=380s
update=  29  reward=+0.000  eps=0  samples=32  loss=-1.6579  ploss=-0.0258  vloss=0.0355  ent=54.995  dt=17.8s  total=398s
update=  30  reward=+0.582  eps=1  samples=32  loss=-0.4152  ploss=-0.0115  vloss=0.0780  ent=14.757  dt=23.0s  total=421s
update=  31  reward=+0.000  eps=0  samples=32  loss=-0.0272  ploss=-0.0103  vloss=0.1573  ent=3.185  dt=20.8s  total=442s
update=  32  reward=+0.000  eps=0  samples=32  loss=0.2913  ploss=-0.0005  vloss=1.0256  ent=7.366  dt=14.0s  total=456s
update=  33  reward=+0.000  eps=0  samples=32  loss=0.7261  ploss=-0.0011  vloss=1.5901  ent=2.262  dt=7.1s  total=463s
update=  34  reward=-5.424  eps=1  samples=32  loss=0.5251  ploss=-0.0002  vloss=1.0712  ent=0.345  dt=3.8s  total=467s
update=  35  reward=+0.000  eps=0  samples=32  loss=-0.1717  ploss=-0.0002  vloss=0.0054  ent=5.808  dt=3.8s  total=470s
update=  36  reward=+0.000  eps=0  samples=32  loss=-0.5399  ploss=-0.0036  vloss=0.0059  ent=17.974  dt=6.4s  total=477s
update=  37  reward=+0.000  eps=0  samples=32  loss=-0.9341  ploss=-0.0010  vloss=0.0030  ent=31.154  dt=10.8s  total=488s
update=  38  reward=+0.000  eps=0  samples=32  loss=-0.9648  ploss=-0.0098  vloss=0.0005  ent=31.841  dt=11.1s  total=499s
update=  39  reward=+0.000  eps=0  samples=32  loss=-1.1978  ploss=-0.0101  vloss=0.0867  ent=41.037  dt=11.3s  total=510s
update=  40  reward=+0.000  eps=0  samples=32  loss=-1.6066  ploss=-0.0365  vloss=0.0426  ent=53.047  dt=17.8s  total=528s
update=  41  reward=+0.000  eps=0  samples=32  loss=-1.5983  ploss=-0.0421  vloss=0.1389  ent=54.189  dt=16.4s  total=544s
update=  42  reward=+0.000  eps=0  samples=32  loss=-1.6961  ploss=-0.0011  vloss=0.0820  ent=57.867  dt=18.4s  total=563s
update=  43  reward=+0.000  eps=0  samples=32  loss=-1.9742  ploss=-0.0336  vloss=0.0123  ent=64.889  dt=13.9s  total=577s
update=  44  reward=+0.000  eps=0  samples=32  loss=-1.7975  ploss=-0.0170  vloss=0.0863  ent=60.789  dt=18.2s  total=595s
update=  45  reward=+0.000  eps=0  samples=32  loss=-1.8367  ploss=0.0066  vloss=0.1910  ent=64.626  dt=15.0s  total=610s
update=  46  reward=+0.000  eps=0  samples=32  loss=-2.2080  ploss=-0.0025  vloss=0.0313  ent=74.040  dt=19.0s  total=629s
update=  47  reward=+0.000  eps=0  samples=32  loss=-1.9241  ploss=-0.0025  vloss=0.1038  ent=65.785  dt=16.8s  total=646s
update=  48  reward=+0.000  eps=0  samples=32  loss=-1.9537  ploss=-0.0231  vloss=0.1296  ent=66.514  dt=17.1s  total=663s
update=  49  reward=+0.000  eps=0  samples=32  loss=-2.1533  ploss=-0.0076  vloss=0.1383  ent=73.829  dt=12.6s  total=675s
update=  50  reward=+1.304  eps=1  samples=32  loss=-0.3105  ploss=-0.0040  vloss=0.1051  ent=11.967  dt=8.0s  total=683s
update=  51  reward=+0.000  eps=0  samples=32  loss=-0.0548  ploss=-0.0024  vloss=0.0286  ent=2.223  dt=3.8s  total=687s
update=  52  reward=+0.000  eps=0  samples=32  loss=-0.2384  ploss=-0.0101  vloss=0.0163  ent=7.880  dt=5.2s  total=692s
update=  53  reward=+0.000  eps=0  samples=32  loss=-0.4834  ploss=-0.0177  vloss=0.0036  ent=15.583  dt=8.4s  total=701s
update=  54  reward=+0.000  eps=0  samples=32  loss=-0.6478  ploss=-0.0225  vloss=0.0361  ent=21.446  dt=9.0s  total=710s
update=  55  reward=+0.000  eps=0  samples=32  loss=-0.8535  ploss=-0.0336  vloss=0.0219  ent=27.692  dt=16.4s  total=726s
update=  56  reward=+0.000  eps=0  samples=32  loss=-0.6996  ploss=-0.0237  vloss=0.0533  ent=23.417  dt=14.8s  total=741s
update=  57  reward=+0.000  eps=0  samples=32  loss=-0.6509  ploss=-0.0326  vloss=0.0249  ent=21.025  dt=17.8s  total=759s
update=  58  reward=+0.000  eps=0  samples=32  loss=-0.7768  ploss=-0.0335  vloss=0.0137  ent=25.004  dt=13.9s  total=773s
update=  59  reward=+0.000  eps=0  samples=32  loss=-0.7143  ploss=-0.0162  vloss=0.0279  ent=23.734  dt=15.9s  total=788s
update=  60  reward=+0.000  eps=0  samples=32  loss=-0.6824  ploss=-0.0360  vloss=0.0229  ent=21.931  dt=12.5s  total=801s
update=  61  reward=+0.000  eps=0  samples=32  loss=-0.7217  ploss=-0.0510  vloss=0.1140  ent=24.257  dt=13.1s  total=814s
update=  62  reward=+0.000  eps=0  samples=32  loss=-0.6290  ploss=-0.0210  vloss=0.0454  ent=21.022  dt=13.1s  total=827s
update=  63  reward=+0.000  eps=0  samples=32  loss=-0.6044  ploss=-0.0138  vloss=0.0398  ent=20.348  dt=18.3s  total=845s
update=  64  reward=+0.000  eps=0  samples=32  loss=-0.7131  ploss=-0.0196  vloss=0.0156  ent=23.379  dt=13.1s  total=859s
update=  65  reward=-2.060  eps=1  samples=32  loss=-0.5954  ploss=-0.0120  vloss=0.0888  ent=20.926  dt=12.9s  total=871s
update=  66  reward=+0.000  eps=0  samples=32  loss=-0.0510  ploss=-0.0078  vloss=0.0034  ent=1.498  dt=32.2s  total=904s
update=  67  reward=+0.000  eps=0  samples=32  loss=-0.0763  ploss=0.0027  vloss=0.0055  ent=2.724  dt=19.0s  total=923s
update=  68  reward=+0.000  eps=0  samples=32  loss=0.0442  ploss=-0.0045  vloss=0.1697  ent=1.207  dt=11.2s  total=934s
update=  69  reward=-3.061  eps=1  samples=32  loss=0.0283  ploss=0.0006  vloss=0.0945  ent=0.650  dt=15.9s  total=950s
update=  70  reward=+0.000  eps=0  samples=32  loss=0.1673  ploss=-0.0018  vloss=0.4316  ent=1.558  dt=14.3s  total=964s
update=  71  reward=+0.000  eps=0  samples=32  loss=0.3623  ploss=-0.0000  vloss=0.7246  ent=0.000  dt=8.4s  total=972s
update=  72  reward=+0.000  eps=0  samples=32  loss=0.3612  ploss=-0.0000  vloss=0.7224  ent=0.000  dt=2.8s  total=975s
update=  73  reward=-3.112  eps=1  samples=32  loss=0.0492  ploss=0.0001  vloss=0.1661  ent=1.135  dt=19.0s  total=994s
update=  74  reward=+0.000  eps=0  samples=32  loss=-0.0885  ploss=-0.0016  vloss=0.0152  ent=3.149  dt=19.2s  total=1013s
update=  75  reward=+0.000  eps=0  samples=32  loss=0.1504  ploss=-0.0014  vloss=0.5295  ent=3.766  dt=12.1s  total=1026s
update=  76  reward=+0.000  eps=0  samples=32  loss=0.5227  ploss=0.0000  vloss=1.0453  ent=0.000  dt=4.0s  total=1030s
update=  77  reward=-4.026  eps=1  samples=32  loss=0.1316  ploss=-0.0001  vloss=0.3121  ent=0.810  dt=3.5s  total=1033s
update=  78  reward=+0.000  eps=0  samples=32  loss=-0.0888  ploss=-0.0008  vloss=0.0155  ent=3.190  dt=4.4s  total=1038s
update=  79  reward=+0.000  eps=0  samples=32  loss=-0.3211  ploss=-0.0051  vloss=0.0346  ent=11.109  dt=10.9s  total=1048s
update=  80  reward=+0.000  eps=0  samples=32  loss=-0.2543  ploss=-0.0095  vloss=0.0437  ent=8.888  dt=11.5s  total=1060s
update=  81  reward=+0.000  eps=0  samples=32  loss=-0.2036  ploss=-0.0025  vloss=0.0141  ent=6.937  dt=9.1s  total=1069s
update=  82  reward=+0.000  eps=0  samples=32  loss=-0.2729  ploss=-0.0095  vloss=0.0201  ent=9.115  dt=13.9s  total=1083s
update=  83  reward=+0.000  eps=0  samples=32  loss=-0.2281  ploss=-0.0033  vloss=0.0168  ent=7.775  dt=11.3s  total=1094s
update=  84  reward=+0.000  eps=0  samples=32  loss=-0.1999  ploss=0.0043  vloss=0.0405  ent=7.483  dt=12.8s  total=1107s
update=  85  reward=+0.000  eps=0  samples=32  loss=-0.1696  ploss=-0.0039  vloss=0.1091  ent=7.340  dt=10.6s  total=1118s
update=  86  reward=+0.000  eps=0  samples=32  loss=-0.1354  ploss=0.0014  vloss=0.0289  ent=5.042  dt=11.9s  total=1130s
update=  87  reward=+0.000  eps=0  samples=32  loss=-0.1007  ploss=-0.0001  vloss=0.0639  ent=4.417  dt=13.1s  total=1143s
update=  88  reward=+0.000  eps=0  samples=32  loss=-0.1842  ploss=-0.0027  vloss=0.0320  ent=6.583  dt=9.2s  total=1152s
update=  89  reward=+0.000  eps=0  samples=32  loss=-0.1150  ploss=-0.0088  vloss=0.0859  ent=4.972  dt=10.1s  total=1162s
update=  90  reward=+0.000  eps=0  samples=32  loss=-0.1152  ploss=-0.0116  vloss=0.0739  ent=4.684  dt=13.1s  total=1175s
update=  91  reward=+0.000  eps=0  samples=32  loss=0.0371  ploss=-0.0127  vloss=0.3350  ent=3.921  dt=9.5s  total=1185s
update=  92  reward=+0.000  eps=0  samples=32  loss=-0.0388  ploss=-0.0311  vloss=0.0937  ent=1.821  dt=12.3s  total=1197s
update=  93  reward=-1.252  eps=1  samples=32  loss=0.1064  ploss=-0.0001  vloss=0.3513  ent=2.305  dt=24.3s  total=1221s
update=  94  reward=+0.000  eps=0  samples=32  loss=-0.2087  ploss=-0.0131  vloss=0.0325  ent=7.062  dt=17.3s  total=1239s
update=  95  reward=+0.000  eps=0  samples=32  loss=-0.2087  ploss=-0.0134  vloss=0.0575  ent=7.467  dt=10.7s  total=1249s
update=  96  reward=+0.000  eps=0  samples=32  loss=0.5789  ploss=0.0011  vloss=1.1581  ent=0.043  dt=3.5s  total=1253s
update=  97  reward=-1.544  eps=1  samples=32  loss=0.1715  ploss=-0.0001  vloss=0.4224  ent=1.319  dt=3.8s  total=1257s
update=  98  reward=+0.000  eps=0  samples=32  loss=-0.1595  ploss=-0.0062  vloss=0.0245  ent=5.519  dt=4.1s  total=1261s
update=  99  reward=+0.000  eps=0  samples=32  loss=-0.3946  ploss=-0.0173  vloss=0.0340  ent=13.144  dt=8.4s  total=1269s
update= 100  reward=+0.000  eps=0  samples=32  loss=-0.4576  ploss=-0.0164  vloss=0.0313  ent=15.229  dt=13.5s  total=1283s

  Running eval (10 games)...
    vs apex: W=0% L=100% T=0% (n=10)
    vs random: W=60% L=40% T=0% (n=10)

update= 101  reward=+0.000  eps=0  samples=32  loss=-0.3806  ploss=-0.0240  vloss=0.0193  ent=12.211  dt=10.3s  total=2864s
update= 102  reward=+0.000  eps=0  samples=32  loss=-0.3968  ploss=-0.0365  vloss=0.0186  ent=12.322  dt=11.2s  total=2875s
update= 103  reward=+0.000  eps=0  samples=32  loss=-0.2560  ploss=-0.0048  vloss=0.0492  ent=9.195  dt=10.5s  total=2886s
update= 104  reward=+0.000  eps=0  samples=32  loss=-0.3223  ploss=-0.0126  vloss=0.0072  ent=10.444  dt=10.8s  total=2896s
update= 105  reward=+0.000  eps=0  samples=32  loss=-0.4289  ploss=-0.0117  vloss=0.0203  ent=14.246  dt=15.8s  total=2912s
update= 106  reward=+0.000  eps=0  samples=32  loss=-0.3223  ploss=-0.0064  vloss=0.0105  ent=10.707  dt=11.6s  total=2924s
update= 107  reward=+0.000  eps=0  samples=32  loss=-0.3140  ploss=-0.0088  vloss=0.0078  ent=10.306  dt=10.8s  total=2935s
update= 108  reward=+0.000  eps=0  samples=32  loss=-0.4349  ploss=-0.0205  vloss=0.0216  ent=14.176  dt=10.2s  total=2945s
update= 109  reward=+0.000  eps=0  samples=32  loss=-0.3166  ploss=-0.0022  vloss=0.0478  ent=11.277  dt=16.3s  total=2961s
update= 110  reward=+0.000  eps=0  samples=32  loss=-0.3143  ploss=-0.0096  vloss=0.0099  ent=10.321  dt=9.6s  total=2971s
update= 111  reward=+0.000  eps=0  samples=32  loss=-0.3720  ploss=-0.0308  vloss=0.0076  ent=11.501  dt=12.7s  total=2983s
update= 112  reward=-1.642  eps=1  samples=32  loss=0.1377  ploss=0.0058  vloss=0.6906  ent=7.112  dt=16.1s  total=3000s
update= 113  reward=+0.000  eps=0  samples=32  loss=-0.0978  ploss=-0.0091  vloss=0.0019  ent=2.986  dt=15.6s  total=3015s
update= 114  reward=+0.000  eps=0  samples=32  loss=-0.0703  ploss=-0.0052  vloss=0.1180  ent=4.135  dt=10.8s  total=3026s
update= 115  reward=+0.000  eps=0  samples=32  loss=0.5303  ploss=-0.0020  vloss=1.0792  ent=0.245  dt=5.6s  total=3032s
update= 116  reward=-1.640  eps=1  samples=32  loss=0.0712  ploss=-0.0031  vloss=0.2350  ent=1.440  dt=24.6s  total=3056s
update= 117  reward=+0.000  eps=0  samples=32  loss=-0.1012  ploss=-0.0021  vloss=0.0052  ent=3.392  dt=23.7s  total=3080s
update= 118  reward=+0.000  eps=0  samples=32  loss=-0.0797  ploss=-0.0033  vloss=0.0552  ent=3.468  dt=16.0s  total=3096s
update= 119  reward=+0.000  eps=0  samples=32  loss=0.4198  ploss=-0.0041  vloss=0.9008  ent=0.886  dt=15.5s  total=3111s
update= 120  reward=-3.876  eps=1  samples=32  loss=0.0619  ploss=0.0000  vloss=0.1476  ent=0.398  dt=4.9s  total=3116s
update= 121  reward=+0.000  eps=0  samples=32  loss=-0.0716  ploss=-0.0137  vloss=0.0463  ent=2.703  dt=3.4s  total=3120s
update= 122  reward=+0.000  eps=0  samples=32  loss=-0.2441  ploss=-0.0074  vloss=0.1489  ent=10.371  dt=5.0s  total=3125s
update= 123  reward=+0.000  eps=0  samples=32  loss=-0.5746  ploss=-0.0495  vloss=0.1863  ent=20.608  dt=6.4s  total=3131s
update= 124  reward=+0.000  eps=0  samples=32  loss=-0.8395  ploss=0.0101  vloss=0.9284  ent=43.795  dt=12.0s  total=3143s
update= 125  reward=+0.000  eps=0  samples=32  loss=-1.2645  ploss=-0.0199  vloss=1.3815  ent=64.510  dt=11.0s  total=3154s
update= 126  reward=+0.000  eps=0  samples=32  loss=-1.8667  ploss=-0.0222  vloss=1.0019  ent=78.181  dt=12.9s  total=3167s
update= 127  reward=+0.000  eps=0  samples=32  loss=-1.8390  ploss=-0.0169  vloss=1.6675  ent=88.528  dt=12.8s  total=3180s
update= 128  reward=+4.386  eps=1  samples=32  loss=-1.3686  ploss=-0.0347  vloss=0.4597  ent=52.127  dt=14.5s  total=3194s
update= 129  reward=+0.000  eps=0  samples=32  loss=-0.0386  ploss=-0.0220  vloss=0.1385  ent=2.862  dt=10.0s  total=3204s
update= 130  reward=+0.000  eps=0  samples=32  loss=0.5783  ploss=-0.0150  vloss=1.2410  ent=0.908  dt=8.5s  total=3213s
update= 131  reward=+0.000  eps=0  samples=32  loss=0.3400  ploss=0.0000  vloss=0.6801  ent=0.000  dt=3.2s  total=3216s
update= 132  reward=-1.620  eps=1  samples=32  loss=0.0029  ploss=-0.0012  vloss=0.0322  ent=0.399  dt=6.1s  total=3222s
update= 133  reward=+0.000  eps=0  samples=32  loss=-0.1326  ploss=-0.0412  vloss=0.0010  ent=3.062  dt=4.2s  total=3226s
update= 134  reward=+0.000  eps=0  samples=32  loss=-0.1157  ploss=-0.0218  vloss=0.0013  ent=3.150  dt=3.2s  total=3229s
update= 135  reward=+0.000  eps=0  samples=32  loss=-0.1264  ploss=-0.0332  vloss=0.0033  ent=3.161  dt=3.3s  total=3233s
update= 136  reward=+0.000  eps=0  samples=32  loss=-0.2472  ploss=-0.0490  vloss=0.0018  ent=6.634  dt=6.7s  total=3239s
update= 137  reward=+0.000  eps=0  samples=32  loss=-0.4955  ploss=-0.0362  vloss=0.0032  ent=15.363  dt=6.1s  total=3246s
update= 138  reward=+0.000  eps=0  samples=32  loss=-0.8017  ploss=-0.0626  vloss=0.0069  ent=24.751  dt=9.7s  total=3255s
update= 139  reward=+0.000  eps=0  samples=32  loss=-1.0549  ploss=-0.0451  vloss=0.0243  ent=34.067  dt=16.2s  total=3271s
update= 140  reward=+0.000  eps=0  samples=32  loss=-1.1684  ploss=-0.0415  vloss=0.0218  ent=37.926  dt=17.4s  total=3289s
update= 141  reward=+0.000  eps=0  samples=32  loss=-0.8106  ploss=-0.0307  vloss=0.0740  ent=27.231  dt=19.0s  total=3308s
update= 142  reward=+0.000  eps=0  samples=32  loss=-0.6342  ploss=-0.0302  vloss=0.1077  ent=21.927  dt=21.3s  total=3329s
update= 143  reward=+0.000  eps=0  samples=32  loss=-0.6115  ploss=-0.0291  vloss=0.0208  ent=19.760  dt=17.8s  total=3347s
update= 144  reward=+0.000  eps=0  samples=32  loss=-0.7164  ploss=-0.0528  vloss=0.0156  ent=22.380  dt=16.9s  total=3364s
update= 145  reward=+0.000  eps=0  samples=32  loss=-0.8069  ploss=-0.0291  vloss=0.0133  ent=26.148  dt=18.5s  total=3382s
update= 146  reward=+0.000  eps=0  samples=32  loss=-0.8612  ploss=-0.0355  vloss=0.1261  ent=29.623  dt=18.5s  total=3401s
update= 147  reward=-0.460  eps=1  samples=32  loss=-0.4613  ploss=-0.0360  vloss=0.0395  ent=14.833  dt=12.2s  total=3413s
update= 148  reward=+0.000  eps=0  samples=32  loss=-0.0328  ploss=-0.0211  vloss=0.0203  ent=0.729  dt=3.6s  total=3417s
update= 149  reward=+0.000  eps=0  samples=32  loss=-0.2002  ploss=-0.0391  vloss=0.0077  ent=5.498  dt=5.3s  total=3422s
update= 150  reward=+0.000  eps=0  samples=32  loss=-0.4323  ploss=-0.0355  vloss=0.0260  ent=13.659  dt=6.1s  total=3428s
update= 151  reward=+0.000  eps=0  samples=32  loss=-0.8870  ploss=-0.0666  vloss=0.0683  ent=28.485  dt=12.7s  total=3441s
update= 152  reward=+0.000  eps=0  samples=32  loss=-1.4351  ploss=-0.0353  vloss=0.0200  ent=46.994  dt=13.9s  total=3455s
update= 153  reward=+0.000  eps=0  samples=32  loss=-1.6164  ploss=-0.0446  vloss=0.0216  ent=52.753  dt=17.2s  total=3472s
update= 154  reward=+0.000  eps=0  samples=32  loss=-1.5155  ploss=-0.0610  vloss=0.0054  ent=48.571  dt=18.5s  total=3490s
update= 155  reward=+0.000  eps=0  samples=32  loss=-1.6500  ploss=-0.0096  vloss=0.0064  ent=54.787  dt=17.5s  total=3508s
update= 156  reward=+0.000  eps=0  samples=32  loss=-1.9776  ploss=-0.0351  vloss=0.0043  ent=64.824  dt=13.3s  total=3521s
update= 157  reward=+0.000  eps=0  samples=32  loss=-1.7075  ploss=-0.0430  vloss=0.0140  ent=55.717  dt=13.3s  total=3534s
update= 158  reward=+0.000  eps=0  samples=32  loss=-1.7103  ploss=-0.0487  vloss=0.0179  ent=55.686  dt=20.2s  total=3555s
update= 159  reward=+0.000  eps=0  samples=32  loss=-1.9900  ploss=-0.0373  vloss=0.0954  ent=66.681  dt=20.6s  total=3575s
update= 160  reward=+0.000  eps=0  samples=32  loss=-1.5198  ploss=-0.0261  vloss=0.0793  ent=51.111  dt=23.5s  total=3599s
update= 161  reward=+0.000  eps=0  samples=32  loss=-1.5663  ploss=-0.0222  vloss=0.0313  ent=51.991  dt=20.2s  total=3619s
update= 162  reward=+0.000  eps=0  samples=32  loss=-1.7105  ploss=-0.0312  vloss=0.0206  ent=56.320  dt=24.8s  total=3644s
update= 163  reward=-1.252  eps=1  samples=32  loss=-0.4834  ploss=-0.0310  vloss=0.0318  ent=15.611  dt=19.3s  total=3663s
update= 164  reward=+0.000  eps=0  samples=32  loss=-0.1346  ploss=-0.0372  vloss=0.0142  ent=3.482  dt=16.5s  total=3680s
update= 165  reward=+0.000  eps=0  samples=32  loss=-0.0301  ploss=-0.0453  vloss=0.1595  ent=2.151  dt=14.3s  total=3694s
update= 166  reward=+0.000  eps=0  samples=32  loss=0.2273  ploss=-0.0309  vloss=0.5416  ent=0.420  dt=7.9s  total=3702s
update= 167  reward=-1.528  eps=1  samples=32  loss=0.0273  ploss=-0.0001  vloss=0.0566  ent=0.031  dt=26.4s  total=3728s
update= 168  reward=+0.000  eps=0  samples=32  loss=0.0706  ploss=-0.0048  vloss=0.1524  ent=0.025  dt=15.6s  total=3744s
update= 169  reward=+0.000  eps=0  samples=32  loss=0.1435  ploss=-0.0000  vloss=0.2870  ent=0.000  dt=8.2s  total=3752s
update= 170  reward=-4.756  eps=1  samples=32  loss=0.2525  ploss=-0.0083  vloss=0.5288  ent=0.117  dt=3.9s  total=3756s
update= 171  reward=+0.000  eps=0  samples=32  loss=-0.1004  ploss=-0.0274  vloss=0.0032  ent=2.485  dt=3.6s  total=3759s
update= 172  reward=+0.000  eps=0  samples=32  loss=-0.1868  ploss=-0.0377  vloss=0.0453  ent=5.727  dt=8.0s  total=3767s
update= 173  reward=+0.000  eps=0  samples=32  loss=-0.1929  ploss=0.0004  vloss=0.0533  ent=7.332  dt=13.8s  total=3781s
update= 174  reward=+0.000  eps=0  samples=32  loss=-0.2023  ploss=-0.0182  vloss=0.0143  ent=6.375  dt=16.7s  total=3798s
update= 175  reward=+0.000  eps=0  samples=32  loss=-0.1768  ploss=-0.0140  vloss=0.0396  ent=6.086  dt=17.5s  total=3815s
update= 176  reward=+0.000  eps=0  samples=32  loss=-0.1838  ploss=-0.0461  vloss=0.0277  ent=5.050  dt=20.5s  total=3836s
update= 177  reward=+0.000  eps=0  samples=32  loss=-0.1389  ploss=-0.0325  vloss=0.0165  ent=3.824  dt=22.1s  total=3858s
update= 178  reward=+0.000  eps=0  samples=32  loss=-0.1039  ploss=-0.0169  vloss=0.0082  ent=3.038  dt=20.6s  total=3879s
update= 179  reward=+0.000  eps=0  samples=32  loss=-0.0833  ploss=-0.0456  vloss=0.0323  ent=1.794  dt=18.8s  total=3897s
update= 180  reward=+0.000  eps=0  samples=32  loss=-0.0420  ploss=-0.0094  vloss=0.0186  ent=1.396  dt=20.6s  total=3918s
update= 181  reward=+0.000  eps=0  samples=32  loss=-0.0670  ploss=-0.0194  vloss=0.0071  ent=1.705  dt=24.3s  total=3942s
update= 182  reward=+0.000  eps=0  samples=32  loss=-0.0422  ploss=-0.0024  vloss=0.0080  ent=1.459  dt=22.7s  total=3965s
update= 183  reward=+0.000  eps=0  samples=32  loss=-0.0023  ploss=-0.0038  vloss=0.0142  ent=0.186  dt=23.9s  total=3989s
update= 184  reward=+0.000  eps=0  samples=32  loss=0.0043  ploss=-0.0088  vloss=0.0299  ent=0.059  dt=23.0s  total=4012s
update= 185  reward=+0.000  eps=0  samples=32  loss=-0.0264  ploss=-0.0127  vloss=0.0484  ent=1.262  dt=19.3s  total=4031s
update= 186  reward=-1.330  eps=1  samples=32  loss=0.5772  ploss=-0.0049  vloss=1.2349  ent=1.179  dt=9.0s  total=4040s
update= 187  reward=+0.000  eps=0  samples=32  loss=-0.1168  ploss=-0.0193  vloss=0.0204  ent=3.589  dt=5.7s  total=4046s
update= 188  reward=+0.000  eps=0  samples=32  loss=-0.3319  ploss=-0.0466  vloss=0.0099  ent=9.675  dt=6.9s  total=4053s
update= 189  reward=+0.000  eps=0  samples=32  loss=-0.5335  ploss=-0.0382  vloss=0.0526  ent=17.389  dt=11.4s  total=4064s
update= 190  reward=+0.000  eps=0  samples=32  loss=-0.8760  ploss=-0.0244  vloss=0.0135  ent=28.610  dt=13.7s  total=4078s
update= 191  reward=+0.000  eps=0  samples=32  loss=-1.2259  ploss=-0.0350  vloss=0.0418  ent=40.394  dt=19.4s  total=4097s
update= 192  reward=+0.000  eps=0  samples=32  loss=-1.2048  ploss=-0.0301  vloss=0.0244  ent=39.566  dt=19.4s  total=4117s
update= 193  reward=+0.000  eps=0  samples=32  loss=-1.2711  ploss=-0.0396  vloss=0.0165  ent=41.324  dt=19.9s  total=4137s
update= 194  reward=+0.000  eps=0  samples=32  loss=-1.4383  ploss=-0.0513  vloss=0.0183  ent=46.539  dt=19.6s  total=4156s
update= 195  reward=+0.000  eps=0  samples=32  loss=-1.4129  ploss=-0.0377  vloss=0.0173  ent=46.127  dt=18.0s  total=4174s
update= 196  reward=+0.000  eps=0  samples=32  loss=-1.2492  ploss=-0.0319  vloss=0.0498  ent=41.407  dt=14.0s  total=4188s
update= 197  reward=+0.000  eps=0  samples=32  loss=-1.2438  ploss=-0.0446  vloss=0.0597  ent=40.968  dt=14.7s  total=4203s
update= 198  reward=+0.000  eps=0  samples=32  loss=-1.2740  ploss=-0.0080  vloss=0.1245  ent=44.274  dt=19.6s  total=4223s
update= 199  reward=+0.000  eps=0  samples=32  loss=-1.4376  ploss=-0.0177  vloss=0.0286  ent=47.808  dt=18.6s  total=4241s
update= 200  reward=+0.000  eps=0  samples=32  loss=-1.7034  ploss=-0.0287  vloss=0.0390  ent=56.475  dt=17.9s  total=4259s

  Running eval (10 games)...
    vs apex: W=0% L=100% T=0% (n=10)
    vs random: W=80% L=20% T=0% (n=10)

  -> saved checkpoint at update 200
