Running 10 experiments, 200 updates each, max 3 parallel

=== Batch: ['baseline', 'large_net', 'small_net'] ===
  Starting: baseline — Default V2 config (embed=128, layers=3, lr=3e-4, ent=0.03)
  Starting: large_net — Larger network (embed=256, layers=4, ff=512, ~2M params)
  Starting: small_net — Smaller network (embed=64, layers=2, ff=128, ~135K params)
  Finished: baseline — OK
  Finished: large_net — OK
  Finished: small_net — OK
=== Batch: ['high_lr', 'low_lr', 'high_entropy'] ===
  Starting: high_lr — Higher learning rate (lr=1e-3)
  Starting: low_lr — Lower learning rate (lr=5e-5)
  Starting: high_entropy — Higher entropy coefficient (ent=0.1) for more exploration
  Finished: high_lr — OK
  Finished: low_lr — OK
  Finished: high_entropy — OK
=== Batch: ['low_entropy', 'more_epochs', 'long_rollout'] ===
  Starting: low_entropy — Lower entropy coefficient (ent=0.005) for less exploration
  Starting: more_epochs — More PPO epochs per update (epochs=8 instead of 4)
  Starting: long_rollout — Longer rollouts (128 steps instead of 32)
  Finished: low_entropy — OK
  Finished: more_epochs — OK
  Finished: long_rollout — OK
=== Batch: ['large_batch'] ===
  Starting: large_batch — Larger effective batch (num_envs=2, rollout=64, minibatch=512)
  Finished: large_batch — OK

Results saved to /home/aeschbacher/git/orbit_wars/experiments/results.json

=== Summary ===
Experiment        Updates   Avg Reward   Final Loss  Avg Entropy   Avg dt
--------------------------------------------------------------------------------
baseline              200       -0.066      -0.5894       16.871    12.3s
large_net             200       -0.032       0.0309       27.854    13.7s
small_net             200       -0.016      -0.3490       28.153     8.0s
high_lr               200       -0.250      -1.4183       16.565    10.0s
low_lr                200       -0.152      -0.1727       23.177    11.9s
high_entropy          200       -0.123      -2.0712       14.806    10.2s
low_entropy           200       -0.068       0.1157       28.462    10.5s
more_epochs           200       -0.177      -1.7034       24.177    16.6s
long_rollout          200       -1.831      -0.0385       14.758    25.2s
large_batch           200       -2.251       0.0751       13.233    23.9s
