=== PRIME: collecting demos + BC pretrain (bc_games=100, bc_epochs=50) ===
  prime finished rc=0 in 6228s
  shared BC checkpoint: /home/aeschbacher/git/orbit_wars/experiments/checkpoints/exp2_prime/ckpt_000000.pt

Running 6 experiments, 200 updates, max 3 parallel

=== Batch: ['baseline', 'r1_ent_anneal', 'r2_high_gamma'] ===
  Starting: baseline — v2_bc settings (BC warm start, dense_relative, apex)
  Starting: r1_ent_anneal — R1: anneal entropy 0.01 -> 0.0 over the run (PPG/MAPPO)
  Starting: r2_high_gamma — R2: discount gamma 0.99 -> 0.997 (long-horizon credit; DreamerV3)
  Finished: baseline — OK
  Finished: r1_ent_anneal — OK
  Finished: r2_high_gamma — OK

=== Batch: ['r3_strong_value', 'r4_fast_selfplay', 'r5_no_prod_bonus'] ===
  Starting: r3_strong_value — R3: value-loss weight 0.5 -> 1.0 (PPG-lite / MAPPO value emphasis)
  Starting: r4_fast_selfplay — R4: rule_based decay 1000 -> 150 (self-play sooner; XLand/DeepNash)
  Starting: r5_no_prod_bonus — R5: early_prod_bonus 9.0 -> 0.0 (reward-shaping bias; Go-Explore)
  Finished: r3_strong_value — OK
  Finished: r4_fast_selfplay — OK
  Finished: r5_no_prod_bonus — OK

All experiments complete.
Plot with: uv run python scripts/plot_recommendation_experiments.py
