V2 Config: exp2_r4_fast_selfplay, device=cpu, updates=200
  envs=1, rollout_steps=32, opponent=apex
  OrbitNet params: 517,891
  MixedScheduler: 4p_prob=0.0, rule_based=0.5->0.1 over 150 updates
  Resumed from /home/aeschbacher/git/orbit_wars/experiments/checkpoints/exp2_prime/ckpt_000000.pt at update 0
  Loading demos for imitation (coef=0.499)...
  Loaded 8938 cached demos from /home/aeschbacher/git/orbit_wars/experiments/demos_apex.pkl
  Buffer size: 8938

=== PPO training (updates 1..200, 200 remaining) ===
update=   1  reward=+0.000  eps=0  samples=32  loss=0.0597  ploss=-0.0067  vloss=0.0080  ent=0.028  dt=4.8s  total=5s
update=   2  reward=+0.000  eps=0  samples=32  loss=0.0220  ploss=-0.0197  vloss=0.0220  ent=0.082  dt=5.6s  total=10s
update=   3  reward=+0.000  eps=0  samples=32  loss=0.1250  ploss=0.0000  vloss=0.1321  ent=0.000  dt=5.7s  total=16s
update=   4  reward=-2.432  eps=1  samples=32  loss=0.2333  ploss=-0.0006  vloss=0.3833  ent=0.009  dt=5.8s  total=22s
update=   5  reward=+0.000  eps=0  samples=32  loss=-0.0444  ploss=-0.0628  vloss=0.0020  ent=1.286  dt=4.0s  total=26s
update=   6  reward=+0.000  eps=0  samples=32  loss=-0.0871  ploss=-0.0889  vloss=0.0039  ent=3.051  dt=6.0s  total=32s
update=   7  reward=+0.000  eps=0  samples=32  loss=-0.1783  ploss=-0.1064  vloss=0.0204  ent=11.698  dt=9.8s  total=42s
update=   8  reward=+0.000  eps=0  samples=32  loss=-0.1908  ploss=-0.1067  vloss=0.1074  ent=17.683  dt=14.0s  total=56s
update=   9  reward=+0.000  eps=0  samples=32  loss=-0.2714  ploss=-0.1146  vloss=0.1109  ent=26.108  dt=15.3s  total=71s
update=  10  reward=+0.000  eps=0  samples=32  loss=-0.1446  ploss=-0.1010  vloss=0.4481  ent=32.218  dt=17.9s  total=89s
update=  11  reward=+0.000  eps=0  samples=32  loss=0.0218  ploss=-0.1159  vloss=0.9740  ent=39.927  dt=20.7s  total=110s
update=  12  reward=+0.000  eps=0  samples=32  loss=0.0504  ploss=-0.1161  vloss=1.2230  ent=49.563  dt=21.5s  total=131s
update=  13  reward=+0.000  eps=0  samples=32  loss=-0.0145  ploss=-0.1110  vloss=1.0272  ent=46.154  dt=22.2s  total=153s
update=  14  reward=+0.000  eps=0  samples=32  loss=0.0025  ploss=-0.1085  vloss=1.2486  ent=57.323  dt=21.1s  total=175s
update=  15  reward=+3.584  eps=1  samples=32  loss=-0.0460  ploss=-0.0364  vloss=0.7236  ent=42.516  dt=18.7s  total=193s
update=  16  reward=+0.000  eps=0  samples=32  loss=0.0118  ploss=-0.0340  vloss=0.0142  ent=0.368  dt=16.0s  total=209s
update=  17  reward=+0.000  eps=0  samples=32  loss=0.0825  ploss=-0.0571  vloss=0.2216  ent=1.650  dt=11.1s  total=220s
update=  18  reward=+0.000  eps=0  samples=32  loss=0.3992  ploss=-0.0236  vloss=0.7595  ent=0.319  dt=7.1s  total=227s
update=  19  reward=+0.000  eps=0  samples=32  loss=0.3256  ploss=-0.0000  vloss=0.5389  ent=0.000  dt=2.9s  total=230s
update=  20  reward=-1.526  eps=1  samples=32  loss=0.0600  ploss=-0.0269  vloss=0.1079  ent=0.994  dt=3.3s  total=234s
update=  21  reward=+0.000  eps=0  samples=32  loss=-0.0286  ploss=-0.0562  vloss=0.0111  ent=1.098  dt=4.9s  total=238s
update=  22  reward=+0.000  eps=0  samples=32  loss=-0.0686  ploss=-0.0930  vloss=0.1466  ent=9.044  dt=5.7s  total=244s
update=  23  reward=+0.000  eps=0  samples=32  loss=-0.0688  ploss=-0.1124  vloss=0.3320  ent=16.731  dt=8.6s  total=253s
update=  24  reward=+0.000  eps=0  samples=32  loss=0.0140  ploss=-0.1198  vloss=0.5269  ent=20.740  dt=10.7s  total=263s
update=  25  reward=+4.333  eps=1  samples=32  loss=0.2069  ploss=-0.0572  vloss=1.0549  ent=33.307  dt=10.4s  total=274s
update=  26  reward=+0.000  eps=0  samples=32  loss=0.0461  ploss=-0.0009  vloss=0.0010  ent=0.019  dt=5.1s  total=279s
update=  27  reward=+0.000  eps=0  samples=32  loss=0.0729  ploss=-0.0000  vloss=0.0000  ent=0.000  dt=6.0s  total=285s
update=  28  reward=+0.000  eps=0  samples=32  loss=-0.0146  ploss=-0.0620  vloss=0.0176  ent=1.472  dt=9.0s  total=294s
update=  29  reward=+0.000  eps=0  samples=32  loss=-0.0493  ploss=-0.0748  vloss=0.0055  ent=3.526  dt=8.8s  total=303s
update=  30  reward=+0.000  eps=0  samples=32  loss=0.0840  ploss=-0.0858  vloss=0.3803  ent=7.562  dt=7.9s  total=311s
update=  31  reward=+0.000  eps=0  samples=32  loss=-0.0445  ploss=-0.0968  vloss=0.2180  ent=11.863  dt=10.9s  total=322s
update=  32  reward=+0.000  eps=0  samples=32  loss=0.0788  ploss=-0.1115  vloss=0.4333  ent=8.686  dt=12.6s  total=334s
update=  33  reward=+0.000  eps=0  samples=32  loss=0.0942  ploss=-0.1145  vloss=0.5179  ent=10.520  dt=11.3s  total=345s
update=  34  reward=+0.000  eps=0  samples=32  loss=1.0091  ploss=-0.0956  vloss=2.2279  ent=6.425  dt=10.9s  total=356s
update=  35  reward=+0.000  eps=0  samples=32  loss=0.5387  ploss=-0.0977  vloss=1.2827  ent=4.585  dt=11.3s  total=368s
update=  36  reward=+0.000  eps=0  samples=32  loss=0.7586  ploss=-0.0658  vloss=1.5932  ent=1.427  dt=11.7s  total=379s
update=  37  reward=+0.000  eps=0  samples=32  loss=0.9094  ploss=-0.0768  vloss=1.8894  ent=1.983  dt=11.4s  total=391s
update=  38  reward=+0.000  eps=0  samples=32  loss=1.0274  ploss=-0.0274  vloss=2.0177  ent=0.328  dt=11.2s  total=402s
update=  39  reward=+0.000  eps=0  samples=32  loss=1.2790  ploss=0.0001  vloss=2.4924  ent=0.014  dt=11.7s  total=414s
update=  40  reward=+0.000  eps=0  samples=32  loss=1.3879  ploss=0.0000  vloss=2.6648  ent=0.025  dt=13.4s  total=427s
update=  41  reward=-1.648  eps=1  samples=32  loss=0.0742  ploss=-0.0061  vloss=0.0708  ent=0.361  dt=6.0s  total=433s
update=  42  reward=+0.000  eps=0  samples=32  loss=-0.0523  ploss=-0.0734  vloss=0.0499  ent=4.344  dt=5.8s  total=439s
update=  43  reward=+0.000  eps=0  samples=32  loss=-0.1658  ploss=-0.1065  vloss=0.1432  ent=16.474  dt=12.2s  total=451s
update=  44  reward=+0.000  eps=0  samples=32  loss=-0.0521  ploss=-0.1044  vloss=0.7263  ent=34.689  dt=17.7s  total=469s
update=  45  reward=+0.000  eps=0  samples=32  loss=0.2906  ploss=-0.1218  vloss=1.5979  ent=44.971  dt=22.2s  total=491s
update=  46  reward=+0.000  eps=0  samples=32  loss=0.1767  ploss=-0.1037  vloss=1.7077  ent=63.337  dt=20.3s  total=511s
update=  47  reward=+3.642  eps=1  samples=32  loss=0.0197  ploss=-0.0679  vloss=0.7215  ent=33.751  dt=19.4s  total=531s
update=  48  reward=+0.000  eps=0  samples=32  loss=0.0257  ploss=-0.0136  vloss=0.0066  ent=1.874  dt=15.5s  total=546s
update=  49  reward=+0.000  eps=0  samples=32  loss=0.0347  ploss=-0.0625  vloss=0.1030  ent=1.475  dt=9.2s  total=555s
update=  50  reward=+0.000  eps=0  samples=32  loss=0.2713  ploss=-0.0686  vloss=0.6208  ent=2.249  dt=10.3s  total=566s
update=  51  reward=-4.540  eps=1  samples=32  loss=0.4139  ploss=-0.0429  vloss=0.8588  ent=1.005  dt=5.6s  total=571s
update=  52  reward=+0.000  eps=0  samples=32  loss=0.0437  ploss=0.0000  vloss=0.0078  ent=0.000  dt=3.8s  total=575s
update=  53  reward=+0.000  eps=0  samples=32  loss=-0.0275  ploss=-0.0540  vloss=0.0018  ent=1.030  dt=4.9s  total=580s
update=  54  reward=+0.000  eps=0  samples=32  loss=-0.0619  ploss=-0.0859  vloss=0.0071  ent=3.071  dt=6.6s  total=586s
update=  55  reward=+0.000  eps=0  samples=32  loss=-0.0876  ploss=-0.1033  vloss=0.1512  ent=11.438  dt=7.5s  total=594s
update=  56  reward=+0.000  eps=0  samples=32  loss=-0.1271  ploss=-0.1185  vloss=0.2913  ent=19.808  dt=10.6s  total=605s
update=  57  reward=+0.000  eps=0  samples=32  loss=-0.0243  ploss=-0.0980  vloss=0.6201  ent=30.179  dt=13.7s  total=618s
update=  58  reward=+0.000  eps=0  samples=32  loss=0.1169  ploss=-0.0949  vloss=0.9867  ent=34.536  dt=14.2s  total=632s
update=  59  reward=+0.000  eps=0  samples=32  loss=0.4734  ploss=-0.1192  vloss=1.8764  ent=42.177  dt=14.5s  total=647s
update=  60  reward=+0.000  eps=0  samples=32  loss=0.2158  ploss=-0.1100  vloss=1.4004  ent=41.678  dt=12.2s  total=659s
update=  61  reward=+1.870  eps=1  samples=32  loss=-0.0110  ploss=-0.0592  vloss=0.1428  ent=7.361  dt=5.5s  total=665s
update=  62  reward=+0.000  eps=0  samples=32  loss=0.0418  ploss=-0.0275  vloss=0.0069  ent=1.310  dt=5.6s  total=670s
update=  63  reward=+0.000  eps=0  samples=32  loss=-0.0457  ploss=-0.0777  vloss=0.0088  ent=3.408  dt=4.7s  total=675s
update=  64  reward=+0.000  eps=0  samples=32  loss=-0.0740  ploss=-0.0938  vloss=0.0251  ent=4.809  dt=7.5s  total=682s
update=  65  reward=+0.000  eps=0  samples=32  loss=-0.1084  ploss=-0.0978  vloss=0.0323  ent=9.910  dt=10.0s  total=693s
update=  66  reward=+0.000  eps=0  samples=32  loss=-0.1883  ploss=-0.0884  vloss=0.0567  ent=17.808  dt=11.9s  total=704s
update=  67  reward=+0.000  eps=0  samples=32  loss=-0.1948  ploss=-0.0998  vloss=0.1586  ent=22.603  dt=14.9s  total=719s
update=  68  reward=+0.000  eps=0  samples=32  loss=-0.2360  ploss=-0.1002  vloss=0.0308  ent=21.070  dt=15.6s  total=735s
update=  69  reward=+0.000  eps=0  samples=32  loss=-0.1475  ploss=-0.1048  vloss=0.2232  ent=20.534  dt=16.7s  total=752s
update=  70  reward=+0.000  eps=0  samples=32  loss=0.0584  ploss=-0.0919  vloss=0.3914  ent=11.672  dt=19.1s  total=771s
update=  71  reward=+0.000  eps=0  samples=32  loss=0.5009  ploss=-0.0647  vloss=1.1595  ent=5.906  dt=18.0s  total=789s
update=  72  reward=+0.000  eps=0  samples=32  loss=0.3230  ploss=-0.0740  vloss=0.7081  ent=3.127  dt=21.1s  total=810s
update=  73  reward=+0.000  eps=0  samples=32  loss=0.2970  ploss=-0.0701  vloss=0.6844  ent=3.657  dt=20.0s  total=830s
update=  74  reward=+0.000  eps=0  samples=32  loss=0.3370  ploss=-0.0547  vloss=0.7072  ent=1.356  dt=19.0s  total=849s
update=  75  reward=+0.000  eps=0  samples=32  loss=0.3663  ploss=-0.0582  vloss=0.7754  ent=1.506  dt=20.4s  total=869s
update=  76  reward=-2.996  eps=1  samples=32  loss=0.1688  ploss=-0.0289  vloss=0.2910  ent=0.831  dt=15.4s  total=884s
update=  77  reward=+0.000  eps=0  samples=32  loss=0.0193  ploss=-0.0235  vloss=0.0025  ent=0.398  dt=3.0s  total=888s
update=  78  reward=+0.000  eps=0  samples=32  loss=-0.0083  ploss=-0.0505  vloss=0.0058  ent=2.703  dt=4.2s  total=892s
update=  79  reward=+0.000  eps=0  samples=32  loss=-0.0556  ploss=-0.0837  vloss=0.0020  ent=3.821  dt=6.7s  total=898s
update=  80  reward=+0.000  eps=0  samples=32  loss=-0.0933  ploss=-0.1006  vloss=0.0572  ent=7.173  dt=7.6s  total=906s
update=  81  reward=+0.000  eps=0  samples=32  loss=-0.1265  ploss=-0.0953  vloss=0.0443  ent=8.968  dt=7.4s  total=913s
update=  82  reward=+0.000  eps=0  samples=32  loss=-0.1830  ploss=-0.1108  vloss=0.0161  ent=14.326  dt=10.0s  total=924s
update=  83  reward=+0.000  eps=0  samples=32  loss=-0.1108  ploss=-0.0974  vloss=0.2298  ent=17.393  dt=9.7s  total=933s
update=  84  reward=+0.000  eps=0  samples=32  loss=-0.1200  ploss=-0.1080  vloss=0.3481  ent=25.315  dt=8.8s  total=942s
update=  85  reward=+0.000  eps=0  samples=32  loss=0.0274  ploss=-0.1030  vloss=0.7169  ent=30.817  dt=8.6s  total=951s
update=  86  reward=+0.000  eps=0  samples=32  loss=0.0644  ploss=-0.1072  vloss=0.9943  ent=37.493  dt=9.6s  total=960s
update=  87  reward=+2.172  eps=1  samples=32  loss=-0.0420  ploss=-0.0683  vloss=0.2143  ent=12.077  dt=6.5s  total=967s
update=  88  reward=+0.000  eps=0  samples=32  loss=0.0083  ploss=-0.0391  vloss=0.0011  ent=1.621  dt=5.0s  total=972s
update=  89  reward=+0.000  eps=0  samples=32  loss=0.0085  ploss=-0.0494  vloss=0.0174  ent=1.582  dt=7.3s  total=979s
update=  90  reward=+0.000  eps=0  samples=32  loss=-0.0667  ploss=-0.0783  vloss=0.0432  ent=5.512  dt=13.8s  total=993s
update=  91  reward=+0.000  eps=0  samples=32  loss=-0.1521  ploss=-0.0982  vloss=0.0094  ent=9.881  dt=12.4s  total=1005s
update=  92  reward=+0.000  eps=0  samples=32  loss=-0.1733  ploss=-0.1021  vloss=0.0289  ent=15.048  dt=13.2s  total=1018s
update=  93  reward=+0.000  eps=0  samples=32  loss=-0.2449  ploss=-0.1092  vloss=0.1430  ent=25.063  dt=18.3s  total=1037s
update=  94  reward=+0.000  eps=0  samples=32  loss=-0.3323  ploss=-0.1113  vloss=0.1365  ent=34.456  dt=26.2s  total=1063s
update=  95  reward=+0.000  eps=0  samples=32  loss=-0.3904  ploss=-0.1187  vloss=0.0589  ent=35.532  dt=24.8s  total=1088s
update=  96  reward=+0.000  eps=0  samples=32  loss=-0.3956  ploss=-0.1028  vloss=0.0949  ent=39.341  dt=24.6s  total=1112s
update=  97  reward=+0.000  eps=0  samples=32  loss=-0.3552  ploss=-0.1034  vloss=0.2207  ent=43.924  dt=16.5s  total=1129s
update=  98  reward=+0.000  eps=0  samples=32  loss=-0.5488  ploss=-0.1232  vloss=0.1181  ent=53.582  dt=13.6s  total=1142s
update=  99  reward=+0.000  eps=0  samples=32  loss=-0.5413  ploss=-0.1166  vloss=0.0685  ent=52.156  dt=15.0s  total=1157s
update= 100  reward=+0.000  eps=0  samples=32  loss=-0.1889  ploss=-0.0844  vloss=0.7047  ent=55.433  dt=16.8s  total=1174s

  Running eval (10 games)...
    vs apex: W=0% L=100% T=0% (n=10)
    vs random: W=100% L=0% T=0% (n=10)

  -> saved checkpoint at update 100
update= 101  reward=+0.000  eps=0  samples=32  loss=-0.5180  ploss=-0.1150  vloss=0.4680  ent=69.582  dt=23.6s  total=1767s
update= 102  reward=+1.980  eps=1  samples=32  loss=-0.4789  ploss=-0.0522  vloss=0.1293  ent=55.842  dt=18.2s  total=1785s
update= 103  reward=+0.000  eps=0  samples=32  loss=0.0046  ploss=-0.0604  vloss=0.0051  ent=0.985  dt=3.1s  total=1789s
update= 104  reward=+0.000  eps=0  samples=32  loss=-0.0843  ploss=-0.1037  vloss=0.0048  ent=6.279  dt=4.4s  total=1793s
update= 105  reward=+0.000  eps=0  samples=32  loss=-0.1326  ploss=-0.0863  vloss=0.0443  ent=12.795  dt=5.9s  total=1799s
update= 106  reward=+0.000  eps=0  samples=32  loss=-0.2090  ploss=-0.1171  vloss=0.0885  ent=21.982  dt=8.5s  total=1807s
update= 107  reward=+0.000  eps=0  samples=32  loss=-0.1674  ploss=-0.1116  vloss=0.3803  ent=30.519  dt=11.2s  total=1819s
update= 108  reward=+0.000  eps=0  samples=32  loss=-0.1214  ploss=-0.1185  vloss=0.6240  ent=38.406  dt=10.4s  total=1829s
update= 109  reward=+3.352  eps=1  samples=32  loss=-0.1302  ploss=-0.0509  vloss=0.3073  ent=29.434  dt=8.2s  total=1837s
update= 110  reward=+0.000  eps=0  samples=32  loss=0.0067  ploss=-0.0466  vloss=0.0077  ent=1.302  dt=3.5s  total=1841s
update= 111  reward=+0.000  eps=0  samples=32  loss=-0.0738  ploss=-0.0911  vloss=0.0226  ent=5.646  dt=5.0s  total=1846s
update= 112  reward=+0.000  eps=0  samples=32  loss=-0.1407  ploss=-0.1154  vloss=0.0717  ent=13.225  dt=7.1s  total=1853s
update= 113  reward=+0.000  eps=0  samples=32  loss=-0.0791  ploss=-0.0815  vloss=0.2045  ent=15.737  dt=8.7s  total=1861s
update= 114  reward=+0.000  eps=0  samples=32  loss=-0.0567  ploss=-0.0964  vloss=0.2195  ent=12.823  dt=9.2s  total=1871s
update= 115  reward=+0.000  eps=0  samples=32  loss=0.2428  ploss=-0.0791  vloss=0.7615  ent=12.420  dt=9.1s  total=1880s
update= 116  reward=+0.000  eps=0  samples=32  loss=0.5855  ploss=-0.0728  vloss=1.3129  ent=6.485  dt=9.5s  total=1889s
update= 117  reward=+0.000  eps=0  samples=32  loss=0.9148  ploss=-0.0253  vloss=1.7665  ent=1.896  dt=9.4s  total=1899s
update= 118  reward=+0.000  eps=0  samples=32  loss=0.5212  ploss=-0.0000  vloss=0.8940  ent=0.000  dt=9.0s  total=1908s
update= 119  reward=-1.000  eps=1  samples=32  loss=0.0628  ploss=-0.0080  vloss=0.0044  ent=0.082  dt=16.3s  total=1924s
update= 120  reward=+0.000  eps=0  samples=32  loss=0.0422  ploss=-0.0309  vloss=0.0863  ent=1.258  dt=9.4s  total=1933s
update= 121  reward=+0.000  eps=0  samples=32  loss=0.1098  ploss=-0.0111  vloss=0.1532  ent=0.090  dt=8.5s  total=1942s
update= 122  reward=-4.076  eps=1  samples=32  loss=0.2174  ploss=-0.0036  vloss=0.3285  ent=0.039  dt=4.3s  total=1946s
update= 123  reward=+0.000  eps=0  samples=32  loss=0.0218  ploss=-0.0255  vloss=0.0041  ent=1.192  dt=3.1s  total=1949s
update= 124  reward=+0.000  eps=0  samples=32  loss=0.0054  ploss=-0.0410  vloss=0.0245  ent=2.200  dt=4.1s  total=1953s
update= 125  reward=+0.000  eps=0  samples=32  loss=-0.0541  ploss=-0.0683  vloss=0.0592  ent=5.796  dt=7.9s  total=1961s
update= 126  reward=+0.000  eps=0  samples=32  loss=-0.1932  ploss=-0.1013  vloss=0.0447  ent=17.911  dt=9.3s  total=1971s
update= 127  reward=+0.000  eps=0  samples=32  loss=-0.3150  ploss=-0.1060  vloss=0.0283  ent=29.223  dt=14.5s  total=1985s
update= 128  reward=+0.000  eps=0  samples=32  loss=-0.3247  ploss=-0.1052  vloss=0.1334  ent=33.378  dt=19.2s  total=2004s
update= 129  reward=+0.000  eps=0  samples=32  loss=-0.3178  ploss=-0.1067  vloss=0.0981  ent=32.222  dt=20.3s  total=2024s
update= 130  reward=+0.000  eps=0  samples=32  loss=-0.2637  ploss=-0.1029  vloss=0.1910  ent=29.551  dt=20.0s  total=2044s
update= 131  reward=+0.000  eps=0  samples=32  loss=-0.0692  ploss=-0.0725  vloss=0.3580  ent=23.630  dt=20.3s  total=2065s
update= 132  reward=+0.000  eps=0  samples=32  loss=0.2784  ploss=-0.0906  vloss=0.9009  ent=13.855  dt=19.5s  total=2084s
update= 133  reward=+0.000  eps=0  samples=32  loss=0.5815  ploss=-0.0467  vloss=1.2331  ent=3.615  dt=20.8s  total=2105s
update= 134  reward=+0.000  eps=0  samples=32  loss=0.4040  ploss=-0.0158  vloss=0.6969  ent=0.845  dt=23.4s  total=2129s
update= 135  reward=+0.000  eps=0  samples=32  loss=0.5343  ploss=0.0000  vloss=0.9297  ent=0.000  dt=23.4s  total=2152s
update= 136  reward=-2.748  eps=1  samples=32  loss=0.1696  ploss=-0.0029  vloss=0.1829  ent=0.044  dt=10.1s  total=2162s
update= 137  reward=+0.000  eps=0  samples=32  loss=0.0365  ploss=-0.0148  vloss=0.0077  ent=0.100  dt=4.2s  total=2166s
update= 138  reward=+0.000  eps=0  samples=32  loss=-0.0278  ploss=-0.0628  vloss=0.0440  ent=4.024  dt=5.3s  total=2171s
update= 139  reward=+0.000  eps=0  samples=32  loss=-0.1082  ploss=-0.0998  vloss=0.0748  ent=11.666  dt=6.1s  total=2178s
update= 140  reward=+0.000  eps=0  samples=32  loss=0.1028  ploss=-0.1008  vloss=0.7157  ent=22.121  dt=7.8s  total=2185s
update= 141  reward=+0.000  eps=0  samples=32  loss=0.2516  ploss=-0.1122  vloss=1.3603  ent=36.469  dt=9.8s  total=2195s
update= 142  reward=+0.000  eps=0  samples=32  loss=0.2704  ploss=-0.0976  vloss=1.3698  ent=37.397  dt=9.9s  total=2205s
update= 143  reward=+1.304  eps=1  samples=32  loss=-0.0024  ploss=-0.0519  vloss=0.0371  ent=4.258  dt=4.0s  total=2209s
update= 144  reward=+0.000  eps=0  samples=32  loss=-0.0284  ploss=-0.0718  vloss=0.0240  ent=2.515  dt=4.5s  total=2214s
update= 145  reward=+0.000  eps=0  samples=32  loss=-0.0479  ploss=-0.0835  vloss=0.0950  ent=7.824  dt=5.5s  total=2219s
update= 146  reward=+0.000  eps=0  samples=32  loss=-0.1104  ploss=-0.1010  vloss=0.1092  ent=12.665  dt=9.2s  total=2228s
update= 147  reward=+0.000  eps=0  samples=32  loss=-0.1409  ploss=-0.1004  vloss=0.0629  ent=14.384  dt=11.1s  total=2239s
update= 148  reward=+0.000  eps=0  samples=32  loss=0.5291  ploss=-0.1001  vloss=1.3561  ent=12.724  dt=10.5s  total=2250s
update= 149  reward=+0.000  eps=0  samples=32  loss=0.8486  ploss=-0.0701  vloss=1.8394  ent=6.081  dt=10.8s  total=2261s
update= 150  reward=+0.000  eps=0  samples=32  loss=0.6129  ploss=-0.0208  vloss=1.1635  ent=0.345  dt=11.1s  total=2272s
update= 151  reward=+0.000  eps=0  samples=32  loss=0.5253  ploss=0.0000  vloss=0.8982  ent=0.000  dt=10.4s  total=2282s
update= 152  reward=-2.280  eps=1  samples=32  loss=0.1282  ploss=-0.0273  vloss=0.2572  ent=0.354  dt=5.1s  total=2287s
update= 153  reward=+0.000  eps=0  samples=32  loss=-0.0071  ploss=-0.0700  vloss=0.0393  ent=1.907  dt=5.0s  total=2292s
update= 154  reward=+0.000  eps=0  samples=32  loss=-0.0362  ploss=-0.0734  vloss=0.0860  ent=7.464  dt=5.0s  total=2298s
update= 155  reward=+0.000  eps=0  samples=32  loss=-0.1316  ploss=-0.1049  vloss=0.3091  ent=24.478  dt=8.2s  total=2306s
update= 156  reward=+0.000  eps=0  samples=32  loss=0.0106  ploss=-0.0942  vloss=1.1788  ent=54.349  dt=14.0s  total=2320s
update= 157  reward=+0.000  eps=0  samples=32  loss=0.0331  ploss=-0.1151  vloss=1.7291  ent=78.156  dt=16.5s  total=2336s
update= 158  reward=+5.686  eps=1  samples=32  loss=-0.3006  ploss=-0.0746  vloss=1.0457  ent=80.033  dt=16.6s  total=2353s
update= 159  reward=+0.000  eps=0  samples=32  loss=0.0112  ploss=-0.0256  vloss=0.0028  ent=0.547  dt=3.3s  total=2356s
update= 160  reward=+0.000  eps=0  samples=32  loss=0.0326  ploss=-0.0380  vloss=0.0890  ent=3.158  dt=5.4s  total=2362s
update= 161  reward=+0.000  eps=0  samples=32  loss=-0.1910  ploss=-0.0985  vloss=0.0272  ent=17.408  dt=7.7s  total=2369s
update= 162  reward=+0.000  eps=0  samples=32  loss=-0.2078  ploss=-0.1091  vloss=0.1960  ent=26.408  dt=13.7s  total=2383s
update= 163  reward=+0.000  eps=0  samples=32  loss=-0.3481  ploss=-0.1014  vloss=0.0526  ent=34.414  dt=20.1s  total=2403s
update= 164  reward=+0.000  eps=0  samples=32  loss=-0.3579  ploss=-0.1079  vloss=0.2689  ent=42.383  dt=18.3s  total=2421s
update= 165  reward=+0.000  eps=0  samples=32  loss=-0.3062  ploss=-0.1167  vloss=0.2508  ent=37.225  dt=15.5s  total=2437s
update= 166  reward=+0.000  eps=0  samples=32  loss=-0.4152  ploss=-0.0909  vloss=0.0930  ent=44.204  dt=17.2s  total=2454s
update= 167  reward=+0.000  eps=0  samples=32  loss=-0.4370  ploss=-0.1146  vloss=0.2343  ent=53.724  dt=16.3s  total=2471s
update= 168  reward=+0.000  eps=0  samples=32  loss=-0.3792  ploss=-0.1075  vloss=0.5835  ent=63.139  dt=16.7s  total=2487s
update= 169  reward=+0.000  eps=0  samples=32  loss=-0.4377  ploss=-0.1055  vloss=0.4807  ent=63.423  dt=15.8s  total=2503s
update= 170  reward=+4.154  eps=1  samples=32  loss=-0.6142  ploss=-0.1206  vloss=0.3197  ent=71.918  dt=17.2s  total=2520s
update= 171  reward=+0.000  eps=0  samples=32  loss=0.0769  ploss=-0.0175  vloss=0.0343  ent=0.278  dt=3.4s  total=2524s
update= 172  reward=+0.000  eps=0  samples=32  loss=-0.0453  ploss=-0.0729  vloss=0.0155  ent=3.669  dt=4.8s  total=2528s
update= 173  reward=+0.000  eps=0  samples=32  loss=-0.0731  ploss=-0.0838  vloss=0.0485  ent=8.697  dt=7.3s  total=2536s
update= 174  reward=+0.000  eps=0  samples=32  loss=-0.1437  ploss=-0.0893  vloss=0.0373  ent=14.593  dt=7.2s  total=2543s
update= 175  reward=+0.000  eps=0  samples=32  loss=-0.1533  ploss=-0.0824  vloss=0.1099  ent=21.234  dt=7.5s  total=2550s
update= 176  reward=+0.000  eps=0  samples=32  loss=-0.2072  ploss=-0.1020  vloss=0.2903  ent=33.348  dt=9.5s  total=2560s
update= 177  reward=+0.000  eps=0  samples=32  loss=-0.2033  ploss=-0.0927  vloss=0.3651  ent=36.783  dt=8.4s  total=2568s
update= 178  reward=+1.520  eps=1  samples=32  loss=0.0297  ploss=-0.0558  vloss=0.1875  ent=8.255  dt=4.6s  total=2573s
update= 179  reward=+0.000  eps=0  samples=32  loss=0.0674  ploss=-0.0432  vloss=0.0410  ent=1.343  dt=5.9s  total=2579s
update= 180  reward=+0.000  eps=0  samples=32  loss=-0.0289  ploss=-0.0805  vloss=0.1112  ent=8.470  dt=6.5s  total=2585s
update= 181  reward=+0.000  eps=0  samples=32  loss=0.9588  ploss=-0.0697  vloss=2.0626  ent=9.862  dt=9.6s  total=2595s
update= 182  reward=+0.000  eps=0  samples=32  loss=0.9152  ploss=-0.0315  vloss=1.8014  ent=3.464  dt=15.1s  total=2610s
update= 183  reward=-6.332  eps=1  samples=32  loss=0.4213  ploss=-0.0098  vloss=0.7124  ent=0.281  dt=11.8s  total=2622s
update= 184  reward=+0.000  eps=0  samples=32  loss=-0.0084  ploss=-0.0544  vloss=0.0098  ent=1.682  dt=3.5s  total=2625s
update= 185  reward=+0.000  eps=0  samples=32  loss=-0.0530  ploss=-0.0810  vloss=0.0614  ent=7.159  dt=6.9s  total=2632s
update= 186  reward=+0.000  eps=0  samples=32  loss=-0.1625  ploss=-0.1009  vloss=0.0499  ent=17.300  dt=9.0s  total=2641s
update= 187  reward=+0.000  eps=0  samples=32  loss=-0.2305  ploss=-0.0923  vloss=0.0237  ent=23.886  dt=15.2s  total=2656s
update= 188  reward=+0.000  eps=0  samples=32  loss=-0.2370  ploss=-0.0686  vloss=0.0462  ent=24.504  dt=15.3s  total=2672s
update= 189  reward=+0.000  eps=0  samples=32  loss=-0.2687  ploss=-0.0761  vloss=0.0610  ent=29.698  dt=14.2s  total=2686s
update= 190  reward=+0.000  eps=0  samples=32  loss=-0.2068  ploss=-0.0741  vloss=0.0283  ent=23.211  dt=13.9s  total=2700s
update= 191  reward=+0.000  eps=0  samples=32  loss=-0.1326  ploss=-0.0745  vloss=0.0927  ent=18.336  dt=14.1s  total=2714s
update= 192  reward=+0.000  eps=0  samples=32  loss=-0.0854  ploss=-0.0855  vloss=0.1087  ent=12.724  dt=14.1s  total=2728s
update= 193  reward=+0.000  eps=0  samples=32  loss=0.2767  ploss=-0.0669  vloss=0.6300  ent=6.689  dt=10.6s  total=2739s
update= 194  reward=+0.000  eps=0  samples=32  loss=0.0222  ploss=-0.0528  vloss=0.0526  ent=3.821  dt=10.5s  total=2749s
update= 195  reward=+0.000  eps=0  samples=32  loss=0.1603  ploss=-0.0316  vloss=0.3030  ent=1.093  dt=10.6s  total=2760s
update= 196  reward=-4.188  eps=1  samples=32  loss=0.4733  ploss=-0.0010  vloss=0.8097  ent=0.017  dt=8.4s  total=2768s
update= 197  reward=+0.000  eps=0  samples=32  loss=0.0832  ploss=-0.0000  vloss=0.0202  ent=0.000  dt=5.3s  total=2773s
update= 198  reward=+0.000  eps=0  samples=32  loss=0.0679  ploss=-0.0040  vloss=0.0094  ent=0.173  dt=7.8s  total=2781s
update= 199  reward=+0.000  eps=0  samples=32  loss=-0.0389  ploss=-0.0600  vloss=0.0225  ent=4.935  dt=7.9s  total=2789s
update= 200  reward=+0.000  eps=0  samples=32  loss=-0.0864  ploss=-0.0730  vloss=0.0220  ent=8.761  dt=9.2s  total=2798s

  Running eval (10 games)...
    vs apex: W=0% L=100% T=0% (n=10)
    vs random: W=100% L=0% T=0% (n=10)

  -> saved checkpoint at update 200
